[ 2017-06-06T17:41:50+08:00 ] 127.0.0.1 /SingCms/index.php?c=Index&a=index
INFO: [ app_init ] --START--
INFO: Run Behavior\BuildLiteBehavior [ RunTime:0.000000s ]
INFO: [ app_init ] --END-- [ RunTime:0.001000s ]
INFO: [ app_begin ] --START--
INFO: Run Behavior\ReadHtmlCacheBehavior [ RunTime:0.001000s ]
INFO: [ app_begin ] --END-- [ RunTime:0.001000s ]
NOTIC: [2048] Declaration of Home\Controller\CommonController::error() should be compatible with Think\Controller::error($message = '', $jumpUrl = '', $ajax = false) D:\wampInstall\www\SingCms\Application\Home\Controller\CommonController.class.php 第 24 行.
NOTIC: [2048] Declaration of Common\Model\NewsModel::find() should be compatible with Think\Model::find($options = Array) D:\wampInstall\www\SingCms\Application\Common\Model\NewsModel.class.php 第 9 行.
SQL: SHOW COLUMNS FROM `cms_news` [ RunTime:0.0040s ]
SQL: SELECT * FROM `cms_news` WHERE `status` = 1 ORDER BY count desc,news_id desc  LIMIT 10   [ RunTime:0.0000s ]
NOTIC: [2048] Declaration of Common\Model\PositionContentModel::find() should be compatible with Think\Model::find($options = Array) D:\wampInstall\www\SingCms\Application\Common\Model\PositionContentModel.class.php 第 89 行.
SQL: SHOW COLUMNS FROM `cms_position_content` [ RunTime:0.0120s ]
NOTIC: [8] Undefined index: title D:\wampInstall\www\SingCms\Application\Common\Model\PositionContentModel.class.php 第 18 行.
SQL: SELECT * FROM `cms_position_content` WHERE `status` = 1 AND `position_id` = 2 ORDER BY listorder desc ,id desc LIMIT 1   [ RunTime:0.0090s ]
NOTIC: [8] Undefined index: title D:\wampInstall\www\SingCms\Application\Common\Model\PositionContentModel.class.php 第 18 行.
SQL: SELECT * FROM `cms_position_content` WHERE `status` = 1 AND `position_id` = 3 ORDER BY listorder desc ,id desc LIMIT 3   [ RunTime:0.0000s ]
SQL: SELECT * FROM `cms_news` WHERE `status` = 1 AND `thumb` <> '' ORDER BY news_id desc LIMIT 30   [ RunTime:0.0010s ]
NOTIC: [8] Undefined index: title D:\wampInstall\www\SingCms\Application\Common\Model\PositionContentModel.class.php 第 18 行.
SQL: SELECT * FROM `cms_position_content` WHERE `status` = 1 AND `position_id` = 5 ORDER BY listorder desc ,id desc LIMIT 2   [ RunTime:0.0010s ]
INFO: [ view_parse ] --START--
INFO: [ template_filter ] --START--
INFO: Run Behavior\ContentReplaceBehavior [ RunTime:0.000000s ]
INFO: [ template_filter ] --END-- [ RunTime:0.001000s ]
NOTIC: [2048] Declaration of Common\Model\BasicModel::save() should be compatible with Think\Model::save($data = '', $options = Array) D:\wampInstall\www\SingCms\Application\Common\Model\BasicModel.class.php 第 30 行.
NOTIC: [2048] Declaration of Common\Model\BasicModel::select() should be compatible with Think\Model::select($options = Array) D:\wampInstall\www\SingCms\Application\Common\Model\BasicModel.class.php 第 30 行.
NOTIC: [2048] Declaration of Common\Model\MenuModel::find() should be compatible with Think\Model::find($options = Array) D:\wampInstall\www\SingCms\Application\Common\Model\MenuModel.class.php 第 92 行.
SQL: SHOW COLUMNS FROM `cms_menu` [ RunTime:0.0030s ]
SQL: SELECT * FROM `cms_menu` WHERE `status` = 1 AND `type` = 0 ORDER BY listorder desc,menu_id desc  [ RunTime:0.0000s ]
NOTIC: [8] Undefined index: keywords D:\wampInstall\www\SingCms\Application\Runtime\Cache\Home\2a94b8bda04ff446dcedd42276fc99ee.php 第 56 行.
NOTIC: [8] Undefined index: keywords D:\wampInstall\www\SingCms\Application\Runtime\Cache\Home\2a94b8bda04ff446dcedd42276fc99ee.php 第 56 行.
NOTIC: [8] Undefined index: keywords D:\wampInstall\www\SingCms\Application\Runtime\Cache\Home\2a94b8bda04ff446dcedd42276fc99ee.php 第 56 行.
NOTIC: [8] Undefined index: keywords D:\wampInstall\www\SingCms\Application\Runtime\Cache\Home\2a94b8bda04ff446dcedd42276fc99ee.php 第 56 行.
NOTIC: [8] Undefined index: keywords D:\wampInstall\www\SingCms\Application\Runtime\Cache\Home\2a94b8bda04ff446dcedd42276fc99ee.php 第 56 行.
NOTIC: [8] Undefined index: keywords D:\wampInstall\www\SingCms\Application\Runtime\Cache\Home\2a94b8bda04ff446dcedd42276fc99ee.php 第 56 行.
NOTIC: [8] Undefined index: keywords D:\wampInstall\www\SingCms\Application\Runtime\Cache\Home\2a94b8bda04ff446dcedd42276fc99ee.php 第 56 行.
NOTIC: [8] Undefined index: keywords D:\wampInstall\www\SingCms\Application\Runtime\Cache\Home\2a94b8bda04ff446dcedd42276fc99ee.php 第 56 行.
NOTIC: [8] Undefined index: keywords D:\wampInstall\www\SingCms\Application\Runtime\Cache\Home\2a94b8bda04ff446dcedd42276fc99ee.php 第 56 行.
NOTIC: [8] Undefined index: keywords D:\wampInstall\www\SingCms\Application\Runtime\Cache\Home\2a94b8bda04ff446dcedd42276fc99ee.php 第 56 行.
NOTIC: [8] Undefined index: keywords D:\wampInstall\www\SingCms\Application\Runtime\Cache\Home\2a94b8bda04ff446dcedd42276fc99ee.php 第 56 行.
NOTIC: [8] Undefined index: keywords D:\wampInstall\www\SingCms\Application\Runtime\Cache\Home\2a94b8bda04ff446dcedd42276fc99ee.php 第 56 行.
NOTIC: [8] Undefined index: keywords D:\wampInstall\www\SingCms\Application\Runtime\Cache\Home\2a94b8bda04ff446dcedd42276fc99ee.php 第 56 行.
NOTIC: [8] Undefined index: keywords D:\wampInstall\www\SingCms\Application\Runtime\Cache\Home\2a94b8bda04ff446dcedd42276fc99ee.php 第 56 行.
NOTIC: [8] Undefined index: small_title D:\wampInstall\www\SingCms\Application\Runtime\Cache\Home\2a94b8bda04ff446dcedd42276fc99ee.php 第 72 行.
NOTIC: [8] Undefined index: small_title D:\wampInstall\www\SingCms\Application\Runtime\Cache\Home\2a94b8bda04ff446dcedd42276fc99ee.php 第 72 行.
NOTIC: [8] Undefined index: small_title D:\wampInstall\www\SingCms\Application\Runtime\Cache\Home\2a94b8bda04ff446dcedd42276fc99ee.php 第 72 行.
NOTIC: [8] Undefined index: small_title D:\wampInstall\www\SingCms\Application\Runtime\Cache\Home\2a94b8bda04ff446dcedd42276fc99ee.php 第 72 行.
NOTIC: [8] Undefined index: small_title D:\wampInstall\www\SingCms\Application\Runtime\Cache\Home\2a94b8bda04ff446dcedd42276fc99ee.php 第 72 行.
NOTIC: [8] Undefined index: small_title D:\wampInstall\www\SingCms\Application\Runtime\Cache\Home\2a94b8bda04ff446dcedd42276fc99ee.php 第 72 行.
NOTIC: [8] Undefined index: small_title D:\wampInstall\www\SingCms\Application\Runtime\Cache\Home\2a94b8bda04ff446dcedd42276fc99ee.php 第 72 行.
NOTIC: [8] Undefined index: small_title D:\wampInstall\www\SingCms\Application\Runtime\Cache\Home\2a94b8bda04ff446dcedd42276fc99ee.php 第 72 行.
NOTIC: [8] Undefined index: small_title D:\wampInstall\www\SingCms\Application\Runtime\Cache\Home\2a94b8bda04ff446dcedd42276fc99ee.php 第 72 行.
NOTIC: [8] Undefined index: small_title D:\wampInstall\www\SingCms\Application\Runtime\Cache\Home\2a94b8bda04ff446dcedd42276fc99ee.php 第 72 行.
NOTIC: [8] Undefined index: name D:\wampInstall\www\SingCms\Application\Runtime\Cache\Home\2a94b8bda04ff446dcedd42276fc99ee.php 第 80 行.
NOTIC: [8] Undefined index: name D:\wampInstall\www\SingCms\Application\Runtime\Cache\Home\2a94b8bda04ff446dcedd42276fc99ee.php 第 80 行.
INFO: Run Behavior\ParseTemplateBehavior [ RunTime:0.038000s ]
INFO: [ view_parse ] --END-- [ RunTime:0.038000s ]
INFO: [ view_filter ] --START--
INFO: Run Behavior\WriteHtmlCacheBehavior [ RunTime:0.001000s ]
INFO: [ view_filter ] --END-- [ RunTime:0.001000s ]
INFO: [ app_end ] --START--
INFO: Run Behavior\ShowPageTraceBehavior [ RunTime:0.001000s ]
INFO: [ app_end ] --END-- [ RunTime:0.001000s ]

[ 2017-06-06T17:44:32+08:00 ] 127.0.0.1 /SingCms/index.php?c=cat&id=3
INFO: [ app_init ] --START--
INFO: Run Behavior\BuildLiteBehavior [ RunTime:0.000000s ]
INFO: [ app_init ] --END-- [ RunTime:0.000000s ]
INFO: [ app_begin ] --START--
INFO: Run Behavior\ReadHtmlCacheBehavior [ RunTime:0.000000s ]
INFO: [ app_begin ] --END-- [ RunTime:0.001000s ]
NOTIC: [2048] Declaration of Home\Controller\CommonController::error() should be compatible with Think\Controller::error($message = '', $jumpUrl = '', $ajax = false) D:\wampInstall\www\SingCms\Application\Home\Controller\CommonController.class.php 第 24 行.
NOTIC: [2048] Declaration of Common\Model\MenuModel::find() should be compatible with Think\Model::find($options = Array) D:\wampInstall\www\SingCms\Application\Common\Model\MenuModel.class.php 第 5 行.
SQL: SHOW COLUMNS FROM `cms_menu` [ RunTime:0.0030s ]
SQL: SELECT * FROM `cms_menu` WHERE ( menu_id=3 ) LIMIT 1   [ RunTime:0.0000s ]
NOTIC: [2048] Declaration of Common\Model\PositionContentModel::find() should be compatible with Think\Model::find($options = Array) D:\wampInstall\www\SingCms\Application\Common\Model\PositionContentModel.class.php 第 89 行.
SQL: SHOW COLUMNS FROM `cms_position_content` [ RunTime:0.0040s ]
NOTIC: [8] Undefined index: title D:\wampInstall\www\SingCms\Application\Common\Model\PositionContentModel.class.php 第 18 行.
SQL: SELECT * FROM `cms_position_content` WHERE `status` = 1 AND `position_id` = 5 ORDER BY listorder desc ,id desc LIMIT 2   [ RunTime:0.0000s ]
NOTIC: [2048] Declaration of Common\Model\NewsModel::find() should be compatible with Think\Model::find($options = Array) D:\wampInstall\www\SingCms\Application\Common\Model\NewsModel.class.php 第 154 行.
SQL: SHOW COLUMNS FROM `cms_news` [ RunTime:0.0040s ]
SQL: SELECT * FROM `cms_news` WHERE `status` = 1 ORDER BY count desc,news_id desc  LIMIT 10   [ RunTime:0.0010s ]
NOTIC: [8] Undefined index: p D:\wampInstall\www\SingCms\Application\Home\Controller\CatController.class.php 第 18 行.
SQL: SELECT * FROM `cms_news` WHERE `status` <> -1 AND `thumb` <> '' AND `catid` = 3 ORDER BY listorder desc ,news_id desc LIMIT 0,20   [ RunTime:0.0010s ]
SQL: SELECT COUNT(*) AS tp_count FROM `cms_news` WHERE `status` <> -1 AND `thumb` <> '' AND `catid` = 3 LIMIT 1   [ RunTime:0.0000s ]
NOTIC: [8] Undefined variable: sing_path D:\wampInstall\www\SingCms\ThinkPHP\Common\functions.php 第 991 行.
INFO: [ view_parse ] --START--
INFO: [ template_filter ] --START--
INFO: Run Behavior\ContentReplaceBehavior [ RunTime:0.000000s ]
INFO: [ template_filter ] --END-- [ RunTime:0.000000s ]
NOTIC: [2048] Declaration of Common\Model\BasicModel::save() should be compatible with Think\Model::save($data = '', $options = Array) D:\wampInstall\www\SingCms\Application\Common\Model\BasicModel.class.php 第 30 行.
NOTIC: [2048] Declaration of Common\Model\BasicModel::select() should be compatible with Think\Model::select($options = Array) D:\wampInstall\www\SingCms\Application\Common\Model\BasicModel.class.php 第 30 行.
SQL: SELECT * FROM `cms_menu` WHERE `status` = 1 AND `type` = 0 ORDER BY listorder desc,menu_id desc  [ RunTime:0.0010s ]
NOTIC: [8] Undefined index: keywords D:\wampInstall\www\SingCms\Application\Runtime\Cache\Home\14fcc139096cfd1d2075eb8db7e60b1e.php 第 43 行.
NOTIC: [8] Undefined index: keywords D:\wampInstall\www\SingCms\Application\Runtime\Cache\Home\14fcc139096cfd1d2075eb8db7e60b1e.php 第 43 行.
NOTIC: [8] Undefined index: keywords D:\wampInstall\www\SingCms\Application\Runtime\Cache\Home\14fcc139096cfd1d2075eb8db7e60b1e.php 第 43 行.
NOTIC: [8] Undefined index: keywords D:\wampInstall\www\SingCms\Application\Runtime\Cache\Home\14fcc139096cfd1d2075eb8db7e60b1e.php 第 43 行.
NOTIC: [8] Undefined index: small_title D:\wampInstall\www\SingCms\Application\Runtime\Cache\Home\14fcc139096cfd1d2075eb8db7e60b1e.php 第 63 行.
NOTIC: [8] Undefined index: small_title D:\wampInstall\www\SingCms\Application\Runtime\Cache\Home\14fcc139096cfd1d2075eb8db7e60b1e.php 第 63 行.
NOTIC: [8] Undefined index: small_title D:\wampInstall\www\SingCms\Application\Runtime\Cache\Home\14fcc139096cfd1d2075eb8db7e60b1e.php 第 63 行.
NOTIC: [8] Undefined index: small_title D:\wampInstall\www\SingCms\Application\Runtime\Cache\Home\14fcc139096cfd1d2075eb8db7e60b1e.php 第 63 行.
NOTIC: [8] Undefined index: small_title D:\wampInstall\www\SingCms\Application\Runtime\Cache\Home\14fcc139096cfd1d2075eb8db7e60b1e.php 第 63 行.
NOTIC: [8] Undefined index: small_title D:\wampInstall\www\SingCms\Application\Runtime\Cache\Home\14fcc139096cfd1d2075eb8db7e60b1e.php 第 63 行.
NOTIC: [8] Undefined index: small_title D:\wampInstall\www\SingCms\Application\Runtime\Cache\Home\14fcc139096cfd1d2075eb8db7e60b1e.php 第 63 行.
NOTIC: [8] Undefined index: small_title D:\wampInstall\www\SingCms\Application\Runtime\Cache\Home\14fcc139096cfd1d2075eb8db7e60b1e.php 第 63 行.
NOTIC: [8] Undefined index: small_title D:\wampInstall\www\SingCms\Application\Runtime\Cache\Home\14fcc139096cfd1d2075eb8db7e60b1e.php 第 63 行.
NOTIC: [8] Undefined index: small_title D:\wampInstall\www\SingCms\Application\Runtime\Cache\Home\14fcc139096cfd1d2075eb8db7e60b1e.php 第 63 行.
NOTIC: [8] Undefined index: name D:\wampInstall\www\SingCms\Application\Runtime\Cache\Home\14fcc139096cfd1d2075eb8db7e60b1e.php 第 71 行.
NOTIC: [8] Undefined index: name D:\wampInstall\www\SingCms\Application\Runtime\Cache\Home\14fcc139096cfd1d2075eb8db7e60b1e.php 第 71 行.
INFO: Run Behavior\ParseTemplateBehavior [ RunTime:0.026000s ]
INFO: [ view_parse ] --END-- [ RunTime:0.027000s ]
INFO: [ view_filter ] --START--
INFO: Run Behavior\WriteHtmlCacheBehavior [ RunTime:0.001000s ]
INFO: [ view_filter ] --END-- [ RunTime:0.001000s ]
INFO: [ app_end ] --START--
INFO: Run Behavior\ShowPageTraceBehavior [ RunTime:0.000000s ]
INFO: [ app_end ] --END-- [ RunTime:0.001000s ]

[ 2017-06-06T17:44:37+08:00 ] 127.0.0.1 /SingCms/index.php?c=cat&id=4
INFO: [ app_init ] --START--
INFO: Run Behavior\BuildLiteBehavior [ RunTime:0.000000s ]
INFO: [ app_init ] --END-- [ RunTime:0.000000s ]
INFO: [ app_begin ] --START--
INFO: Run Behavior\ReadHtmlCacheBehavior [ RunTime:0.001000s ]
INFO: [ app_begin ] --END-- [ RunTime:0.001000s ]
NOTIC: [2048] Declaration of Home\Controller\CommonController::error() should be compatible with Think\Controller::error($message = '', $jumpUrl = '', $ajax = false) D:\wampInstall\www\SingCms\Application\Home\Controller\CommonController.class.php 第 24 行.
NOTIC: [2048] Declaration of Common\Model\MenuModel::find() should be compatible with Think\Model::find($options = Array) D:\wampInstall\www\SingCms\Application\Common\Model\MenuModel.class.php 第 5 行.
SQL: SHOW COLUMNS FROM `cms_menu` [ RunTime:0.0050s ]
SQL: SELECT * FROM `cms_menu` WHERE ( menu_id=4 ) LIMIT 1   [ RunTime:0.0000s ]
NOTIC: [2048] Declaration of Common\Model\PositionContentModel::find() should be compatible with Think\Model::find($options = Array) D:\wampInstall\www\SingCms\Application\Common\Model\PositionContentModel.class.php 第 89 行.
SQL: SHOW COLUMNS FROM `cms_position_content` [ RunTime:0.0040s ]
NOTIC: [8] Undefined index: title D:\wampInstall\www\SingCms\Application\Common\Model\PositionContentModel.class.php 第 18 行.
SQL: SELECT * FROM `cms_position_content` WHERE `status` = 1 AND `position_id` = 5 ORDER BY listorder desc ,id desc LIMIT 2   [ RunTime:0.0000s ]
NOTIC: [2048] Declaration of Common\Model\NewsModel::find() should be compatible with Think\Model::find($options = Array) D:\wampInstall\www\SingCms\Application\Common\Model\NewsModel.class.php 第 154 行.
SQL: SHOW COLUMNS FROM `cms_news` [ RunTime:0.0030s ]
SQL: SELECT * FROM `cms_news` WHERE `status` = 1 ORDER BY count desc,news_id desc  LIMIT 10   [ RunTime:0.0010s ]
NOTIC: [8] Undefined index: p D:\wampInstall\www\SingCms\Application\Home\Controller\CatController.class.php 第 18 行.
SQL: SELECT * FROM `cms_news` WHERE `status` <> -1 AND `thumb` <> '' AND `catid` = 4 ORDER BY listorder desc ,news_id desc LIMIT 0,20   [ RunTime:0.0010s ]
SQL: SELECT COUNT(*) AS tp_count FROM `cms_news` WHERE `status` <> -1 AND `thumb` <> '' AND `catid` = 4 LIMIT 1   [ RunTime:0.0010s ]
NOTIC: [8] Undefined variable: sing_path D:\wampInstall\www\SingCms\ThinkPHP\Common\functions.php 第 991 行.
INFO: [ view_parse ] --START--
INFO: [ template_filter ] --START--
INFO: Run Behavior\ContentReplaceBehavior [ RunTime:0.000000s ]
INFO: [ template_filter ] --END-- [ RunTime:0.000000s ]
NOTIC: [2048] Declaration of Common\Model\BasicModel::save() should be compatible with Think\Model::save($data = '', $options = Array) D:\wampInstall\www\SingCms\Application\Common\Model\BasicModel.class.php 第 30 行.
NOTIC: [2048] Declaration of Common\Model\BasicModel::select() should be compatible with Think\Model::select($options = Array) D:\wampInstall\www\SingCms\Application\Common\Model\BasicModel.class.php 第 30 行.
SQL: SELECT * FROM `cms_menu` WHERE `status` = 1 AND `type` = 0 ORDER BY listorder desc,menu_id desc  [ RunTime:0.0000s ]
NOTIC: [8] Undefined index: keywords D:\wampInstall\www\SingCms\Application\Runtime\Cache\Home\14fcc139096cfd1d2075eb8db7e60b1e.php 第 43 行.
NOTIC: [8] Undefined index: keywords D:\wampInstall\www\SingCms\Application\Runtime\Cache\Home\14fcc139096cfd1d2075eb8db7e60b1e.php 第 43 行.
NOTIC: [8] Undefined index: keywords D:\wampInstall\www\SingCms\Application\Runtime\Cache\Home\14fcc139096cfd1d2075eb8db7e60b1e.php 第 43 行.
NOTIC: [8] Undefined index: keywords D:\wampInstall\www\SingCms\Application\Runtime\Cache\Home\14fcc139096cfd1d2075eb8db7e60b1e.php 第 43 行.
NOTIC: [8] Undefined index: keywords D:\wampInstall\www\SingCms\Application\Runtime\Cache\Home\14fcc139096cfd1d2075eb8db7e60b1e.php 第 43 行.
NOTIC: [8] Undefined index: keywords D:\wampInstall\www\SingCms\Application\Runtime\Cache\Home\14fcc139096cfd1d2075eb8db7e60b1e.php 第 43 行.
NOTIC: [8] Undefined index: keywords D:\wampInstall\www\SingCms\Application\Runtime\Cache\Home\14fcc139096cfd1d2075eb8db7e60b1e.php 第 43 行.
NOTIC: [8] Undefined index: keywords D:\wampInstall\www\SingCms\Application\Runtime\Cache\Home\14fcc139096cfd1d2075eb8db7e60b1e.php 第 43 行.
NOTIC: [8] Undefined index: keywords D:\wampInstall\www\SingCms\Application\Runtime\Cache\Home\14fcc139096cfd1d2075eb8db7e60b1e.php 第 43 行.
NOTIC: [8] Undefined index: keywords D:\wampInstall\www\SingCms\Application\Runtime\Cache\Home\14fcc139096cfd1d2075eb8db7e60b1e.php 第 43 行.
NOTIC: [8] Undefined index: small_title D:\wampInstall\www\SingCms\Application\Runtime\Cache\Home\14fcc139096cfd1d2075eb8db7e60b1e.php 第 63 行.
NOTIC: [8] Undefined index: small_title D:\wampInstall\www\SingCms\Application\Runtime\Cache\Home\14fcc139096cfd1d2075eb8db7e60b1e.php 第 63 行.
NOTIC: [8] Undefined index: small_title D:\wampInstall\www\SingCms\Application\Runtime\Cache\Home\14fcc139096cfd1d2075eb8db7e60b1e.php 第 63 行.
NOTIC: [8] Undefined index: small_title D:\wampInstall\www\SingCms\Application\Runtime\Cache\Home\14fcc139096cfd1d2075eb8db7e60b1e.php 第 63 行.
NOTIC: [8] Undefined index: small_title D:\wampInstall\www\SingCms\Application\Runtime\Cache\Home\14fcc139096cfd1d2075eb8db7e60b1e.php 第 63 行.
NOTIC: [8] Undefined index: small_title D:\wampInstall\www\SingCms\Application\Runtime\Cache\Home\14fcc139096cfd1d2075eb8db7e60b1e.php 第 63 行.
NOTIC: [8] Undefined index: small_title D:\wampInstall\www\SingCms\Application\Runtime\Cache\Home\14fcc139096cfd1d2075eb8db7e60b1e.php 第 63 行.
NOTIC: [8] Undefined index: small_title D:\wampInstall\www\SingCms\Application\Runtime\Cache\Home\14fcc139096cfd1d2075eb8db7e60b1e.php 第 63 行.
NOTIC: [8] Undefined index: small_title D:\wampInstall\www\SingCms\Application\Runtime\Cache\Home\14fcc139096cfd1d2075eb8db7e60b1e.php 第 63 行.
NOTIC: [8] Undefined index: small_title D:\wampInstall\www\SingCms\Application\Runtime\Cache\Home\14fcc139096cfd1d2075eb8db7e60b1e.php 第 63 行.
NOTIC: [8] Undefined index: name D:\wampInstall\www\SingCms\Application\Runtime\Cache\Home\14fcc139096cfd1d2075eb8db7e60b1e.php 第 71 行.
NOTIC: [8] Undefined index: name D:\wampInstall\www\SingCms\Application\Runtime\Cache\Home\14fcc139096cfd1d2075eb8db7e60b1e.php 第 71 行.
INFO: Run Behavior\ParseTemplateBehavior [ RunTime:0.027000s ]
INFO: [ view_parse ] --END-- [ RunTime:0.028000s ]
INFO: [ view_filter ] --START--
INFO: Run Behavior\WriteHtmlCacheBehavior [ RunTime:0.000000s ]
INFO: [ view_filter ] --END-- [ RunTime:0.001000s ]
INFO: [ app_end ] --START--
INFO: Run Behavior\ShowPageTraceBehavior [ RunTime:0.000000s ]
INFO: [ app_end ] --END-- [ RunTime:0.001000s ]

[ 2017-06-06T22:09:08+08:00 ] 127.0.0.1 /SingCms/index.php?&c=login
INFO: [ app_init ] --START--
INFO: Run Behavior\BuildLiteBehavior [ RunTime:0.000000s ]
INFO: [ app_init ] --END-- [ RunTime:0.002000s ]
INFO: [ app_begin ] --START--
INFO: Run Behavior\ReadHtmlCacheBehavior [ RunTime:0.001000s ]
INFO: [ app_begin ] --END-- [ RunTime:0.002000s ]
ERR: 无法加载控制器:Login

