[ 2017-04-02T18:05:00+08:00 ] 127.0.0.1 /SingCms/?m=Login&c=Login&a=index
INFO: [ app_init ] --START--
INFO: Run Behavior\BuildLiteBehavior [ RunTime:0.000000s ]
INFO: [ app_init ] --END-- [ RunTime:0.013001s ]
ERR: 无法加载模块:Login

[ 2017-04-02T22:08:22+08:00 ] 127.0.0.1 /SingCms/admin.php/signin.css
INFO: [ app_init ] --START--
INFO: Run Behavior\BuildLiteBehavior [ RunTime:0.000000s ]
INFO: [ app_init ] --END-- [ RunTime:0.001000s ]
ERR: 无法加载模块:Signin

[ 2017-04-02T22:09:11+08:00 ] 127.0.0.1 /SingCms/admin.php/signin.css
INFO: [ app_init ] --START--
INFO: Run Behavior\BuildLiteBehavior [ RunTime:0.000000s ]
INFO: [ app_init ] --END-- [ RunTime:0.002000s ]
ERR: 无法加载模块:Signin

[ 2017-04-02T22:09:15+08:00 ] 127.0.0.1 /SingCms/admin.php/SingCms/admin.php?m=Admin&c=Login&a=check
INFO: [ app_init ] --START--
INFO: Run Behavior\BuildLiteBehavior [ RunTime:0.000000s ]
INFO: [ app_init ] --END-- [ RunTime:0.002000s ]
ERR: 无法加载模块:SingCms

[ 2017-04-02T22:09:31+08:00 ] 127.0.0.1 /SingCms/admin.php/SingCms/admin.php?m=Admin&c=Login&a=check
INFO: [ app_init ] --START--
INFO: Run Behavior\BuildLiteBehavior [ RunTime:0.000000s ]
INFO: [ app_init ] --END-- [ RunTime:0.002000s ]
ERR: 无法加载模块:SingCms

[ 2017-04-02T23:01:52+08:00 ] 127.0.0.1 /SingCms/admin.php/SingCms/admin.php?m=Admin&c=Login&a=check
INFO: [ app_init ] --START--
INFO: Run Behavior\BuildLiteBehavior [ RunTime:0.001000s ]
INFO: [ app_init ] --END-- [ RunTime:0.002000s ]
ERR: 无法加载模块:SingCms

[ 2017-04-02T23:01:59+08:00 ] 127.0.0.1 /SingCms/admin.php/SingCms/admin.php?m=Admin&c=Login&a=check
INFO: [ app_init ] --START--
INFO: Run Behavior\BuildLiteBehavior [ RunTime:0.000000s ]
INFO: [ app_init ] --END-- [ RunTime:0.002000s ]
ERR: 无法加载模块:SingCms

[ 2017-04-02T23:48:45+08:00 ] 127.0.0.1 /SingCms/?m=Login&c=Login&a=index
INFO: [ app_init ] --START--
INFO: Run Behavior\BuildLiteBehavior [ RunTime:0.000000s ]
INFO: [ app_init ] --END-- [ RunTime:0.003000s ]
ERR: 无法加载模块:Login

