[ 2017-06-14T21:53:21+08:00 ] 112.26.66.74 /SingCms/admin.php?c=index&a=index
INFO: [ app_init ] --START--
INFO: Run Behavior\BuildLiteBehavior [ RunTime:0.000008s ]
INFO: [ app_init ] --END-- [ RunTime:0.000205s ]
INFO: [ app_begin ] --START--
INFO: Run Behavior\ReadHtmlCacheBehavior [ RunTime:0.000262s ]
INFO: [ app_begin ] --END-- [ RunTime:0.000287s ]
NOTIC: [8] Undefined variable: sing_path /usr/local/apache/htdocs/SingCms/ThinkPHP/Common/functions.php 第 991 行.
NOTIC: [8] Undefined variable: module /usr/local/apache/htdocs/SingCms/ThinkPHP/Common/functions.php 第 994 行.
NOTIC: [8] Undefined variable: var /usr/local/apache/htdocs/SingCms/ThinkPHP/Common/functions.php 第 997 行.
NOTIC: [2] array_reverse() expects parameter 1 to be array, null given /usr/local/apache/htdocs/SingCms/ThinkPHP/Common/functions.php 第 997 行.
NOTIC: [2] http_build_query(): Parameter 1 expected to be Array or Object.  Incorrect value given /usr/local/apache/htdocs/SingCms/ThinkPHP/Common/functions.php 第 997 行.

[ 2017-06-14T21:53:21+08:00 ] 112.26.66.74 /SingCms/admin.php?&c=login
INFO: [ app_init ] --START--
INFO: Run Behavior\BuildLiteBehavior [ RunTime:0.000007s ]
INFO: [ app_init ] --END-- [ RunTime:0.000199s ]
INFO: [ app_begin ] --START--
INFO: Run Behavior\ReadHtmlCacheBehavior [ RunTime:0.000278s ]
INFO: [ app_begin ] --END-- [ RunTime:0.000302s ]
INFO: [ view_parse ] --START--
INFO: [ template_filter ] --START--
INFO: Run Behavior\ContentReplaceBehavior [ RunTime:0.000035s ]
INFO: [ template_filter ] --END-- [ RunTime:0.000059s ]
INFO: Run Behavior\ParseTemplateBehavior [ RunTime:0.004196s ]
INFO: [ view_parse ] --END-- [ RunTime:0.004222s ]
INFO: [ view_filter ] --START--
INFO: Run Behavior\WriteHtmlCacheBehavior [ RunTime:0.000085s ]
INFO: [ view_filter ] --END-- [ RunTime:0.000101s ]
INFO: [ app_end ] --START--
INFO: Run Behavior\ShowPageTraceBehavior [ RunTime:0.000275s ]
INFO: [ app_end ] --END-- [ RunTime:0.000294s ]

[ 2017-06-14T21:53:28+08:00 ] 112.26.66.74 /SingCms/admin.php?c=login&a=check
INFO: [ app_init ] --START--
INFO: Run Behavior\BuildLiteBehavior [ RunTime:0.000008s ]
INFO: [ app_init ] --END-- [ RunTime:0.000211s ]
INFO: [ app_begin ] --START--
INFO: Run Behavior\ReadHtmlCacheBehavior [ RunTime:0.000250s ]
INFO: [ app_begin ] --END-- [ RunTime:0.000274s ]
SQL: SHOW COLUMNS FROM `cms_admin` [ RunTime:0.0008s ]
SQL: SELECT * FROM `cms_admin` WHERE ( username="admin" ) LIMIT 1   [ RunTime:0.0005s ]
SQL: UPDATE `cms_admin` SET `lastlogintime`='1497448408' WHERE ( admin_id=1 ) [ RunTime:0.0004s ]

[ 2017-06-14T21:53:29+08:00 ] 112.26.66.74 /SingCms/admin.php?c=index&a=index
INFO: [ app_init ] --START--
INFO: Run Behavior\BuildLiteBehavior [ RunTime:0.000008s ]
INFO: [ app_init ] --END-- [ RunTime:0.000232s ]
INFO: [ app_begin ] --START--
INFO: Run Behavior\ReadHtmlCacheBehavior [ RunTime:0.000250s ]
INFO: [ app_begin ] --END-- [ RunTime:0.000275s ]
NOTIC: [2] Declaration of Common\Model\NewsModel::find($id) should be compatible with Think\Model::find($options = Array) /usr/local/apache/htdocs/SingCms/Application/Common/Model/NewsModel.class.php 第 9 行.
SQL: SHOW COLUMNS FROM `cms_news` [ RunTime:0.0008s ]
SQL: SELECT * FROM `cms_news` WHERE `status` = 1 ORDER BY count desc LIMIT 1   [ RunTime:0.0006s ]
SQL: SELECT COUNT(*) AS tp_count FROM `cms_news` WHERE `status` <> -1 LIMIT 1   [ RunTime:0.0004s ]
NOTIC: [2] Declaration of Common\Model\PositionModel::find($id) should be compatible with Think\Model::find($options = Array) /usr/local/apache/htdocs/SingCms/Application/Common/Model/PositionModel.class.php 第 81 行.
SQL: SHOW COLUMNS FROM `cms_position` [ RunTime:0.0006s ]
SQL: SELECT COUNT(*) AS tp_count FROM `cms_position` WHERE `status` = 1 LIMIT 1   [ RunTime:0.0004s ]
SQL: SHOW COLUMNS FROM `cms_admin` [ RunTime:0.0006s ]
SQL: SELECT COUNT(*) AS tp_count FROM `cms_admin` WHERE `status` = 1 AND `lastlogintime` > 1497369600 LIMIT 1   [ RunTime:0.0004s ]
NOTIC: [2] Illegal string offset 'tp_count' /usr/local/apache/htdocs/SingCms/Application/Common/Model/AdminModel.class.php 第 75 行.
INFO: [ view_parse ] --START--
INFO: [ template_filter ] --START--
INFO: Run Behavior\ContentReplaceBehavior [ RunTime:0.000076s ]
INFO: [ template_filter ] --END-- [ RunTime:0.000101s ]
NOTIC: [2] Declaration of Common\Model\MenuModel::find($id) should be compatible with Think\Model::find($options = Array) /usr/local/apache/htdocs/SingCms/Application/Common/Model/MenuModel.class.php 第 92 行.
SQL: SHOW COLUMNS FROM `cms_menu` [ RunTime:0.0006s ]
SQL: SELECT * FROM `cms_menu` WHERE `status` <> -1 AND `type` = 1 ORDER BY listorder desc,menu_id desc  [ RunTime:0.0004s ]
NOTIC: [8] Undefined index: a /usr/local/apache/htdocs/SingCms/Application/Common/Common/function.php 第 33 行.
NOTIC: [8] Undefined index: a /usr/local/apache/htdocs/SingCms/Application/Common/Common/function.php 第 33 行.
NOTIC: [8] Undefined index: a /usr/local/apache/htdocs/SingCms/Application/Common/Common/function.php 第 33 行.
NOTIC: [8] Undefined index: a /usr/local/apache/htdocs/SingCms/Application/Common/Common/function.php 第 33 行.
NOTIC: [8] Undefined index: a /usr/local/apache/htdocs/SingCms/Application/Common/Common/function.php 第 33 行.
INFO: Run Behavior\ParseTemplateBehavior [ RunTime:0.007356s ]
INFO: [ view_parse ] --END-- [ RunTime:0.007376s ]
INFO: [ view_filter ] --START--
INFO: Run Behavior\WriteHtmlCacheBehavior [ RunTime:0.000098s ]
INFO: [ view_filter ] --END-- [ RunTime:0.000116s ]
INFO: [ app_end ] --START--
INFO: Run Behavior\ShowPageTraceBehavior [ RunTime:0.000286s ]
INFO: [ app_end ] --END-- [ RunTime:0.000309s ]

[ 2017-06-14T21:53:30+08:00 ] 101.226.33.237 /SingCms/admin.php?c=index&a=index
INFO: [ app_init ] --START--
INFO: Run Behavior\BuildLiteBehavior [ RunTime:0.000009s ]
INFO: [ app_init ] --END-- [ RunTime:0.000209s ]
INFO: [ app_begin ] --START--
INFO: Run Behavior\ReadHtmlCacheBehavior [ RunTime:0.000268s ]
INFO: [ app_begin ] --END-- [ RunTime:0.000293s ]
NOTIC: [8] Undefined variable: sing_path /usr/local/apache/htdocs/SingCms/ThinkPHP/Common/functions.php 第 991 行.
NOTIC: [8] Undefined variable: module /usr/local/apache/htdocs/SingCms/ThinkPHP/Common/functions.php 第 994 行.
NOTIC: [8] Undefined variable: var /usr/local/apache/htdocs/SingCms/ThinkPHP/Common/functions.php 第 997 行.
NOTIC: [2] array_reverse() expects parameter 1 to be array, null given /usr/local/apache/htdocs/SingCms/ThinkPHP/Common/functions.php 第 997 行.
NOTIC: [2] http_build_query(): Parameter 1 expected to be Array or Object.  Incorrect value given /usr/local/apache/htdocs/SingCms/ThinkPHP/Common/functions.php 第 997 行.

[ 2017-06-14T21:53:31+08:00 ] 101.226.33.237 /SingCms/admin.php?&c=login
INFO: [ app_init ] --START--
INFO: Run Behavior\BuildLiteBehavior [ RunTime:0.000007s ]
INFO: [ app_init ] --END-- [ RunTime:0.000199s ]
INFO: [ app_begin ] --START--
INFO: Run Behavior\ReadHtmlCacheBehavior [ RunTime:0.000258s ]
INFO: [ app_begin ] --END-- [ RunTime:0.000284s ]
INFO: [ view_parse ] --START--
INFO: [ template_filter ] --START--
INFO: Run Behavior\ContentReplaceBehavior [ RunTime:0.000056s ]
INFO: [ template_filter ] --END-- [ RunTime:0.000083s ]
INFO: Run Behavior\ParseTemplateBehavior [ RunTime:0.003989s ]
INFO: [ view_parse ] --END-- [ RunTime:0.004013s ]
INFO: [ view_filter ] --START--
INFO: Run Behavior\WriteHtmlCacheBehavior [ RunTime:0.000087s ]
INFO: [ view_filter ] --END-- [ RunTime:0.000104s ]
INFO: [ app_end ] --START--
INFO: Run Behavior\ShowPageTraceBehavior [ RunTime:0.000285s ]
INFO: [ app_end ] --END-- [ RunTime:0.000305s ]

[ 2017-06-14T21:53:31+08:00 ] 101.226.89.115 /SingCms/admin.php?&c=login
INFO: [ app_init ] --START--
INFO: Run Behavior\BuildLiteBehavior [ RunTime:0.000008s ]
INFO: [ app_init ] --END-- [ RunTime:0.000204s ]
INFO: [ app_begin ] --START--
INFO: Run Behavior\ReadHtmlCacheBehavior [ RunTime:0.000285s ]
INFO: [ app_begin ] --END-- [ RunTime:0.000311s ]
INFO: [ view_parse ] --START--
INFO: [ template_filter ] --START--
INFO: Run Behavior\ContentReplaceBehavior [ RunTime:0.000037s ]
INFO: [ template_filter ] --END-- [ RunTime:0.000062s ]
INFO: Run Behavior\ParseTemplateBehavior [ RunTime:0.004020s ]
INFO: [ view_parse ] --END-- [ RunTime:0.004044s ]
INFO: [ view_filter ] --START--
INFO: Run Behavior\WriteHtmlCacheBehavior [ RunTime:0.000087s ]
INFO: [ view_filter ] --END-- [ RunTime:0.000104s ]
INFO: [ app_end ] --START--
INFO: Run Behavior\ShowPageTraceBehavior [ RunTime:0.000283s ]
INFO: [ app_end ] --END-- [ RunTime:0.000303s ]

[ 2017-06-14T21:53:32+08:00 ] 112.26.66.74 /SingCms/admin.php?c=content
INFO: [ app_init ] --START--
INFO: Run Behavior\BuildLiteBehavior [ RunTime:0.000008s ]
INFO: [ app_init ] --END-- [ RunTime:0.000201s ]
INFO: [ app_begin ] --START--
INFO: Run Behavior\ReadHtmlCacheBehavior [ RunTime:0.000257s ]
INFO: [ app_begin ] --END-- [ RunTime:0.000281s ]
NOTIC: [2] Declaration of Admin\Controller\ContentController::setStatus() should be compatible with Admin\Controller\CommonController::setStatus($data, $models) /usr/local/apache/htdocs/SingCms/Application/Admin/Controller/ContentController.class.php 第 12 行.
NOTIC: [2] Declaration of Admin\Controller\ContentController::listorder() should be compatible with Admin\Controller\CommonController::listorder($model = '') /usr/local/apache/htdocs/SingCms/Application/Admin/Controller/ContentController.class.php 第 12 行.
NOTIC: [8] Undefined index: title /usr/local/apache/htdocs/SingCms/Application/Admin/Controller/ContentController.class.php 第 16 行.
NOTIC: [8] Undefined index: catid /usr/local/apache/htdocs/SingCms/Application/Admin/Controller/ContentController.class.php 第 20 行.
NOTIC: [8] Undefined index: p /usr/local/apache/htdocs/SingCms/Application/Admin/Controller/ContentController.class.php 第 24 行.
NOTIC: [2] Declaration of Common\Model\NewsModel::find($id) should be compatible with Think\Model::find($options = Array) /usr/local/apache/htdocs/SingCms/Application/Common/Model/NewsModel.class.php 第 9 行.
SQL: SHOW COLUMNS FROM `cms_news` [ RunTime:0.0008s ]
SQL: SELECT * FROM `cms_news` WHERE `status` <> -1 ORDER BY listorder desc ,news_id desc LIMIT 0,10   [ RunTime:0.0006s ]
SQL: SELECT COUNT(*) AS tp_count FROM `cms_news` WHERE `status` <> -1 LIMIT 1   [ RunTime:0.0004s ]
NOTIC: [8] Undefined variable: sing_path /usr/local/apache/htdocs/SingCms/ThinkPHP/Common/functions.php 第 991 行.
NOTIC: [2] Declaration of Common\Model\PositionModel::find($id) should be compatible with Think\Model::find($options = Array) /usr/local/apache/htdocs/SingCms/Application/Common/Model/PositionModel.class.php 第 81 行.
SQL: SHOW COLUMNS FROM `cms_position` [ RunTime:0.0006s ]
SQL: SELECT * FROM `cms_position` WHERE `status` = 1 ORDER BY id  [ RunTime:0.0004s ]
NOTIC: [2] Declaration of Common\Model\MenuModel::find($id) should be compatible with Think\Model::find($options = Array) /usr/local/apache/htdocs/SingCms/Application/Common/Model/MenuModel.class.php 第 92 行.
SQL: SHOW COLUMNS FROM `cms_menu` [ RunTime:0.0006s ]
SQL: SELECT * FROM `cms_menu` WHERE `status` = 1 AND `type` = 0 ORDER BY listorder desc,menu_id desc  [ RunTime:0.0004s ]
INFO: [ view_parse ] --START--
INFO: [ template_filter ] --START--
INFO: Run Behavior\ContentReplaceBehavior [ RunTime:0.000085s ]
INFO: [ template_filter ] --END-- [ RunTime:0.000108s ]
SQL: SELECT * FROM `cms_menu` WHERE `status` <> -1 AND `type` = 1 ORDER BY listorder desc,menu_id desc  [ RunTime:0.0004s ]
NOTIC: [8] Undefined index: a /usr/local/apache/htdocs/SingCms/Application/Common/Common/function.php 第 33 行.
NOTIC: [8] Undefined index: a /usr/local/apache/htdocs/SingCms/Application/Common/Common/function.php 第 33 行.
NOTIC: [8] Undefined index: a /usr/local/apache/htdocs/SingCms/Application/Common/Common/function.php 第 33 行.
NOTIC: [8] Undefined index: a /usr/local/apache/htdocs/SingCms/Application/Common/Common/function.php 第 33 行.
NOTIC: [8] Undefined index: a /usr/local/apache/htdocs/SingCms/Application/Common/Common/function.php 第 33 行.
INFO: Run Behavior\ParseTemplateBehavior [ RunTime:0.007672s ]
INFO: [ view_parse ] --END-- [ RunTime:0.007694s ]
INFO: [ view_filter ] --START--
INFO: Run Behavior\WriteHtmlCacheBehavior [ RunTime:0.000098s ]
INFO: [ view_filter ] --END-- [ RunTime:0.000116s ]
INFO: [ app_end ] --START--
INFO: Run Behavior\ShowPageTraceBehavior [ RunTime:0.000296s ]
INFO: [ app_end ] --END-- [ RunTime:0.000321s ]

[ 2017-06-14T21:53:39+08:00 ] 112.26.66.74 /SingCms/admin.php?c=customer
INFO: [ app_init ] --START--
INFO: Run Behavior\BuildLiteBehavior [ RunTime:0.000009s ]
INFO: [ app_init ] --END-- [ RunTime:0.000217s ]
INFO: [ app_begin ] --START--
INFO: Run Behavior\ReadHtmlCacheBehavior [ RunTime:0.000261s ]
INFO: [ app_begin ] --END-- [ RunTime:0.000285s ]
NOTIC: [8] Undefined index: p /usr/local/apache/htdocs/SingCms/Application/Admin/Controller/CustomerController.class.php 第 13 行.
NOTIC: [8] Undefined index: customer_name /usr/local/apache/htdocs/SingCms/Application/Admin/Controller/CustomerController.class.php 第 17 行.
SQL: SHOW COLUMNS FROM `cms_customer` [ RunTime:0.0009s ]
NOTIC: [8] Undefined variable: data /usr/local/apache/htdocs/SingCms/Application/Admin/Controller/CustomerController.class.php 第 21 行.
SQL: SELECT * FROM `cms_customer` ORDER BY id desc LIMIT 0,10   [ RunTime:0.0005s ]
INFO: [ view_parse ] --START--
INFO: [ template_filter ] --START--
INFO: Run Behavior\ContentReplaceBehavior [ RunTime:0.000088s ]
INFO: [ template_filter ] --END-- [ RunTime:0.000115s ]
NOTIC: [2] Declaration of Common\Model\MenuModel::find($id) should be compatible with Think\Model::find($options = Array) /usr/local/apache/htdocs/SingCms/Application/Common/Model/MenuModel.class.php 第 92 行.
SQL: SHOW COLUMNS FROM `cms_menu` [ RunTime:0.0006s ]
SQL: SELECT * FROM `cms_menu` WHERE `status` <> -1 AND `type` = 1 ORDER BY listorder desc,menu_id desc  [ RunTime:0.0005s ]
NOTIC: [8] Undefined index: a /usr/local/apache/htdocs/SingCms/Application/Common/Common/function.php 第 33 行.
NOTIC: [8] Undefined index: a /usr/local/apache/htdocs/SingCms/Application/Common/Common/function.php 第 33 行.
NOTIC: [8] Undefined index: a /usr/local/apache/htdocs/SingCms/Application/Common/Common/function.php 第 33 行.
NOTIC: [8] Undefined index: a /usr/local/apache/htdocs/SingCms/Application/Common/Common/function.php 第 33 行.
NOTIC: [8] Undefined index: a /usr/local/apache/htdocs/SingCms/Application/Common/Common/function.php 第 33 行.
NOTIC: [8] Undefined variable: new /usr/local/apache/htdocs/SingCms/Application/Runtime/Cache/Admin/88014eeacc2e3d16986256918cc5cc2e.php 第 162 行.
NOTIC: [8] Undefined variable: new /usr/local/apache/htdocs/SingCms/Application/Runtime/Cache/Admin/88014eeacc2e3d16986256918cc5cc2e.php 第 163 行.
NOTIC: [8] Undefined variable: new /usr/local/apache/htdocs/SingCms/Application/Runtime/Cache/Admin/88014eeacc2e3d16986256918cc5cc2e.php 第 166 行.
NOTIC: [8] Undefined variable: new /usr/local/apache/htdocs/SingCms/Application/Runtime/Cache/Admin/88014eeacc2e3d16986256918cc5cc2e.php 第 162 行.
NOTIC: [8] Undefined variable: new /usr/local/apache/htdocs/SingCms/Application/Runtime/Cache/Admin/88014eeacc2e3d16986256918cc5cc2e.php 第 163 行.
NOTIC: [8] Undefined variable: new /usr/local/apache/htdocs/SingCms/Application/Runtime/Cache/Admin/88014eeacc2e3d16986256918cc5cc2e.php 第 166 行.
NOTIC: [8] Undefined variable: new /usr/local/apache/htdocs/SingCms/Application/Runtime/Cache/Admin/88014eeacc2e3d16986256918cc5cc2e.php 第 162 行.
NOTIC: [8] Undefined variable: new /usr/local/apache/htdocs/SingCms/Application/Runtime/Cache/Admin/88014eeacc2e3d16986256918cc5cc2e.php 第 163 行.
NOTIC: [8] Undefined variable: new /usr/local/apache/htdocs/SingCms/Application/Runtime/Cache/Admin/88014eeacc2e3d16986256918cc5cc2e.php 第 166 行.
NOTIC: [8] Undefined variable: new /usr/local/apache/htdocs/SingCms/Application/Runtime/Cache/Admin/88014eeacc2e3d16986256918cc5cc2e.php 第 162 行.
NOTIC: [8] Undefined variable: new /usr/local/apache/htdocs/SingCms/Application/Runtime/Cache/Admin/88014eeacc2e3d16986256918cc5cc2e.php 第 163 行.
NOTIC: [8] Undefined variable: new /usr/local/apache/htdocs/SingCms/Application/Runtime/Cache/Admin/88014eeacc2e3d16986256918cc5cc2e.php 第 166 行.
NOTIC: [8] Undefined variable: new /usr/local/apache/htdocs/SingCms/Application/Runtime/Cache/Admin/88014eeacc2e3d16986256918cc5cc2e.php 第 162 行.
NOTIC: [8] Undefined variable: new /usr/local/apache/htdocs/SingCms/Application/Runtime/Cache/Admin/88014eeacc2e3d16986256918cc5cc2e.php 第 163 行.
NOTIC: [8] Undefined variable: new /usr/local/apache/htdocs/SingCms/Application/Runtime/Cache/Admin/88014eeacc2e3d16986256918cc5cc2e.php 第 166 行.
NOTIC: [8] Undefined variable: new /usr/local/apache/htdocs/SingCms/Application/Runtime/Cache/Admin/88014eeacc2e3d16986256918cc5cc2e.php 第 162 行.
NOTIC: [8] Undefined variable: new /usr/local/apache/htdocs/SingCms/Application/Runtime/Cache/Admin/88014eeacc2e3d16986256918cc5cc2e.php 第 163 行.
NOTIC: [8] Undefined variable: new /usr/local/apache/htdocs/SingCms/Application/Runtime/Cache/Admin/88014eeacc2e3d16986256918cc5cc2e.php 第 166 行.
NOTIC: [8] Undefined variable: new /usr/local/apache/htdocs/SingCms/Application/Runtime/Cache/Admin/88014eeacc2e3d16986256918cc5cc2e.php 第 162 行.
NOTIC: [8] Undefined variable: new /usr/local/apache/htdocs/SingCms/Application/Runtime/Cache/Admin/88014eeacc2e3d16986256918cc5cc2e.php 第 163 行.
NOTIC: [8] Undefined variable: new /usr/local/apache/htdocs/SingCms/Application/Runtime/Cache/Admin/88014eeacc2e3d16986256918cc5cc2e.php 第 166 行.
NOTIC: [8] Undefined variable: pageres /usr/local/apache/htdocs/SingCms/Application/Runtime/Cache/Admin/88014eeacc2e3d16986256918cc5cc2e.php 第 176 行.
NOTIC: [8] Undefined variable: positions /usr/local/apache/htdocs/SingCms/Application/Runtime/Cache/Admin/88014eeacc2e3d16986256918cc5cc2e.php 第 187 行.
INFO: Run Behavior\ParseTemplateBehavior [ RunTime:0.008266s ]
INFO: [ view_parse ] --END-- [ RunTime:0.008286s ]
INFO: [ view_filter ] --START--
INFO: Run Behavior\WriteHtmlCacheBehavior [ RunTime:0.000125s ]
INFO: [ view_filter ] --END-- [ RunTime:0.000142s ]
INFO: [ app_end ] --START--
INFO: Run Behavior\ShowPageTraceBehavior [ RunTime:0.000309s ]
INFO: [ app_end ] --END-- [ RunTime:0.000333s ]

[ 2017-06-14T21:53:41+08:00 ] 101.226.66.177 /SingCms/admin.php?c=content
INFO: [ app_init ] --START--
INFO: Run Behavior\BuildLiteBehavior [ RunTime:0.000008s ]
INFO: [ app_init ] --END-- [ RunTime:0.000208s ]
INFO: [ app_begin ] --START--
INFO: Run Behavior\ReadHtmlCacheBehavior [ RunTime:0.000258s ]
INFO: [ app_begin ] --END-- [ RunTime:0.000283s ]
NOTIC: [2] Declaration of Admin\Controller\ContentController::setStatus() should be compatible with Admin\Controller\CommonController::setStatus($data, $models) /usr/local/apache/htdocs/SingCms/Application/Admin/Controller/ContentController.class.php 第 12 行.
NOTIC: [2] Declaration of Admin\Controller\ContentController::listorder() should be compatible with Admin\Controller\CommonController::listorder($model = '') /usr/local/apache/htdocs/SingCms/Application/Admin/Controller/ContentController.class.php 第 12 行.
NOTIC: [8] Undefined variable: sing_path /usr/local/apache/htdocs/SingCms/ThinkPHP/Common/functions.php 第 991 行.
NOTIC: [8] Undefined variable: module /usr/local/apache/htdocs/SingCms/ThinkPHP/Common/functions.php 第 994 行.
NOTIC: [8] Undefined variable: var /usr/local/apache/htdocs/SingCms/ThinkPHP/Common/functions.php 第 997 行.
NOTIC: [2] array_reverse() expects parameter 1 to be array, null given /usr/local/apache/htdocs/SingCms/ThinkPHP/Common/functions.php 第 997 行.
NOTIC: [2] http_build_query(): Parameter 1 expected to be Array or Object.  Incorrect value given /usr/local/apache/htdocs/SingCms/ThinkPHP/Common/functions.php 第 997 行.

[ 2017-06-14T21:53:42+08:00 ] 101.226.66.177 /SingCms/admin.php?&c=login
INFO: [ app_init ] --START--
INFO: Run Behavior\BuildLiteBehavior [ RunTime:0.000007s ]
INFO: [ app_init ] --END-- [ RunTime:0.000197s ]
INFO: [ app_begin ] --START--
INFO: Run Behavior\ReadHtmlCacheBehavior [ RunTime:0.000275s ]
INFO: [ app_begin ] --END-- [ RunTime:0.000300s ]
INFO: [ view_parse ] --START--
INFO: [ template_filter ] --START--
INFO: Run Behavior\ContentReplaceBehavior [ RunTime:0.000036s ]
INFO: [ template_filter ] --END-- [ RunTime:0.000060s ]
INFO: Run Behavior\ParseTemplateBehavior [ RunTime:0.003134s ]
INFO: [ view_parse ] --END-- [ RunTime:0.003158s ]
INFO: [ view_filter ] --START--
INFO: Run Behavior\WriteHtmlCacheBehavior [ RunTime:0.000087s ]
INFO: [ view_filter ] --END-- [ RunTime:0.000104s ]
INFO: [ app_end ] --START--
INFO: Run Behavior\ShowPageTraceBehavior [ RunTime:0.000308s ]
INFO: [ app_end ] --END-- [ RunTime:0.000329s ]

[ 2017-06-14T21:53:42+08:00 ] 112.26.66.74 /SingCms/admin.php?c=menu
INFO: [ app_init ] --START--
INFO: Run Behavior\BuildLiteBehavior [ RunTime:0.000007s ]
INFO: [ app_init ] --END-- [ RunTime:0.000232s ]
INFO: [ app_begin ] --START--
INFO: Run Behavior\ReadHtmlCacheBehavior [ RunTime:0.000258s ]
INFO: [ app_begin ] --END-- [ RunTime:0.000282s ]
NOTIC: [2] Declaration of Admin\Controller\MenuController::setStatus() should be compatible with Admin\Controller\CommonController::setStatus($data, $models) /usr/local/apache/htdocs/SingCms/Application/Admin/Controller/MenuController.class.php 第 9 行.
NOTIC: [2] Declaration of Admin\Controller\MenuController::listorder() should be compatible with Admin\Controller\CommonController::listorder($model = '') /usr/local/apache/htdocs/SingCms/Application/Admin/Controller/MenuController.class.php 第 9 行.
NOTIC: [8] Undefined index: p /usr/local/apache/htdocs/SingCms/Application/Admin/Controller/MenuController.class.php 第 52 行.
NOTIC: [8] Undefined index: pageSize /usr/local/apache/htdocs/SingCms/Application/Admin/Controller/MenuController.class.php 第 53 行.
NOTIC: [2] Declaration of Common\Model\MenuModel::find($id) should be compatible with Think\Model::find($options = Array) /usr/local/apache/htdocs/SingCms/Application/Common/Model/MenuModel.class.php 第 5 行.
SQL: SHOW COLUMNS FROM `cms_menu` [ RunTime:0.0007s ]
SQL: SELECT * FROM `cms_menu` WHERE `type` = 1 AND `status` <> -1 ORDER BY listorder desc,menu_id desc LIMIT 0,3   [ RunTime:0.0005s ]
SQL: SELECT COUNT(*) AS tp_count FROM `cms_menu` WHERE `type` = 1 AND `status` <> -1 LIMIT 1   [ RunTime:0.0004s ]
NOTIC: [8] Undefined variable: sing_path /usr/local/apache/htdocs/SingCms/ThinkPHP/Common/functions.php 第 991 行.
INFO: [ view_parse ] --START--
INFO: [ template_filter ] --START--
INFO: Run Behavior\ContentReplaceBehavior [ RunTime:0.000075s ]
INFO: [ template_filter ] --END-- [ RunTime:0.000100s ]
SQL: SELECT * FROM `cms_menu` WHERE `status` <> -1 AND `type` = 1 ORDER BY listorder desc,menu_id desc  [ RunTime:0.0004s ]
NOTIC: [8] Undefined index: a /usr/local/apache/htdocs/SingCms/Application/Common/Common/function.php 第 33 行.
NOTIC: [8] Undefined index: a /usr/local/apache/htdocs/SingCms/Application/Common/Common/function.php 第 33 行.
NOTIC: [8] Undefined index: a /usr/local/apache/htdocs/SingCms/Application/Common/Common/function.php 第 33 行.
NOTIC: [8] Undefined index: a /usr/local/apache/htdocs/SingCms/Application/Common/Common/function.php 第 33 行.
NOTIC: [8] Undefined index: a /usr/local/apache/htdocs/SingCms/Application/Common/Common/function.php 第 33 行.
NOTIC: [8] Undefined variable: nav /usr/local/apache/htdocs/SingCms/Application/Runtime/Cache/Admin/b956215329b6f9aca22277599a4efdfc.php 第 113 行.
INFO: Run Behavior\ParseTemplateBehavior [ RunTime:0.006843s ]
INFO: [ view_parse ] --END-- [ RunTime:0.006862s ]
INFO: [ view_filter ] --START--
INFO: Run Behavior\WriteHtmlCacheBehavior [ RunTime:0.000098s ]
INFO: [ view_filter ] --END-- [ RunTime:0.000115s ]
INFO: [ app_end ] --START--
INFO: Run Behavior\ShowPageTraceBehavior [ RunTime:0.000336s ]
INFO: [ app_end ] --END-- [ RunTime:0.000361s ]

[ 2017-06-14T21:53:48+08:00 ] 180.153.81.203 /SingCms/admin.php?c=customer
INFO: [ app_init ] --START--
INFO: Run Behavior\BuildLiteBehavior [ RunTime:0.000008s ]
INFO: [ app_init ] --END-- [ RunTime:0.000206s ]
INFO: [ app_begin ] --START--
INFO: Run Behavior\ReadHtmlCacheBehavior [ RunTime:0.000278s ]
INFO: [ app_begin ] --END-- [ RunTime:0.000303s ]
NOTIC: [8] Undefined variable: sing_path /usr/local/apache/htdocs/SingCms/ThinkPHP/Common/functions.php 第 991 行.
NOTIC: [8] Undefined variable: module /usr/local/apache/htdocs/SingCms/ThinkPHP/Common/functions.php 第 994 行.
NOTIC: [8] Undefined variable: var /usr/local/apache/htdocs/SingCms/ThinkPHP/Common/functions.php 第 997 行.
NOTIC: [2] array_reverse() expects parameter 1 to be array, null given /usr/local/apache/htdocs/SingCms/ThinkPHP/Common/functions.php 第 997 行.
NOTIC: [2] http_build_query(): Parameter 1 expected to be Array or Object.  Incorrect value given /usr/local/apache/htdocs/SingCms/ThinkPHP/Common/functions.php 第 997 行.

[ 2017-06-14T21:53:49+08:00 ] 101.226.33.208 /SingCms/admin.php?c=customer
INFO: [ app_init ] --START--
INFO: Run Behavior\BuildLiteBehavior [ RunTime:0.000007s ]
INFO: [ app_init ] --END-- [ RunTime:0.000224s ]
INFO: [ app_begin ] --START--
INFO: Run Behavior\ReadHtmlCacheBehavior [ RunTime:0.000253s ]
INFO: [ app_begin ] --END-- [ RunTime:0.000278s ]
NOTIC: [8] Undefined variable: sing_path /usr/local/apache/htdocs/SingCms/ThinkPHP/Common/functions.php 第 991 行.
NOTIC: [8] Undefined variable: module /usr/local/apache/htdocs/SingCms/ThinkPHP/Common/functions.php 第 994 行.
NOTIC: [8] Undefined variable: var /usr/local/apache/htdocs/SingCms/ThinkPHP/Common/functions.php 第 997 行.
NOTIC: [2] array_reverse() expects parameter 1 to be array, null given /usr/local/apache/htdocs/SingCms/ThinkPHP/Common/functions.php 第 997 行.
NOTIC: [2] http_build_query(): Parameter 1 expected to be Array or Object.  Incorrect value given /usr/local/apache/htdocs/SingCms/ThinkPHP/Common/functions.php 第 997 行.

[ 2017-06-14T21:53:49+08:00 ] 180.153.81.203 /SingCms/admin.php?&c=login
INFO: [ app_init ] --START--
INFO: Run Behavior\BuildLiteBehavior [ RunTime:0.000007s ]
INFO: [ app_init ] --END-- [ RunTime:0.000197s ]
INFO: [ app_begin ] --START--
INFO: Run Behavior\ReadHtmlCacheBehavior [ RunTime:0.000279s ]
INFO: [ app_begin ] --END-- [ RunTime:0.000304s ]
INFO: [ view_parse ] --START--
INFO: [ template_filter ] --START--
INFO: Run Behavior\ContentReplaceBehavior [ RunTime:0.000035s ]
INFO: [ template_filter ] --END-- [ RunTime:0.000060s ]
INFO: Run Behavior\ParseTemplateBehavior [ RunTime:0.003905s ]
INFO: [ view_parse ] --END-- [ RunTime:0.003930s ]
INFO: [ view_filter ] --START--
INFO: Run Behavior\WriteHtmlCacheBehavior [ RunTime:0.000088s ]
INFO: [ view_filter ] --END-- [ RunTime:0.000104s ]
INFO: [ app_end ] --START--
INFO: Run Behavior\ShowPageTraceBehavior [ RunTime:0.000278s ]
INFO: [ app_end ] --END-- [ RunTime:0.000299s ]

[ 2017-06-14T21:53:49+08:00 ] 140.207.185.107 /SingCms/admin.php?c=customer
INFO: [ app_init ] --START--
INFO: Run Behavior\BuildLiteBehavior [ RunTime:0.000007s ]
INFO: [ app_init ] --END-- [ RunTime:0.000224s ]
INFO: [ app_begin ] --START--
INFO: Run Behavior\ReadHtmlCacheBehavior [ RunTime:0.000269s ]
INFO: [ app_begin ] --END-- [ RunTime:0.000294s ]
NOTIC: [8] Undefined variable: sing_path /usr/local/apache/htdocs/SingCms/ThinkPHP/Common/functions.php 第 991 行.
NOTIC: [8] Undefined variable: module /usr/local/apache/htdocs/SingCms/ThinkPHP/Common/functions.php 第 994 行.
NOTIC: [8] Undefined variable: var /usr/local/apache/htdocs/SingCms/ThinkPHP/Common/functions.php 第 997 行.
NOTIC: [2] array_reverse() expects parameter 1 to be array, null given /usr/local/apache/htdocs/SingCms/ThinkPHP/Common/functions.php 第 997 行.
NOTIC: [2] http_build_query(): Parameter 1 expected to be Array or Object.  Incorrect value given /usr/local/apache/htdocs/SingCms/ThinkPHP/Common/functions.php 第 997 行.

[ 2017-06-14T21:53:49+08:00 ] 101.226.33.208 /SingCms/admin.php?&c=login
INFO: [ app_init ] --START--
INFO: Run Behavior\BuildLiteBehavior [ RunTime:0.000008s ]
INFO: [ app_init ] --END-- [ RunTime:0.000219s ]
INFO: [ app_begin ] --START--
INFO: Run Behavior\ReadHtmlCacheBehavior [ RunTime:0.000256s ]
INFO: [ app_begin ] --END-- [ RunTime:0.000281s ]
INFO: [ view_parse ] --START--
INFO: [ template_filter ] --START--
INFO: Run Behavior\ContentReplaceBehavior [ RunTime:0.000033s ]
INFO: [ template_filter ] --END-- [ RunTime:0.000058s ]
INFO: Run Behavior\ParseTemplateBehavior [ RunTime:0.003901s ]
INFO: [ view_parse ] --END-- [ RunTime:0.003924s ]
INFO: [ view_filter ] --START--
INFO: Run Behavior\WriteHtmlCacheBehavior [ RunTime:0.000108s ]
INFO: [ view_filter ] --END-- [ RunTime:0.000126s ]
INFO: [ app_end ] --START--
INFO: Run Behavior\ShowPageTraceBehavior [ RunTime:0.000281s ]
INFO: [ app_end ] --END-- [ RunTime:0.000302s ]

[ 2017-06-14T21:53:49+08:00 ] 140.207.185.107 /SingCms/admin.php?&c=login
INFO: [ app_init ] --START--
INFO: Run Behavior\BuildLiteBehavior [ RunTime:0.000007s ]
INFO: [ app_init ] --END-- [ RunTime:0.000197s ]
INFO: [ app_begin ] --START--
INFO: Run Behavior\ReadHtmlCacheBehavior [ RunTime:0.000283s ]
INFO: [ app_begin ] --END-- [ RunTime:0.000309s ]
INFO: [ view_parse ] --START--
INFO: [ template_filter ] --START--
INFO: Run Behavior\ContentReplaceBehavior [ RunTime:0.000033s ]
INFO: [ template_filter ] --END-- [ RunTime:0.000058s ]
INFO: Run Behavior\ParseTemplateBehavior [ RunTime:0.002943s ]
INFO: [ view_parse ] --END-- [ RunTime:0.002966s ]
INFO: [ view_filter ] --START--
INFO: Run Behavior\WriteHtmlCacheBehavior [ RunTime:0.000085s ]
INFO: [ view_filter ] --END-- [ RunTime:0.000101s ]
INFO: [ app_end ] --START--
INFO: Run Behavior\ShowPageTraceBehavior [ RunTime:0.000277s ]
INFO: [ app_end ] --END-- [ RunTime:0.000297s ]

[ 2017-06-14T21:53:49+08:00 ] 101.226.61.207 /SingCms/admin.php?c=customer
INFO: [ app_init ] --START--
INFO: Run Behavior\BuildLiteBehavior [ RunTime:0.000007s ]
INFO: [ app_init ] --END-- [ RunTime:0.000197s ]
INFO: [ app_begin ] --START--
INFO: Run Behavior\ReadHtmlCacheBehavior [ RunTime:0.000255s ]
INFO: [ app_begin ] --END-- [ RunTime:0.000303s ]
NOTIC: [8] Undefined variable: sing_path /usr/local/apache/htdocs/SingCms/ThinkPHP/Common/functions.php 第 991 行.
NOTIC: [8] Undefined variable: module /usr/local/apache/htdocs/SingCms/ThinkPHP/Common/functions.php 第 994 行.
NOTIC: [8] Undefined variable: var /usr/local/apache/htdocs/SingCms/ThinkPHP/Common/functions.php 第 997 行.
NOTIC: [2] array_reverse() expects parameter 1 to be array, null given /usr/local/apache/htdocs/SingCms/ThinkPHP/Common/functions.php 第 997 行.
NOTIC: [2] http_build_query(): Parameter 1 expected to be Array or Object.  Incorrect value given /usr/local/apache/htdocs/SingCms/ThinkPHP/Common/functions.php 第 997 行.

[ 2017-06-14T21:53:50+08:00 ] 101.226.61.207 /SingCms/admin.php?&c=login
INFO: [ app_init ] --START--
INFO: Run Behavior\BuildLiteBehavior [ RunTime:0.000008s ]
INFO: [ app_init ] --END-- [ RunTime:0.000215s ]
INFO: [ app_begin ] --START--
INFO: Run Behavior\ReadHtmlCacheBehavior [ RunTime:0.000256s ]
INFO: [ app_begin ] --END-- [ RunTime:0.000280s ]
INFO: [ view_parse ] --START--
INFO: [ template_filter ] --START--
INFO: Run Behavior\ContentReplaceBehavior [ RunTime:0.000036s ]
INFO: [ template_filter ] --END-- [ RunTime:0.000061s ]
INFO: Run Behavior\ParseTemplateBehavior [ RunTime:0.003948s ]
INFO: [ view_parse ] --END-- [ RunTime:0.003972s ]
INFO: [ view_filter ] --START--
INFO: Run Behavior\WriteHtmlCacheBehavior [ RunTime:0.000088s ]
INFO: [ view_filter ] --END-- [ RunTime:0.000106s ]
INFO: [ app_end ] --START--
INFO: Run Behavior\ShowPageTraceBehavior [ RunTime:0.000279s ]
INFO: [ app_end ] --END-- [ RunTime:0.000300s ]

[ 2017-06-14T21:53:51+08:00 ] 140.207.185.112 /SingCms/admin.php?c=menu
INFO: [ app_init ] --START--
INFO: Run Behavior\BuildLiteBehavior [ RunTime:0.000008s ]
INFO: [ app_init ] --END-- [ RunTime:0.000228s ]
INFO: [ app_begin ] --START--
INFO: Run Behavior\ReadHtmlCacheBehavior [ RunTime:0.000253s ]
INFO: [ app_begin ] --END-- [ RunTime:0.000277s ]
NOTIC: [2] Declaration of Admin\Controller\MenuController::setStatus() should be compatible with Admin\Controller\CommonController::setStatus($data, $models) /usr/local/apache/htdocs/SingCms/Application/Admin/Controller/MenuController.class.php 第 9 行.
NOTIC: [2] Declaration of Admin\Controller\MenuController::listorder() should be compatible with Admin\Controller\CommonController::listorder($model = '') /usr/local/apache/htdocs/SingCms/Application/Admin/Controller/MenuController.class.php 第 9 行.
NOTIC: [8] Undefined variable: sing_path /usr/local/apache/htdocs/SingCms/ThinkPHP/Common/functions.php 第 991 行.
NOTIC: [8] Undefined variable: module /usr/local/apache/htdocs/SingCms/ThinkPHP/Common/functions.php 第 994 行.
NOTIC: [8] Undefined variable: var /usr/local/apache/htdocs/SingCms/ThinkPHP/Common/functions.php 第 997 行.
NOTIC: [2] array_reverse() expects parameter 1 to be array, null given /usr/local/apache/htdocs/SingCms/ThinkPHP/Common/functions.php 第 997 行.
NOTIC: [2] http_build_query(): Parameter 1 expected to be Array or Object.  Incorrect value given /usr/local/apache/htdocs/SingCms/ThinkPHP/Common/functions.php 第 997 行.

[ 2017-06-14T21:53:52+08:00 ] 140.207.185.112 /SingCms/admin.php?&c=login
INFO: [ app_init ] --START--
INFO: Run Behavior\BuildLiteBehavior [ RunTime:0.000007s ]
INFO: [ app_init ] --END-- [ RunTime:0.000195s ]
INFO: [ app_begin ] --START--
INFO: Run Behavior\ReadHtmlCacheBehavior [ RunTime:0.000256s ]
INFO: [ app_begin ] --END-- [ RunTime:0.000279s ]
INFO: [ view_parse ] --START--
INFO: [ template_filter ] --START--
INFO: Run Behavior\ContentReplaceBehavior [ RunTime:0.000035s ]
INFO: [ template_filter ] --END-- [ RunTime:0.000059s ]
INFO: Run Behavior\ParseTemplateBehavior [ RunTime:0.003986s ]
INFO: [ view_parse ] --END-- [ RunTime:0.004010s ]
INFO: [ view_filter ] --START--
INFO: Run Behavior\WriteHtmlCacheBehavior [ RunTime:0.000086s ]
INFO: [ view_filter ] --END-- [ RunTime:0.000102s ]
INFO: [ app_end ] --START--
INFO: Run Behavior\ShowPageTraceBehavior [ RunTime:0.000315s ]
INFO: [ app_end ] --END-- [ RunTime:0.000336s ]

[ 2017-06-14T21:57:50+08:00 ] 112.26.66.74 /SingCms/admin.php?c=menu&a=add
INFO: [ app_init ] --START--
INFO: Run Behavior\BuildLiteBehavior [ RunTime:0.000009s ]
INFO: [ app_init ] --END-- [ RunTime:0.000221s ]
INFO: [ app_begin ] --START--
INFO: Run Behavior\ReadHtmlCacheBehavior [ RunTime:0.000254s ]
INFO: [ app_begin ] --END-- [ RunTime:0.000277s ]
NOTIC: [2] Declaration of Admin\Controller\MenuController::setStatus() should be compatible with Admin\Controller\CommonController::setStatus($data, $models) /usr/local/apache/htdocs/SingCms/Application/Admin/Controller/MenuController.class.php 第 9 行.
NOTIC: [2] Declaration of Admin\Controller\MenuController::listorder() should be compatible with Admin\Controller\CommonController::listorder($model = '') /usr/local/apache/htdocs/SingCms/Application/Admin/Controller/MenuController.class.php 第 9 行.
INFO: [ view_parse ] --START--
INFO: [ template_filter ] --START--
INFO: Run Behavior\ContentReplaceBehavior [ RunTime:0.000077s ]
INFO: [ template_filter ] --END-- [ RunTime:0.000099s ]
NOTIC: [2] Declaration of Common\Model\MenuModel::find($id) should be compatible with Think\Model::find($options = Array) /usr/local/apache/htdocs/SingCms/Application/Common/Model/MenuModel.class.php 第 5 行.
SQL: SHOW COLUMNS FROM `cms_menu` [ RunTime:0.0007s ]
SQL: SELECT * FROM `cms_menu` WHERE `status` <> -1 AND `type` = 1 ORDER BY listorder desc,menu_id desc  [ RunTime:0.0005s ]
NOTIC: [8] Undefined index: a /usr/local/apache/htdocs/SingCms/Application/Common/Common/function.php 第 33 行.
NOTIC: [8] Undefined index: a /usr/local/apache/htdocs/SingCms/Application/Common/Common/function.php 第 33 行.
NOTIC: [8] Undefined index: a /usr/local/apache/htdocs/SingCms/Application/Common/Common/function.php 第 33 行.
NOTIC: [8] Undefined index: a /usr/local/apache/htdocs/SingCms/Application/Common/Common/function.php 第 33 行.
NOTIC: [8] Undefined index: a /usr/local/apache/htdocs/SingCms/Application/Common/Common/function.php 第 33 行.
NOTIC: [8] Undefined variable: menus /usr/local/apache/htdocs/SingCms/Application/Runtime/Cache/Admin/31553d7bb41170a30982ff9dddd5d67e.php 第 135 行.
INFO: Run Behavior\ParseTemplateBehavior [ RunTime:0.012791s ]
INFO: [ view_parse ] --END-- [ RunTime:0.012811s ]
INFO: [ view_filter ] --START--
INFO: Run Behavior\WriteHtmlCacheBehavior [ RunTime:0.000096s ]
INFO: [ view_filter ] --END-- [ RunTime:0.000113s ]
INFO: [ app_end ] --START--
INFO: Run Behavior\ShowPageTraceBehavior [ RunTime:0.000284s ]
INFO: [ app_end ] --END-- [ RunTime:0.000307s ]

[ 2017-06-14T21:58:00+08:00 ] 140.207.185.107 /SingCms/admin.php?c=menu&a=add
INFO: [ app_init ] --START--
INFO: Run Behavior\BuildLiteBehavior [ RunTime:0.000008s ]
INFO: [ app_init ] --END-- [ RunTime:0.000212s ]
INFO: [ app_begin ] --START--
INFO: Run Behavior\ReadHtmlCacheBehavior [ RunTime:0.000280s ]
INFO: [ app_begin ] --END-- [ RunTime:0.000306s ]
NOTIC: [2] Declaration of Admin\Controller\MenuController::setStatus() should be compatible with Admin\Controller\CommonController::setStatus($data, $models) /usr/local/apache/htdocs/SingCms/Application/Admin/Controller/MenuController.class.php 第 9 行.
NOTIC: [2] Declaration of Admin\Controller\MenuController::listorder() should be compatible with Admin\Controller\CommonController::listorder($model = '') /usr/local/apache/htdocs/SingCms/Application/Admin/Controller/MenuController.class.php 第 9 行.
NOTIC: [8] Undefined variable: sing_path /usr/local/apache/htdocs/SingCms/ThinkPHP/Common/functions.php 第 991 行.
NOTIC: [8] Undefined variable: module /usr/local/apache/htdocs/SingCms/ThinkPHP/Common/functions.php 第 994 行.
NOTIC: [8] Undefined variable: var /usr/local/apache/htdocs/SingCms/ThinkPHP/Common/functions.php 第 997 行.
NOTIC: [2] array_reverse() expects parameter 1 to be array, null given /usr/local/apache/htdocs/SingCms/ThinkPHP/Common/functions.php 第 997 行.
NOTIC: [2] http_build_query(): Parameter 1 expected to be Array or Object.  Incorrect value given /usr/local/apache/htdocs/SingCms/ThinkPHP/Common/functions.php 第 997 行.

[ 2017-06-14T21:58:00+08:00 ] 101.226.33.227 /SingCms/admin.php?c=menu&a=add
INFO: [ app_init ] --START--
INFO: Run Behavior\BuildLiteBehavior [ RunTime:0.000007s ]
INFO: [ app_init ] --END-- [ RunTime:0.000201s ]
INFO: [ app_begin ] --START--
INFO: Run Behavior\ReadHtmlCacheBehavior [ RunTime:0.000278s ]
INFO: [ app_begin ] --END-- [ RunTime:0.000305s ]
NOTIC: [2] Declaration of Admin\Controller\MenuController::setStatus() should be compatible with Admin\Controller\CommonController::setStatus($data, $models) /usr/local/apache/htdocs/SingCms/Application/Admin/Controller/MenuController.class.php 第 9 行.
NOTIC: [2] Declaration of Admin\Controller\MenuController::listorder() should be compatible with Admin\Controller\CommonController::listorder($model = '') /usr/local/apache/htdocs/SingCms/Application/Admin/Controller/MenuController.class.php 第 9 行.
NOTIC: [8] Undefined variable: sing_path /usr/local/apache/htdocs/SingCms/ThinkPHP/Common/functions.php 第 991 行.
NOTIC: [8] Undefined variable: module /usr/local/apache/htdocs/SingCms/ThinkPHP/Common/functions.php 第 994 行.
NOTIC: [8] Undefined variable: var /usr/local/apache/htdocs/SingCms/ThinkPHP/Common/functions.php 第 997 行.
NOTIC: [2] array_reverse() expects parameter 1 to be array, null given /usr/local/apache/htdocs/SingCms/ThinkPHP/Common/functions.php 第 997 行.
NOTIC: [2] http_build_query(): Parameter 1 expected to be Array or Object.  Incorrect value given /usr/local/apache/htdocs/SingCms/ThinkPHP/Common/functions.php 第 997 行.

[ 2017-06-14T21:58:00+08:00 ] 101.226.65.108 /SingCms/admin.php?c=menu&a=add
INFO: [ app_init ] --START--
INFO: Run Behavior\BuildLiteBehavior [ RunTime:0.000008s ]
INFO: [ app_init ] --END-- [ RunTime:0.000205s ]
INFO: [ app_begin ] --START--
INFO: Run Behavior\ReadHtmlCacheBehavior [ RunTime:0.000258s ]
INFO: [ app_begin ] --END-- [ RunTime:0.000285s ]
NOTIC: [2] Declaration of Admin\Controller\MenuController::setStatus() should be compatible with Admin\Controller\CommonController::setStatus($data, $models) /usr/local/apache/htdocs/SingCms/Application/Admin/Controller/MenuController.class.php 第 9 行.
NOTIC: [2] Declaration of Admin\Controller\MenuController::listorder() should be compatible with Admin\Controller\CommonController::listorder($model = '') /usr/local/apache/htdocs/SingCms/Application/Admin/Controller/MenuController.class.php 第 9 行.
NOTIC: [8] Undefined variable: sing_path /usr/local/apache/htdocs/SingCms/ThinkPHP/Common/functions.php 第 991 行.
NOTIC: [8] Undefined variable: module /usr/local/apache/htdocs/SingCms/ThinkPHP/Common/functions.php 第 994 行.
NOTIC: [8] Undefined variable: var /usr/local/apache/htdocs/SingCms/ThinkPHP/Common/functions.php 第 997 行.
NOTIC: [2] array_reverse() expects parameter 1 to be array, null given /usr/local/apache/htdocs/SingCms/ThinkPHP/Common/functions.php 第 997 行.
NOTIC: [2] http_build_query(): Parameter 1 expected to be Array or Object.  Incorrect value given /usr/local/apache/htdocs/SingCms/ThinkPHP/Common/functions.php 第 997 行.

[ 2017-06-14T21:58:00+08:00 ] 140.207.185.107 /SingCms/admin.php?&c=login
INFO: [ app_init ] --START--
INFO: Run Behavior\BuildLiteBehavior [ RunTime:0.000007s ]
INFO: [ app_init ] --END-- [ RunTime:0.000204s ]
INFO: [ app_begin ] --START--
INFO: Run Behavior\ReadHtmlCacheBehavior [ RunTime:0.000275s ]
INFO: [ app_begin ] --END-- [ RunTime:0.000302s ]
INFO: [ view_parse ] --START--
INFO: [ template_filter ] --START--
INFO: Run Behavior\ContentReplaceBehavior [ RunTime:0.000036s ]
INFO: [ template_filter ] --END-- [ RunTime:0.000061s ]
INFO: Run Behavior\ParseTemplateBehavior [ RunTime:0.003984s ]
INFO: [ view_parse ] --END-- [ RunTime:0.004010s ]
INFO: [ view_filter ] --START--
INFO: Run Behavior\WriteHtmlCacheBehavior [ RunTime:0.000091s ]
INFO: [ view_filter ] --END-- [ RunTime:0.000108s ]
INFO: [ app_end ] --START--
INFO: Run Behavior\ShowPageTraceBehavior [ RunTime:0.000292s ]
INFO: [ app_end ] --END-- [ RunTime:0.000313s ]

[ 2017-06-14T21:58:00+08:00 ] 101.226.33.227 /SingCms/admin.php?&c=login
INFO: [ app_init ] --START--
INFO: Run Behavior\BuildLiteBehavior [ RunTime:0.000008s ]
INFO: [ app_init ] --END-- [ RunTime:0.000198s ]
INFO: [ app_begin ] --START--
INFO: Run Behavior\ReadHtmlCacheBehavior [ RunTime:0.000291s ]
INFO: [ app_begin ] --END-- [ RunTime:0.000317s ]
INFO: [ view_parse ] --START--
INFO: [ template_filter ] --START--
INFO: Run Behavior\ContentReplaceBehavior [ RunTime:0.000033s ]
INFO: [ template_filter ] --END-- [ RunTime:0.000058s ]
INFO: Run Behavior\ParseTemplateBehavior [ RunTime:0.014973s ]
INFO: [ view_parse ] --END-- [ RunTime:0.014998s ]
INFO: [ view_filter ] --START--
INFO: Run Behavior\WriteHtmlCacheBehavior [ RunTime:0.000088s ]
INFO: [ view_filter ] --END-- [ RunTime:0.000106s ]
INFO: [ app_end ] --START--
INFO: Run Behavior\ShowPageTraceBehavior [ RunTime:0.000294s ]
INFO: [ app_end ] --END-- [ RunTime:0.000315s ]

[ 2017-06-14T21:58:00+08:00 ] 101.226.65.108 /SingCms/admin.php?&c=login
INFO: [ app_init ] --START--
INFO: Run Behavior\BuildLiteBehavior [ RunTime:0.000007s ]
INFO: [ app_init ] --END-- [ RunTime:0.000200s ]
INFO: [ app_begin ] --START--
INFO: Run Behavior\ReadHtmlCacheBehavior [ RunTime:0.000269s ]
INFO: [ app_begin ] --END-- [ RunTime:0.000295s ]
INFO: [ view_parse ] --START--
INFO: [ template_filter ] --START--
INFO: Run Behavior\ContentReplaceBehavior [ RunTime:0.000032s ]
INFO: [ template_filter ] --END-- [ RunTime:0.000057s ]
INFO: Run Behavior\ParseTemplateBehavior [ RunTime:0.002876s ]
INFO: [ view_parse ] --END-- [ RunTime:0.002901s ]
INFO: [ view_filter ] --START--
INFO: Run Behavior\WriteHtmlCacheBehavior [ RunTime:0.002474s ]
INFO: [ view_filter ] --END-- [ RunTime:0.002496s ]
INFO: [ app_end ] --START--
INFO: Run Behavior\ShowPageTraceBehavior [ RunTime:0.000301s ]
INFO: [ app_end ] --END-- [ RunTime:0.000324s ]

[ 2017-06-14T21:58:00+08:00 ] 101.226.33.217 /SingCms/admin.php?c=menu&a=add
INFO: [ app_init ] --START--
INFO: Run Behavior\BuildLiteBehavior [ RunTime:0.000007s ]
INFO: [ app_init ] --END-- [ RunTime:0.000203s ]
INFO: [ app_begin ] --START--
INFO: Run Behavior\ReadHtmlCacheBehavior [ RunTime:0.000256s ]
INFO: [ app_begin ] --END-- [ RunTime:0.000282s ]
NOTIC: [2] Declaration of Admin\Controller\MenuController::setStatus() should be compatible with Admin\Controller\CommonController::setStatus($data, $models) /usr/local/apache/htdocs/SingCms/Application/Admin/Controller/MenuController.class.php 第 9 行.
NOTIC: [2] Declaration of Admin\Controller\MenuController::listorder() should be compatible with Admin\Controller\CommonController::listorder($model = '') /usr/local/apache/htdocs/SingCms/Application/Admin/Controller/MenuController.class.php 第 9 行.
NOTIC: [8] Undefined variable: sing_path /usr/local/apache/htdocs/SingCms/ThinkPHP/Common/functions.php 第 991 行.
NOTIC: [8] Undefined variable: module /usr/local/apache/htdocs/SingCms/ThinkPHP/Common/functions.php 第 994 行.
NOTIC: [8] Undefined variable: var /usr/local/apache/htdocs/SingCms/ThinkPHP/Common/functions.php 第 997 行.
NOTIC: [2] array_reverse() expects parameter 1 to be array, null given /usr/local/apache/htdocs/SingCms/ThinkPHP/Common/functions.php 第 997 行.
NOTIC: [2] http_build_query(): Parameter 1 expected to be Array or Object.  Incorrect value given /usr/local/apache/htdocs/SingCms/ThinkPHP/Common/functions.php 第 997 行.

[ 2017-06-14T21:58:00+08:00 ] 101.226.33.217 /SingCms/admin.php?&c=login
INFO: [ app_init ] --START--
INFO: Run Behavior\BuildLiteBehavior [ RunTime:0.000007s ]
INFO: [ app_init ] --END-- [ RunTime:0.000219s ]
INFO: [ app_begin ] --START--
INFO: Run Behavior\ReadHtmlCacheBehavior [ RunTime:0.000258s ]
INFO: [ app_begin ] --END-- [ RunTime:0.000283s ]
INFO: [ view_parse ] --START--
INFO: [ template_filter ] --START--
INFO: Run Behavior\ContentReplaceBehavior [ RunTime:0.000034s ]
INFO: [ template_filter ] --END-- [ RunTime:0.000060s ]
INFO: Run Behavior\ParseTemplateBehavior [ RunTime:0.003929s ]
INFO: [ view_parse ] --END-- [ RunTime:0.003955s ]
INFO: [ view_filter ] --START--
INFO: Run Behavior\WriteHtmlCacheBehavior [ RunTime:0.000108s ]
INFO: [ view_filter ] --END-- [ RunTime:0.000126s ]
INFO: [ app_end ] --START--
INFO: Run Behavior\ShowPageTraceBehavior [ RunTime:0.000280s ]
INFO: [ app_end ] --END-- [ RunTime:0.000303s ]

