[ 2017-06-22T07:40:47+08:00 ] 127.0.0.1 /SingCms/admin.php?c=customer
INFO: [ app_init ] --START--
INFO: Run Behavior\BuildLiteBehavior [ RunTime:0.000000s ]
INFO: [ app_init ] --END-- [ RunTime:0.001000s ]
INFO: [ app_begin ] --START--
INFO: Run Behavior\ReadHtmlCacheBehavior [ RunTime:0.002000s ]
INFO: [ app_begin ] --END-- [ RunTime:0.003000s ]
NOTIC: [8] Undefined index: p F:\Software\wampInstall\www\SingCms\Application\Admin\Controller\CustomerController.class.php 第 13 行.
NOTIC: [8] Undefined index: customer_name F:\Software\wampInstall\www\SingCms\Application\Admin\Controller\CustomerController.class.php 第 17 行.
SQL: SHOW COLUMNS FROM `cms_customer` [ RunTime:0.0720s ]
NOTIC: [8] Undefined variable: data F:\Software\wampInstall\www\SingCms\Application\Admin\Controller\CustomerController.class.php 第 21 行.
SQL: SELECT * FROM `cms_customer` ORDER BY id desc LIMIT 0,10   [ RunTime:0.0700s ]
INFO: [ view_parse ] --START--
INFO: [ template_filter ] --START--
INFO: Run Behavior\ContentReplaceBehavior [ RunTime:0.001000s ]
INFO: [ template_filter ] --END-- [ RunTime:0.001000s ]
NOTIC: [2048] Declaration of Common\Model\MenuModel::find() should be compatible with Think\Model::find($options = Array) F:\Software\wampInstall\www\SingCms\Application\Common\Model\MenuModel.class.php 第 92 行.
SQL: SHOW COLUMNS FROM `cms_menu` [ RunTime:0.0710s ]
SQL: SELECT * FROM `cms_menu` WHERE `status` <> -1 AND `type` = 1 ORDER BY listorder desc,menu_id desc  [ RunTime:0.0710s ]
NOTIC: [8] Undefined index: a F:\Software\wampInstall\www\SingCms\Application\Common\Common\function.php 第 33 行.
NOTIC: [8] Undefined index: a F:\Software\wampInstall\www\SingCms\Application\Common\Common\function.php 第 33 行.
NOTIC: [8] Undefined index: a F:\Software\wampInstall\www\SingCms\Application\Common\Common\function.php 第 33 行.
NOTIC: [8] Undefined index: a F:\Software\wampInstall\www\SingCms\Application\Common\Common\function.php 第 33 行.
NOTIC: [8] Undefined index: a F:\Software\wampInstall\www\SingCms\Application\Common\Common\function.php 第 33 行.
NOTIC: [8] Undefined variable: new F:\Software\wampInstall\www\SingCms\Application\Runtime\Cache\Admin\88014eeacc2e3d16986256918cc5cc2e.php 第 162 行.
NOTIC: [8] Undefined variable: new F:\Software\wampInstall\www\SingCms\Application\Runtime\Cache\Admin\88014eeacc2e3d16986256918cc5cc2e.php 第 163 行.
NOTIC: [8] Undefined variable: new F:\Software\wampInstall\www\SingCms\Application\Runtime\Cache\Admin\88014eeacc2e3d16986256918cc5cc2e.php 第 166 行.
NOTIC: [8] Undefined variable: new F:\Software\wampInstall\www\SingCms\Application\Runtime\Cache\Admin\88014eeacc2e3d16986256918cc5cc2e.php 第 162 行.
NOTIC: [8] Undefined variable: new F:\Software\wampInstall\www\SingCms\Application\Runtime\Cache\Admin\88014eeacc2e3d16986256918cc5cc2e.php 第 163 行.
NOTIC: [8] Undefined variable: new F:\Software\wampInstall\www\SingCms\Application\Runtime\Cache\Admin\88014eeacc2e3d16986256918cc5cc2e.php 第 166 行.
NOTIC: [8] Undefined variable: new F:\Software\wampInstall\www\SingCms\Application\Runtime\Cache\Admin\88014eeacc2e3d16986256918cc5cc2e.php 第 162 行.
NOTIC: [8] Undefined variable: new F:\Software\wampInstall\www\SingCms\Application\Runtime\Cache\Admin\88014eeacc2e3d16986256918cc5cc2e.php 第 163 行.
NOTIC: [8] Undefined variable: new F:\Software\wampInstall\www\SingCms\Application\Runtime\Cache\Admin\88014eeacc2e3d16986256918cc5cc2e.php 第 166 行.
NOTIC: [8] Undefined variable: new F:\Software\wampInstall\www\SingCms\Application\Runtime\Cache\Admin\88014eeacc2e3d16986256918cc5cc2e.php 第 162 行.
NOTIC: [8] Undefined variable: new F:\Software\wampInstall\www\SingCms\Application\Runtime\Cache\Admin\88014eeacc2e3d16986256918cc5cc2e.php 第 163 行.
NOTIC: [8] Undefined variable: new F:\Software\wampInstall\www\SingCms\Application\Runtime\Cache\Admin\88014eeacc2e3d16986256918cc5cc2e.php 第 166 行.
NOTIC: [8] Undefined variable: new F:\Software\wampInstall\www\SingCms\Application\Runtime\Cache\Admin\88014eeacc2e3d16986256918cc5cc2e.php 第 162 行.
NOTIC: [8] Undefined variable: new F:\Software\wampInstall\www\SingCms\Application\Runtime\Cache\Admin\88014eeacc2e3d16986256918cc5cc2e.php 第 163 行.
NOTIC: [8] Undefined variable: new F:\Software\wampInstall\www\SingCms\Application\Runtime\Cache\Admin\88014eeacc2e3d16986256918cc5cc2e.php 第 166 行.
NOTIC: [8] Undefined variable: new F:\Software\wampInstall\www\SingCms\Application\Runtime\Cache\Admin\88014eeacc2e3d16986256918cc5cc2e.php 第 162 行.
NOTIC: [8] Undefined variable: new F:\Software\wampInstall\www\SingCms\Application\Runtime\Cache\Admin\88014eeacc2e3d16986256918cc5cc2e.php 第 163 行.
NOTIC: [8] Undefined variable: new F:\Software\wampInstall\www\SingCms\Application\Runtime\Cache\Admin\88014eeacc2e3d16986256918cc5cc2e.php 第 166 行.
NOTIC: [8] Undefined variable: new F:\Software\wampInstall\www\SingCms\Application\Runtime\Cache\Admin\88014eeacc2e3d16986256918cc5cc2e.php 第 162 行.
NOTIC: [8] Undefined variable: new F:\Software\wampInstall\www\SingCms\Application\Runtime\Cache\Admin\88014eeacc2e3d16986256918cc5cc2e.php 第 163 行.
NOTIC: [8] Undefined variable: new F:\Software\wampInstall\www\SingCms\Application\Runtime\Cache\Admin\88014eeacc2e3d16986256918cc5cc2e.php 第 166 行.
NOTIC: [8] Undefined variable: pageres F:\Software\wampInstall\www\SingCms\Application\Runtime\Cache\Admin\88014eeacc2e3d16986256918cc5cc2e.php 第 176 行.
NOTIC: [8] Undefined variable: pageres F:\Software\wampInstall\www\SingCms\Application\Runtime\Cache\Admin\88014eeacc2e3d16986256918cc5cc2e.php 第 179 行.
NOTIC: [8] Undefined variable: positions F:\Software\wampInstall\www\SingCms\Application\Runtime\Cache\Admin\88014eeacc2e3d16986256918cc5cc2e.php 第 190 行.
INFO: Run Behavior\ParseTemplateBehavior [ RunTime:0.209012s ]
INFO: [ view_parse ] --END-- [ RunTime:0.209012s ]
INFO: [ view_filter ] --START--
INFO: Run Behavior\WriteHtmlCacheBehavior [ RunTime:0.001000s ]
INFO: [ view_filter ] --END-- [ RunTime:0.003000s ]
INFO: [ app_end ] --START--
INFO: Run Behavior\ShowPageTraceBehavior [ RunTime:0.002000s ]
INFO: [ app_end ] --END-- [ RunTime:0.003001s ]

[ 2017-06-22T07:40:50+08:00 ] 127.0.0.1 /SingCms/admin.php?c=customer
INFO: [ app_init ] --START--
INFO: Run Behavior\BuildLiteBehavior [ RunTime:0.000000s ]
INFO: [ app_init ] --END-- [ RunTime:0.002000s ]
INFO: [ app_begin ] --START--
INFO: Run Behavior\ReadHtmlCacheBehavior [ RunTime:0.002000s ]
INFO: [ app_begin ] --END-- [ RunTime:0.002000s ]
NOTIC: [8] Undefined index: p F:\Software\wampInstall\www\SingCms\Application\Admin\Controller\CustomerController.class.php 第 13 行.
NOTIC: [8] Undefined index: customer_name F:\Software\wampInstall\www\SingCms\Application\Admin\Controller\CustomerController.class.php 第 17 行.
SQL: SHOW COLUMNS FROM `cms_customer` [ RunTime:0.0690s ]
NOTIC: [8] Undefined variable: data F:\Software\wampInstall\www\SingCms\Application\Admin\Controller\CustomerController.class.php 第 21 行.
SQL: SELECT * FROM `cms_customer` ORDER BY id desc LIMIT 0,10   [ RunTime:0.0710s ]
INFO: [ view_parse ] --START--
INFO: [ template_filter ] --START--
INFO: Run Behavior\ContentReplaceBehavior [ RunTime:0.000000s ]
INFO: [ template_filter ] --END-- [ RunTime:0.001000s ]
NOTIC: [2048] Declaration of Common\Model\MenuModel::find() should be compatible with Think\Model::find($options = Array) F:\Software\wampInstall\www\SingCms\Application\Common\Model\MenuModel.class.php 第 92 行.
SQL: SHOW COLUMNS FROM `cms_menu` [ RunTime:0.0700s ]
SQL: SELECT * FROM `cms_menu` WHERE `status` <> -1 AND `type` = 1 ORDER BY listorder desc,menu_id desc  [ RunTime:0.0680s ]
NOTIC: [8] Undefined index: a F:\Software\wampInstall\www\SingCms\Application\Common\Common\function.php 第 33 行.
NOTIC: [8] Undefined index: a F:\Software\wampInstall\www\SingCms\Application\Common\Common\function.php 第 33 行.
NOTIC: [8] Undefined index: a F:\Software\wampInstall\www\SingCms\Application\Common\Common\function.php 第 33 行.
NOTIC: [8] Undefined index: a F:\Software\wampInstall\www\SingCms\Application\Common\Common\function.php 第 33 行.
NOTIC: [8] Undefined index: a F:\Software\wampInstall\www\SingCms\Application\Common\Common\function.php 第 33 行.
NOTIC: [8] Undefined variable: new F:\Software\wampInstall\www\SingCms\Application\Runtime\Cache\Admin\88014eeacc2e3d16986256918cc5cc2e.php 第 162 行.
NOTIC: [8] Undefined variable: new F:\Software\wampInstall\www\SingCms\Application\Runtime\Cache\Admin\88014eeacc2e3d16986256918cc5cc2e.php 第 163 行.
NOTIC: [8] Undefined variable: new F:\Software\wampInstall\www\SingCms\Application\Runtime\Cache\Admin\88014eeacc2e3d16986256918cc5cc2e.php 第 166 行.
NOTIC: [8] Undefined variable: new F:\Software\wampInstall\www\SingCms\Application\Runtime\Cache\Admin\88014eeacc2e3d16986256918cc5cc2e.php 第 162 行.
NOTIC: [8] Undefined variable: new F:\Software\wampInstall\www\SingCms\Application\Runtime\Cache\Admin\88014eeacc2e3d16986256918cc5cc2e.php 第 163 行.
NOTIC: [8] Undefined variable: new F:\Software\wampInstall\www\SingCms\Application\Runtime\Cache\Admin\88014eeacc2e3d16986256918cc5cc2e.php 第 166 行.
NOTIC: [8] Undefined variable: new F:\Software\wampInstall\www\SingCms\Application\Runtime\Cache\Admin\88014eeacc2e3d16986256918cc5cc2e.php 第 162 行.
NOTIC: [8] Undefined variable: new F:\Software\wampInstall\www\SingCms\Application\Runtime\Cache\Admin\88014eeacc2e3d16986256918cc5cc2e.php 第 163 行.
NOTIC: [8] Undefined variable: new F:\Software\wampInstall\www\SingCms\Application\Runtime\Cache\Admin\88014eeacc2e3d16986256918cc5cc2e.php 第 166 行.
NOTIC: [8] Undefined variable: new F:\Software\wampInstall\www\SingCms\Application\Runtime\Cache\Admin\88014eeacc2e3d16986256918cc5cc2e.php 第 162 行.
NOTIC: [8] Undefined variable: new F:\Software\wampInstall\www\SingCms\Application\Runtime\Cache\Admin\88014eeacc2e3d16986256918cc5cc2e.php 第 163 行.
NOTIC: [8] Undefined variable: new F:\Software\wampInstall\www\SingCms\Application\Runtime\Cache\Admin\88014eeacc2e3d16986256918cc5cc2e.php 第 166 行.
NOTIC: [8] Undefined variable: new F:\Software\wampInstall\www\SingCms\Application\Runtime\Cache\Admin\88014eeacc2e3d16986256918cc5cc2e.php 第 162 行.
NOTIC: [8] Undefined variable: new F:\Software\wampInstall\www\SingCms\Application\Runtime\Cache\Admin\88014eeacc2e3d16986256918cc5cc2e.php 第 163 行.
NOTIC: [8] Undefined variable: new F:\Software\wampInstall\www\SingCms\Application\Runtime\Cache\Admin\88014eeacc2e3d16986256918cc5cc2e.php 第 166 行.
NOTIC: [8] Undefined variable: new F:\Software\wampInstall\www\SingCms\Application\Runtime\Cache\Admin\88014eeacc2e3d16986256918cc5cc2e.php 第 162 行.
NOTIC: [8] Undefined variable: new F:\Software\wampInstall\www\SingCms\Application\Runtime\Cache\Admin\88014eeacc2e3d16986256918cc5cc2e.php 第 163 行.
NOTIC: [8] Undefined variable: new F:\Software\wampInstall\www\SingCms\Application\Runtime\Cache\Admin\88014eeacc2e3d16986256918cc5cc2e.php 第 166 行.
NOTIC: [8] Undefined variable: new F:\Software\wampInstall\www\SingCms\Application\Runtime\Cache\Admin\88014eeacc2e3d16986256918cc5cc2e.php 第 162 行.
NOTIC: [8] Undefined variable: new F:\Software\wampInstall\www\SingCms\Application\Runtime\Cache\Admin\88014eeacc2e3d16986256918cc5cc2e.php 第 163 行.
NOTIC: [8] Undefined variable: new F:\Software\wampInstall\www\SingCms\Application\Runtime\Cache\Admin\88014eeacc2e3d16986256918cc5cc2e.php 第 166 行.
NOTIC: [8] Undefined variable: pageres F:\Software\wampInstall\www\SingCms\Application\Runtime\Cache\Admin\88014eeacc2e3d16986256918cc5cc2e.php 第 176 行.
NOTIC: [8] Undefined variable: pageres F:\Software\wampInstall\www\SingCms\Application\Runtime\Cache\Admin\88014eeacc2e3d16986256918cc5cc2e.php 第 179 行.
NOTIC: [8] Undefined variable: positions F:\Software\wampInstall\www\SingCms\Application\Runtime\Cache\Admin\88014eeacc2e3d16986256918cc5cc2e.php 第 190 行.
INFO: Run Behavior\ParseTemplateBehavior [ RunTime:0.193011s ]
INFO: [ view_parse ] --END-- [ RunTime:0.195011s ]
INFO: [ view_filter ] --START--
INFO: Run Behavior\WriteHtmlCacheBehavior [ RunTime:0.001000s ]
INFO: [ view_filter ] --END-- [ RunTime:0.001000s ]
INFO: [ app_end ] --START--
INFO: Run Behavior\ShowPageTraceBehavior [ RunTime:0.001000s ]
INFO: [ app_end ] --END-- [ RunTime:0.001000s ]

[ 2017-06-22T07:40:57+08:00 ] 127.0.0.1 /SingCms/admin.php?c=content
INFO: [ app_init ] --START--
INFO: Run Behavior\BuildLiteBehavior [ RunTime:0.000000s ]
INFO: [ app_init ] --END-- [ RunTime:0.001000s ]
INFO: [ app_begin ] --START--
INFO: Run Behavior\ReadHtmlCacheBehavior [ RunTime:0.001000s ]
INFO: [ app_begin ] --END-- [ RunTime:0.002000s ]
NOTIC: [2048] Declaration of Admin\Controller\ContentController::setStatus() should be compatible with Admin\Controller\CommonController::setStatus($data, $models) F:\Software\wampInstall\www\SingCms\Application\Admin\Controller\ContentController.class.php 第 12 行.
NOTIC: [2048] Declaration of Admin\Controller\ContentController::listorder() should be compatible with Admin\Controller\CommonController::listorder($model = '') F:\Software\wampInstall\www\SingCms\Application\Admin\Controller\ContentController.class.php 第 12 行.
NOTIC: [8] Undefined index: title F:\Software\wampInstall\www\SingCms\Application\Admin\Controller\ContentController.class.php 第 16 行.
NOTIC: [8] Undefined index: catid F:\Software\wampInstall\www\SingCms\Application\Admin\Controller\ContentController.class.php 第 20 行.
NOTIC: [8] Undefined index: p F:\Software\wampInstall\www\SingCms\Application\Admin\Controller\ContentController.class.php 第 24 行.
NOTIC: [2048] Declaration of Common\Model\NewsModel::find() should be compatible with Think\Model::find($options = Array) F:\Software\wampInstall\www\SingCms\Application\Common\Model\NewsModel.class.php 第 9 行.
SQL: SHOW COLUMNS FROM `cms_news` [ RunTime:0.0750s ]
SQL: SELECT * FROM `cms_news` WHERE `status` <> -1 ORDER BY listorder desc ,news_id desc LIMIT 0,10   [ RunTime:0.0760s ]
SQL: SELECT COUNT(*) AS tp_count FROM `cms_news` WHERE `status` <> -1 LIMIT 1   [ RunTime:0.9081s ]
NOTIC: [8] Undefined variable: sing_path F:\Software\wampInstall\www\SingCms\ThinkPHP\Common\functions.php 第 991 行.
NOTIC: [2048] Declaration of Common\Model\PositionModel::find() should be compatible with Think\Model::find($options = Array) F:\Software\wampInstall\www\SingCms\Application\Common\Model\PositionModel.class.php 第 81 行.
SQL: SHOW COLUMNS FROM `cms_position` [ RunTime:0.0830s ]
SQL: SELECT * FROM `cms_position` WHERE `status` = 1 ORDER BY id  [ RunTime:0.9081s ]
NOTIC: [2048] Declaration of Common\Model\MenuModel::find() should be compatible with Think\Model::find($options = Array) F:\Software\wampInstall\www\SingCms\Application\Common\Model\MenuModel.class.php 第 92 行.
SQL: SHOW COLUMNS FROM `cms_menu` [ RunTime:0.0750s ]
SQL: SELECT * FROM `cms_menu` WHERE `status` = 1 AND `type` = 0 ORDER BY listorder desc,menu_id desc  [ RunTime:0.1050s ]
INFO: [ view_parse ] --START--
INFO: [ template_filter ] --START--
INFO: Run Behavior\ContentReplaceBehavior [ RunTime:0.000000s ]
INFO: [ template_filter ] --END-- [ RunTime:0.001000s ]
SQL: SELECT * FROM `cms_menu` WHERE `status` <> -1 AND `type` = 1 ORDER BY listorder desc,menu_id desc  [ RunTime:0.9151s ]
NOTIC: [8] Undefined index: a F:\Software\wampInstall\www\SingCms\Application\Common\Common\function.php 第 33 行.
NOTIC: [8] Undefined index: a F:\Software\wampInstall\www\SingCms\Application\Common\Common\function.php 第 33 行.
NOTIC: [8] Undefined index: a F:\Software\wampInstall\www\SingCms\Application\Common\Common\function.php 第 33 行.
NOTIC: [8] Undefined index: a F:\Software\wampInstall\www\SingCms\Application\Common\Common\function.php 第 33 行.
NOTIC: [8] Undefined index: a F:\Software\wampInstall\www\SingCms\Application\Common\Common\function.php 第 33 行.
INFO: Run Behavior\ParseTemplateBehavior [ RunTime:0.972056s ]
INFO: [ view_parse ] --END-- [ RunTime:0.972056s ]
INFO: [ view_filter ] --START--
INFO: Run Behavior\WriteHtmlCacheBehavior [ RunTime:0.001000s ]
INFO: [ view_filter ] --END-- [ RunTime:0.002000s ]
INFO: [ app_end ] --START--
INFO: Run Behavior\ShowPageTraceBehavior [ RunTime:0.002000s ]
INFO: [ app_end ] --END-- [ RunTime:0.002000s ]

[ 2017-06-22T07:41:02+08:00 ] 127.0.0.1 /SingCms/admin.php?c=menu
INFO: [ app_init ] --START--
INFO: Run Behavior\BuildLiteBehavior [ RunTime:0.000000s ]
INFO: [ app_init ] --END-- [ RunTime:0.002000s ]
INFO: [ app_begin ] --START--
INFO: Run Behavior\ReadHtmlCacheBehavior [ RunTime:0.002000s ]
INFO: [ app_begin ] --END-- [ RunTime:0.002000s ]
NOTIC: [2048] Declaration of Admin\Controller\MenuController::setStatus() should be compatible with Admin\Controller\CommonController::setStatus($data, $models) F:\Software\wampInstall\www\SingCms\Application\Admin\Controller\MenuController.class.php 第 9 行.
NOTIC: [2048] Declaration of Admin\Controller\MenuController::listorder() should be compatible with Admin\Controller\CommonController::listorder($model = '') F:\Software\wampInstall\www\SingCms\Application\Admin\Controller\MenuController.class.php 第 9 行.
NOTIC: [8] Undefined index: p F:\Software\wampInstall\www\SingCms\Application\Admin\Controller\MenuController.class.php 第 52 行.
NOTIC: [8] Undefined index: pageSize F:\Software\wampInstall\www\SingCms\Application\Admin\Controller\MenuController.class.php 第 53 行.
NOTIC: [2048] Declaration of Common\Model\MenuModel::find() should be compatible with Think\Model::find($options = Array) F:\Software\wampInstall\www\SingCms\Application\Common\Model\MenuModel.class.php 第 5 行.
SQL: SHOW COLUMNS FROM `cms_menu` [ RunTime:0.0720s ]
SQL: SELECT * FROM `cms_menu` WHERE `type` = 1 AND `status` <> -1 ORDER BY listorder desc,menu_id desc LIMIT 0,3   [ RunTime:0.0740s ]
SQL: SELECT COUNT(*) AS tp_count FROM `cms_menu` WHERE `type` = 1 AND `status` <> -1 LIMIT 1   [ RunTime:0.0720s ]
NOTIC: [8] Undefined variable: sing_path F:\Software\wampInstall\www\SingCms\ThinkPHP\Common\functions.php 第 991 行.
INFO: [ view_parse ] --START--
INFO: [ template_filter ] --START--
INFO: Run Behavior\ContentReplaceBehavior [ RunTime:0.001000s ]
INFO: [ template_filter ] --END-- [ RunTime:0.001000s ]
SQL: SELECT * FROM `cms_menu` WHERE `status` <> -1 AND `type` = 1 ORDER BY listorder desc,menu_id desc  [ RunTime:0.0730s ]
NOTIC: [8] Undefined index: a F:\Software\wampInstall\www\SingCms\Application\Common\Common\function.php 第 33 行.
NOTIC: [8] Undefined index: a F:\Software\wampInstall\www\SingCms\Application\Common\Common\function.php 第 33 行.
NOTIC: [8] Undefined index: a F:\Software\wampInstall\www\SingCms\Application\Common\Common\function.php 第 33 行.
NOTIC: [8] Undefined index: a F:\Software\wampInstall\www\SingCms\Application\Common\Common\function.php 第 33 行.
NOTIC: [8] Undefined index: a F:\Software\wampInstall\www\SingCms\Application\Common\Common\function.php 第 33 行.
NOTIC: [8] Undefined variable: nav F:\Software\wampInstall\www\SingCms\Application\Runtime\Cache\Admin\b956215329b6f9aca22277599a4efdfc.php 第 113 行.
INFO: Run Behavior\ParseTemplateBehavior [ RunTime:0.124007s ]
INFO: [ view_parse ] --END-- [ RunTime:0.125007s ]
INFO: [ view_filter ] --START--
INFO: Run Behavior\WriteHtmlCacheBehavior [ RunTime:0.001000s ]
INFO: [ view_filter ] --END-- [ RunTime:0.001000s ]
INFO: [ app_end ] --START--
INFO: Run Behavior\ShowPageTraceBehavior [ RunTime:0.001000s ]
INFO: [ app_end ] --END-- [ RunTime:0.002000s ]

[ 2017-06-22T07:41:14+08:00 ] 127.0.0.1 /SingCms/admin.php?m=Admin&c=Menu&a=index&p=2
INFO: [ app_init ] --START--
INFO: Run Behavior\BuildLiteBehavior [ RunTime:0.000000s ]
INFO: [ app_init ] --END-- [ RunTime:0.001000s ]
INFO: [ app_begin ] --START--
INFO: Run Behavior\ReadHtmlCacheBehavior [ RunTime:0.002000s ]
INFO: [ app_begin ] --END-- [ RunTime:0.002000s ]
NOTIC: [2048] Declaration of Admin\Controller\MenuController::setStatus() should be compatible with Admin\Controller\CommonController::setStatus($data, $models) F:\Software\wampInstall\www\SingCms\Application\Admin\Controller\MenuController.class.php 第 9 行.
NOTIC: [2048] Declaration of Admin\Controller\MenuController::listorder() should be compatible with Admin\Controller\CommonController::listorder($model = '') F:\Software\wampInstall\www\SingCms\Application\Admin\Controller\MenuController.class.php 第 9 行.
NOTIC: [8] Undefined index: pageSize F:\Software\wampInstall\www\SingCms\Application\Admin\Controller\MenuController.class.php 第 53 行.
NOTIC: [2048] Declaration of Common\Model\MenuModel::find() should be compatible with Think\Model::find($options = Array) F:\Software\wampInstall\www\SingCms\Application\Common\Model\MenuModel.class.php 第 5 行.
SQL: SHOW COLUMNS FROM `cms_menu` [ RunTime:0.9031s ]
SQL: SELECT * FROM `cms_menu` WHERE `type` = 1 AND `status` <> -1 ORDER BY listorder desc,menu_id desc LIMIT 3,3   [ RunTime:0.0720s ]
SQL: SELECT COUNT(*) AS tp_count FROM `cms_menu` WHERE `type` = 1 AND `status` <> -1 LIMIT 1   [ RunTime:0.0720s ]
NOTIC: [8] Undefined variable: sing_path F:\Software\wampInstall\www\SingCms\ThinkPHP\Common\functions.php 第 991 行.
INFO: [ view_parse ] --START--
INFO: [ template_filter ] --START--
INFO: Run Behavior\ContentReplaceBehavior [ RunTime:0.001000s ]
INFO: [ template_filter ] --END-- [ RunTime:0.001000s ]
SQL: SELECT * FROM `cms_menu` WHERE `status` <> -1 AND `type` = 1 ORDER BY listorder desc,menu_id desc  [ RunTime:0.0730s ]
NOTIC: [8] Undefined index: a F:\Software\wampInstall\www\SingCms\Application\Common\Common\function.php 第 33 行.
NOTIC: [8] Undefined index: a F:\Software\wampInstall\www\SingCms\Application\Common\Common\function.php 第 33 行.
NOTIC: [8] Undefined index: a F:\Software\wampInstall\www\SingCms\Application\Common\Common\function.php 第 33 行.
NOTIC: [8] Undefined index: a F:\Software\wampInstall\www\SingCms\Application\Common\Common\function.php 第 33 行.
NOTIC: [8] Undefined index: a F:\Software\wampInstall\www\SingCms\Application\Common\Common\function.php 第 33 行.
NOTIC: [8] Undefined variable: nav F:\Software\wampInstall\www\SingCms\Application\Runtime\Cache\Admin\b956215329b6f9aca22277599a4efdfc.php 第 113 行.
INFO: Run Behavior\ParseTemplateBehavior [ RunTime:0.130007s ]
INFO: [ view_parse ] --END-- [ RunTime:0.131007s ]
INFO: [ view_filter ] --START--
INFO: Run Behavior\WriteHtmlCacheBehavior [ RunTime:0.002000s ]
INFO: [ view_filter ] --END-- [ RunTime:0.002000s ]
INFO: [ app_end ] --START--
INFO: Run Behavior\ShowPageTraceBehavior [ RunTime:0.001000s ]
INFO: [ app_end ] --END-- [ RunTime:0.003000s ]

[ 2017-06-22T21:13:26+08:00 ] ::1 /SingCms/admin.php?m=Admin&c=Menu&a=index&p=2
INFO: [ app_init ] --START--
INFO: Run Behavior\BuildLiteBehavior [ RunTime:0.000000s ]
INFO: [ app_init ] --END-- [ RunTime:0.000000s ]
INFO: [ app_begin ] --START--
INFO: Run Behavior\ReadHtmlCacheBehavior [ RunTime:0.000000s ]
INFO: [ app_begin ] --END-- [ RunTime:0.000000s ]
NOTIC: [2048] Declaration of Admin\Controller\MenuController::setStatus() should be compatible with Admin\Controller\CommonController::setStatus($data, $models) F:\Software\wampInstall\www\SingCms\Application\Admin\Controller\MenuController.class.php 第 9 行.
NOTIC: [2048] Declaration of Admin\Controller\MenuController::listorder() should be compatible with Admin\Controller\CommonController::listorder($model = '') F:\Software\wampInstall\www\SingCms\Application\Admin\Controller\MenuController.class.php 第 9 行.
NOTIC: [8] Undefined variable: sing_path F:\Software\wampInstall\www\SingCms\ThinkPHP\Common\functions.php 第 991 行.
NOTIC: [8] Undefined variable: module F:\Software\wampInstall\www\SingCms\ThinkPHP\Common\functions.php 第 994 行.
NOTIC: [8] Undefined variable: var F:\Software\wampInstall\www\SingCms\ThinkPHP\Common\functions.php 第 997 行.
NOTIC: [2] array_reverse() expects parameter 1 to be array, null given F:\Software\wampInstall\www\SingCms\ThinkPHP\Common\functions.php 第 997 行.
NOTIC: [2] http_build_query(): Parameter 1 expected to be Array or Object.  Incorrect value given F:\Software\wampInstall\www\SingCms\ThinkPHP\Common\functions.php 第 997 行.

[ 2017-06-22T21:13:26+08:00 ] ::1 /SingCms/admin.php?&c=login
INFO: [ app_init ] --START--
INFO: Run Behavior\BuildLiteBehavior [ RunTime:0.000000s ]
INFO: [ app_init ] --END-- [ RunTime:0.000000s ]
INFO: [ app_begin ] --START--
INFO: Run Behavior\ReadHtmlCacheBehavior [ RunTime:0.000000s ]
INFO: [ app_begin ] --END-- [ RunTime:0.000000s ]
INFO: [ view_parse ] --START--
INFO: [ template_filter ] --START--
INFO: Run Behavior\ContentReplaceBehavior [ RunTime:0.000000s ]
INFO: [ template_filter ] --END-- [ RunTime:0.015600s ]
INFO: Run Behavior\ParseTemplateBehavior [ RunTime:0.031200s ]
INFO: [ view_parse ] --END-- [ RunTime:0.031200s ]
INFO: [ view_filter ] --START--
INFO: Run Behavior\WriteHtmlCacheBehavior [ RunTime:0.000000s ]
INFO: [ view_filter ] --END-- [ RunTime:0.000000s ]
INFO: [ app_end ] --START--
INFO: Run Behavior\ShowPageTraceBehavior [ RunTime:0.000000s ]
INFO: [ app_end ] --END-- [ RunTime:0.000000s ]

[ 2017-06-22T21:13:38+08:00 ] ::1 /SingCms/admin.php?c=login&a=check
INFO: [ app_init ] --START--
INFO: Run Behavior\BuildLiteBehavior [ RunTime:0.000000s ]
INFO: [ app_init ] --END-- [ RunTime:0.001000s ]
INFO: [ app_begin ] --START--
INFO: Run Behavior\ReadHtmlCacheBehavior [ RunTime:0.002001s ]
INFO: [ app_begin ] --END-- [ RunTime:0.002001s ]
SQL: SHOW COLUMNS FROM `cms_admin` [ RunTime:0.2226s ]
SQL: SELECT * FROM `cms_admin` WHERE ( username="admin" ) LIMIT 1   [ RunTime:0.6964s ]
SQL: UPDATE `cms_admin` SET `lastlogintime`='1498137217' WHERE ( admin_id=1 ) [ RunTime:0.2138s ]

[ 2017-06-22T21:13:39+08:00 ] ::1 /SingCms/admin.php?c=login&a=check
INFO: [ app_init ] --START--
INFO: Run Behavior\BuildLiteBehavior [ RunTime:0.000000s ]
INFO: [ app_init ] --END-- [ RunTime:0.000000s ]
INFO: [ app_begin ] --START--
INFO: Run Behavior\ReadHtmlCacheBehavior [ RunTime:0.000000s ]
INFO: [ app_begin ] --END-- [ RunTime:0.000000s ]
SQL: SHOW COLUMNS FROM `cms_admin` [ RunTime:0.1730s ]
SQL: SELECT * FROM `cms_admin` WHERE ( username="admin" ) LIMIT 1   [ RunTime:0.1360s ]
SQL: UPDATE `cms_admin` SET `lastlogintime`='1498137219' WHERE ( admin_id=1 ) [ RunTime:0.1770s ]

[ 2017-06-22T21:13:43+08:00 ] ::1 /SingCms/admin.php?c=index&a=index
INFO: [ app_init ] --START--
INFO: Run Behavior\BuildLiteBehavior [ RunTime:0.000000s ]
INFO: [ app_init ] --END-- [ RunTime:0.001000s ]
INFO: [ app_begin ] --START--
INFO: Run Behavior\ReadHtmlCacheBehavior [ RunTime:0.001000s ]
INFO: [ app_begin ] --END-- [ RunTime:0.001000s ]
NOTIC: [2048] Declaration of Common\Model\NewsModel::find() should be compatible with Think\Model::find($options = Array) F:\Software\wampInstall\www\SingCms\Application\Common\Model\NewsModel.class.php 第 9 行.
SQL: SHOW COLUMNS FROM `cms_news` [ RunTime:0.2050s ]
SQL: SELECT * FROM `cms_news` WHERE `status` = 1 ORDER BY count desc LIMIT 1   [ RunTime:0.6460s ]
SQL: SELECT COUNT(*) AS tp_count FROM `cms_news` WHERE `status` <> -1 LIMIT 1   [ RunTime:0.1690s ]
NOTIC: [2048] Declaration of Common\Model\PositionModel::find() should be compatible with Think\Model::find($options = Array) F:\Software\wampInstall\www\SingCms\Application\Common\Model\PositionModel.class.php 第 81 行.
SQL: SHOW COLUMNS FROM `cms_position` [ RunTime:0.1990s ]
SQL: SELECT COUNT(*) AS tp_count FROM `cms_position` WHERE `status` = 1 LIMIT 1   [ RunTime:0.2040s ]
SQL: SHOW COLUMNS FROM `cms_admin` [ RunTime:0.2010s ]
SQL: SELECT COUNT(*) AS tp_count FROM `cms_admin` WHERE `status` = 1 AND `lastlogintime` > 1498060800 LIMIT 1   [ RunTime:0.1380s ]
NOTIC: [2] Illegal string offset 'tp_count' F:\Software\wampInstall\www\SingCms\Application\Common\Model\AdminModel.class.php 第 75 行.
INFO: [ view_parse ] --START--
INFO: [ template_filter ] --START--
INFO: Run Behavior\ContentReplaceBehavior [ RunTime:0.000000s ]
INFO: [ template_filter ] --END-- [ RunTime:0.001000s ]
NOTIC: [2048] Declaration of Common\Model\MenuModel::find() should be compatible with Think\Model::find($options = Array) F:\Software\wampInstall\www\SingCms\Application\Common\Model\MenuModel.class.php 第 92 行.
SQL: SHOW COLUMNS FROM `cms_menu` [ RunTime:0.1540s ]
SQL: SELECT * FROM `cms_menu` WHERE `status` <> -1 AND `type` = 1 ORDER BY listorder desc,menu_id desc  [ RunTime:0.1470s ]
NOTIC: [8] Undefined index: a F:\Software\wampInstall\www\SingCms\Application\Common\Common\function.php 第 33 行.
NOTIC: [8] Undefined index: a F:\Software\wampInstall\www\SingCms\Application\Common\Common\function.php 第 33 行.
NOTIC: [8] Undefined index: a F:\Software\wampInstall\www\SingCms\Application\Common\Common\function.php 第 33 行.
NOTIC: [8] Undefined index: a F:\Software\wampInstall\www\SingCms\Application\Common\Common\function.php 第 33 行.
NOTIC: [8] Undefined index: a F:\Software\wampInstall\www\SingCms\Application\Common\Common\function.php 第 33 行.
INFO: Run Behavior\ParseTemplateBehavior [ RunTime:0.420024s ]
INFO: [ view_parse ] --END-- [ RunTime:0.420024s ]
INFO: [ view_filter ] --START--
INFO: Run Behavior\WriteHtmlCacheBehavior [ RunTime:0.002001s ]
INFO: [ view_filter ] --END-- [ RunTime:0.003001s ]
INFO: [ app_end ] --START--
INFO: Run Behavior\ShowPageTraceBehavior [ RunTime:0.002000s ]
INFO: [ app_end ] --END-- [ RunTime:0.003000s ]

[ 2017-06-22T21:13:45+08:00 ] ::1 /SingCms/admin.php?c=index&a=index
INFO: [ app_init ] --START--
INFO: Run Behavior\BuildLiteBehavior [ RunTime:0.000000s ]
INFO: [ app_init ] --END-- [ RunTime:0.001000s ]
INFO: [ app_begin ] --START--
INFO: Run Behavior\ReadHtmlCacheBehavior [ RunTime:0.002000s ]
INFO: [ app_begin ] --END-- [ RunTime:0.002000s ]
NOTIC: [2048] Declaration of Common\Model\NewsModel::find() should be compatible with Think\Model::find($options = Array) F:\Software\wampInstall\www\SingCms\Application\Common\Model\NewsModel.class.php 第 9 行.
SQL: SHOW COLUMNS FROM `cms_news` [ RunTime:0.0950s ]
SQL: SELECT * FROM `cms_news` WHERE `status` = 1 ORDER BY count desc LIMIT 1   [ RunTime:0.0970s ]
SQL: SELECT COUNT(*) AS tp_count FROM `cms_news` WHERE `status` <> -1 LIMIT 1   [ RunTime:0.0940s ]
NOTIC: [2048] Declaration of Common\Model\PositionModel::find() should be compatible with Think\Model::find($options = Array) F:\Software\wampInstall\www\SingCms\Application\Common\Model\PositionModel.class.php 第 81 行.
SQL: SHOW COLUMNS FROM `cms_position` [ RunTime:0.0960s ]
SQL: SELECT COUNT(*) AS tp_count FROM `cms_position` WHERE `status` = 1 LIMIT 1   [ RunTime:0.1100s ]
SQL: SHOW COLUMNS FROM `cms_admin` [ RunTime:0.0950s ]
SQL: SELECT COUNT(*) AS tp_count FROM `cms_admin` WHERE `status` = 1 AND `lastlogintime` > 1498060800 LIMIT 1   [ RunTime:0.0940s ]
NOTIC: [2] Illegal string offset 'tp_count' F:\Software\wampInstall\www\SingCms\Application\Common\Model\AdminModel.class.php 第 75 行.
INFO: [ view_parse ] --START--
INFO: [ template_filter ] --START--
INFO: Run Behavior\ContentReplaceBehavior [ RunTime:0.000000s ]
INFO: [ template_filter ] --END-- [ RunTime:0.001000s ]
NOTIC: [2048] Declaration of Common\Model\MenuModel::find() should be compatible with Think\Model::find($options = Array) F:\Software\wampInstall\www\SingCms\Application\Common\Model\MenuModel.class.php 第 92 行.
SQL: SHOW COLUMNS FROM `cms_menu` [ RunTime:0.0960s ]
SQL: SELECT * FROM `cms_menu` WHERE `status` <> -1 AND `type` = 1 ORDER BY listorder desc,menu_id desc  [ RunTime:0.0970s ]
NOTIC: [8] Undefined index: a F:\Software\wampInstall\www\SingCms\Application\Common\Common\function.php 第 33 行.
NOTIC: [8] Undefined index: a F:\Software\wampInstall\www\SingCms\Application\Common\Common\function.php 第 33 行.
NOTIC: [8] Undefined index: a F:\Software\wampInstall\www\SingCms\Application\Common\Common\function.php 第 33 行.
NOTIC: [8] Undefined index: a F:\Software\wampInstall\www\SingCms\Application\Common\Common\function.php 第 33 行.
NOTIC: [8] Undefined index: a F:\Software\wampInstall\www\SingCms\Application\Common\Common\function.php 第 33 行.
INFO: Run Behavior\ParseTemplateBehavior [ RunTime:0.241014s ]
INFO: [ view_parse ] --END-- [ RunTime:0.241014s ]
INFO: [ view_filter ] --START--
INFO: Run Behavior\WriteHtmlCacheBehavior [ RunTime:0.003000s ]
INFO: [ view_filter ] --END-- [ RunTime:0.003000s ]
INFO: [ app_end ] --START--
INFO: Run Behavior\ShowPageTraceBehavior [ RunTime:0.003001s ]
INFO: [ app_end ] --END-- [ RunTime:0.003001s ]

[ 2017-06-22T21:13:46+08:00 ] ::1 /SingCms/admin.php?c=index&a=index
INFO: [ app_init ] --START--
INFO: Run Behavior\BuildLiteBehavior [ RunTime:0.000000s ]
INFO: [ app_init ] --END-- [ RunTime:0.001000s ]
INFO: [ app_begin ] --START--
INFO: Run Behavior\ReadHtmlCacheBehavior [ RunTime:0.002000s ]
INFO: [ app_begin ] --END-- [ RunTime:0.002000s ]
NOTIC: [2048] Declaration of Common\Model\NewsModel::find() should be compatible with Think\Model::find($options = Array) F:\Software\wampInstall\www\SingCms\Application\Common\Model\NewsModel.class.php 第 9 行.
SQL: SHOW COLUMNS FROM `cms_news` [ RunTime:0.0930s ]
SQL: SELECT * FROM `cms_news` WHERE `status` = 1 ORDER BY count desc LIMIT 1   [ RunTime:0.1050s ]
SQL: SELECT COUNT(*) AS tp_count FROM `cms_news` WHERE `status` <> -1 LIMIT 1   [ RunTime:0.0950s ]
NOTIC: [2048] Declaration of Common\Model\PositionModel::find() should be compatible with Think\Model::find($options = Array) F:\Software\wampInstall\www\SingCms\Application\Common\Model\PositionModel.class.php 第 81 行.
SQL: SHOW COLUMNS FROM `cms_position` [ RunTime:0.0930s ]
SQL: SELECT COUNT(*) AS tp_count FROM `cms_position` WHERE `status` = 1 LIMIT 1   [ RunTime:0.0920s ]
SQL: SHOW COLUMNS FROM `cms_admin` [ RunTime:0.0950s ]
SQL: SELECT COUNT(*) AS tp_count FROM `cms_admin` WHERE `status` = 1 AND `lastlogintime` > 1498060800 LIMIT 1   [ RunTime:0.1010s ]
NOTIC: [2] Illegal string offset 'tp_count' F:\Software\wampInstall\www\SingCms\Application\Common\Model\AdminModel.class.php 第 75 行.
INFO: [ view_parse ] --START--
INFO: [ template_filter ] --START--
INFO: Run Behavior\ContentReplaceBehavior [ RunTime:0.001000s ]
INFO: [ template_filter ] --END-- [ RunTime:0.001000s ]
NOTIC: [2048] Declaration of Common\Model\MenuModel::find() should be compatible with Think\Model::find($options = Array) F:\Software\wampInstall\www\SingCms\Application\Common\Model\MenuModel.class.php 第 92 行.
SQL: SHOW COLUMNS FROM `cms_menu` [ RunTime:0.1000s ]
SQL: SELECT * FROM `cms_menu` WHERE `status` <> -1 AND `type` = 1 ORDER BY listorder desc,menu_id desc  [ RunTime:0.0900s ]
NOTIC: [8] Undefined index: a F:\Software\wampInstall\www\SingCms\Application\Common\Common\function.php 第 33 行.
NOTIC: [8] Undefined index: a F:\Software\wampInstall\www\SingCms\Application\Common\Common\function.php 第 33 行.
NOTIC: [8] Undefined index: a F:\Software\wampInstall\www\SingCms\Application\Common\Common\function.php 第 33 行.
NOTIC: [8] Undefined index: a F:\Software\wampInstall\www\SingCms\Application\Common\Common\function.php 第 33 行.
NOTIC: [8] Undefined index: a F:\Software\wampInstall\www\SingCms\Application\Common\Common\function.php 第 33 行.
INFO: Run Behavior\ParseTemplateBehavior [ RunTime:0.230013s ]
INFO: [ view_parse ] --END-- [ RunTime:0.231014s ]
INFO: [ view_filter ] --START--
INFO: Run Behavior\WriteHtmlCacheBehavior [ RunTime:0.001000s ]
INFO: [ view_filter ] --END-- [ RunTime:0.001000s ]
INFO: [ app_end ] --START--
INFO: Run Behavior\ShowPageTraceBehavior [ RunTime:0.002000s ]
INFO: [ app_end ] --END-- [ RunTime:0.002000s ]

[ 2017-06-22T21:13:51+08:00 ] ::1 /SingCms/admin.php?c=content
INFO: [ app_init ] --START--
INFO: Run Behavior\BuildLiteBehavior [ RunTime:0.000000s ]
INFO: [ app_init ] --END-- [ RunTime:0.000000s ]
INFO: [ app_begin ] --START--
INFO: Run Behavior\ReadHtmlCacheBehavior [ RunTime:0.000000s ]
INFO: [ app_begin ] --END-- [ RunTime:0.000000s ]
NOTIC: [2048] Declaration of Admin\Controller\ContentController::setStatus() should be compatible with Admin\Controller\CommonController::setStatus($data, $models) F:\Software\wampInstall\www\SingCms\Application\Admin\Controller\ContentController.class.php 第 12 行.
NOTIC: [2048] Declaration of Admin\Controller\ContentController::listorder() should be compatible with Admin\Controller\CommonController::listorder($model = '') F:\Software\wampInstall\www\SingCms\Application\Admin\Controller\ContentController.class.php 第 12 行.
NOTIC: [8] Undefined index: title F:\Software\wampInstall\www\SingCms\Application\Admin\Controller\ContentController.class.php 第 16 行.
NOTIC: [8] Undefined index: catid F:\Software\wampInstall\www\SingCms\Application\Admin\Controller\ContentController.class.php 第 20 行.
NOTIC: [8] Undefined index: p F:\Software\wampInstall\www\SingCms\Application\Admin\Controller\ContentController.class.php 第 24 行.
NOTIC: [2048] Declaration of Common\Model\NewsModel::find() should be compatible with Think\Model::find($options = Array) F:\Software\wampInstall\www\SingCms\Application\Common\Model\NewsModel.class.php 第 9 行.
SQL: SHOW COLUMNS FROM `cms_news` [ RunTime:0.1092s ]
SQL: SELECT * FROM `cms_news` WHERE `status` <> -1 ORDER BY listorder desc ,news_id desc LIMIT 0,10   [ RunTime:0.1092s ]
SQL: SELECT COUNT(*) AS tp_count FROM `cms_news` WHERE `status` <> -1 LIMIT 1   [ RunTime:0.1092s ]
NOTIC: [8] Undefined variable: sing_path F:\Software\wampInstall\www\SingCms\ThinkPHP\Common\functions.php 第 991 行.
NOTIC: [2048] Declaration of Common\Model\PositionModel::find() should be compatible with Think\Model::find($options = Array) F:\Software\wampInstall\www\SingCms\Application\Common\Model\PositionModel.class.php 第 81 行.
SQL: SHOW COLUMNS FROM `cms_position` [ RunTime:0.0950s ]
SQL: SELECT * FROM `cms_position` WHERE `status` = 1 ORDER BY id  [ RunTime:0.0936s ]
NOTIC: [2048] Declaration of Common\Model\MenuModel::find() should be compatible with Think\Model::find($options = Array) F:\Software\wampInstall\www\SingCms\Application\Common\Model\MenuModel.class.php 第 92 行.
SQL: SHOW COLUMNS FROM `cms_menu` [ RunTime:0.0936s ]
SQL: SELECT * FROM `cms_menu` WHERE `status` = 1 AND `type` = 0 ORDER BY listorder desc,menu_id desc  [ RunTime:0.1092s ]
INFO: [ view_parse ] --START--
INFO: [ template_filter ] --START--
INFO: Run Behavior\ContentReplaceBehavior [ RunTime:0.000000s ]
INFO: [ template_filter ] --END-- [ RunTime:0.000000s ]
SQL: SELECT * FROM `cms_menu` WHERE `status` <> -1 AND `type` = 1 ORDER BY listorder desc,menu_id desc  [ RunTime:0.0936s ]
NOTIC: [8] Undefined index: a F:\Software\wampInstall\www\SingCms\Application\Common\Common\function.php 第 33 行.
NOTIC: [8] Undefined index: a F:\Software\wampInstall\www\SingCms\Application\Common\Common\function.php 第 33 行.
NOTIC: [8] Undefined index: a F:\Software\wampInstall\www\SingCms\Application\Common\Common\function.php 第 33 行.
NOTIC: [8] Undefined index: a F:\Software\wampInstall\www\SingCms\Application\Common\Common\function.php 第 33 行.
NOTIC: [8] Undefined index: a F:\Software\wampInstall\www\SingCms\Application\Common\Common\function.php 第 33 行.
INFO: Run Behavior\ParseTemplateBehavior [ RunTime:0.156000s ]
INFO: [ view_parse ] --END-- [ RunTime:0.156000s ]
INFO: [ view_filter ] --START--
INFO: Run Behavior\WriteHtmlCacheBehavior [ RunTime:0.000000s ]
INFO: [ view_filter ] --END-- [ RunTime:0.000000s ]
INFO: [ app_end ] --START--
INFO: Run Behavior\ShowPageTraceBehavior [ RunTime:0.015600s ]
INFO: [ app_end ] --END-- [ RunTime:0.015600s ]

[ 2017-06-22T21:15:31+08:00 ] ::1 /SingCms/admin.php?c=content
INFO: [ app_init ] --START--
INFO: Run Behavior\BuildLiteBehavior [ RunTime:0.000000s ]
INFO: [ app_init ] --END-- [ RunTime:0.000000s ]
INFO: [ app_begin ] --START--
INFO: Run Behavior\ReadHtmlCacheBehavior [ RunTime:0.000000s ]
INFO: [ app_begin ] --END-- [ RunTime:0.000000s ]
NOTIC: [2048] Declaration of Admin\Controller\ContentController::setStatus() should be compatible with Admin\Controller\CommonController::setStatus($data, $models) F:\Software\wampInstall\www\SingCms\Application\Admin\Controller\ContentController.class.php 第 12 行.
NOTIC: [2048] Declaration of Admin\Controller\ContentController::listorder() should be compatible with Admin\Controller\CommonController::listorder($model = '') F:\Software\wampInstall\www\SingCms\Application\Admin\Controller\ContentController.class.php 第 12 行.
NOTIC: [8] Undefined index: title F:\Software\wampInstall\www\SingCms\Application\Admin\Controller\ContentController.class.php 第 16 行.
NOTIC: [8] Undefined index: catid F:\Software\wampInstall\www\SingCms\Application\Admin\Controller\ContentController.class.php 第 20 行.
NOTIC: [8] Undefined index: p F:\Software\wampInstall\www\SingCms\Application\Admin\Controller\ContentController.class.php 第 24 行.
NOTIC: [2048] Declaration of Common\Model\NewsModel::find() should be compatible with Think\Model::find($options = Array) F:\Software\wampInstall\www\SingCms\Application\Common\Model\NewsModel.class.php 第 9 行.
SQL: SHOW COLUMNS FROM `cms_news` [ RunTime:0.1736s ]
SQL: SELECT * FROM `cms_news` WHERE `status` <> -1 ORDER BY listorder desc ,news_id desc LIMIT 0,10   [ RunTime:2.8904s ]
SQL: SELECT COUNT(*) AS tp_count FROM `cms_news` WHERE `status` <> -1 LIMIT 1   [ RunTime:1.1896s ]
NOTIC: [8] Undefined variable: sing_path F:\Software\wampInstall\www\SingCms\ThinkPHP\Common\functions.php 第 991 行.
NOTIC: [2048] Declaration of Common\Model\PositionModel::find() should be compatible with Think\Model::find($options = Array) F:\Software\wampInstall\www\SingCms\Application\Common\Model\PositionModel.class.php 第 81 行.
SQL: SHOW COLUMNS FROM `cms_position` [ RunTime:0.1872s ]
SQL: SELECT * FROM `cms_position` WHERE `status` = 1 ORDER BY id  [ RunTime:0.2496s ]
NOTIC: [2048] Declaration of Common\Model\MenuModel::find() should be compatible with Think\Model::find($options = Array) F:\Software\wampInstall\www\SingCms\Application\Common\Model\MenuModel.class.php 第 92 行.
SQL: SHOW COLUMNS FROM `cms_menu` [ RunTime:0.6582s ]
SQL: SELECT * FROM `cms_menu` WHERE `status` = 1 AND `type` = 0 ORDER BY listorder desc,menu_id desc  [ RunTime:0.1560s ]
INFO: [ view_parse ] --START--
INFO: [ template_filter ] --START--
INFO: Run Behavior\ContentReplaceBehavior [ RunTime:0.000000s ]
INFO: [ template_filter ] --END-- [ RunTime:0.000000s ]
SQL: SELECT * FROM `cms_menu` WHERE `status` <> -1 AND `type` = 1 ORDER BY listorder desc,menu_id desc  [ RunTime:0.2340s ]
NOTIC: [8] Undefined index: a F:\Software\wampInstall\www\SingCms\Application\Common\Common\function.php 第 33 行.
NOTIC: [8] Undefined index: a F:\Software\wampInstall\www\SingCms\Application\Common\Common\function.php 第 33 行.
NOTIC: [8] Undefined index: a F:\Software\wampInstall\www\SingCms\Application\Common\Common\function.php 第 33 行.
NOTIC: [8] Undefined index: a F:\Software\wampInstall\www\SingCms\Application\Common\Common\function.php 第 33 行.
NOTIC: [8] Undefined index: a F:\Software\wampInstall\www\SingCms\Application\Common\Common\function.php 第 33 行.
INFO: Run Behavior\ParseTemplateBehavior [ RunTime:0.296401s ]
INFO: [ view_parse ] --END-- [ RunTime:0.296401s ]
INFO: [ view_filter ] --START--
INFO: Run Behavior\WriteHtmlCacheBehavior [ RunTime:0.000000s ]
INFO: [ view_filter ] --END-- [ RunTime:0.000000s ]
INFO: [ app_end ] --START--
INFO: Run Behavior\ShowPageTraceBehavior [ RunTime:0.000000s ]
INFO: [ app_end ] --END-- [ RunTime:0.000000s ]

[ 2017-06-22T21:15:41+08:00 ] ::1 /SingCms/admin.php?c=content&a=add
INFO: [ app_init ] --START--
INFO: Run Behavior\BuildLiteBehavior [ RunTime:0.000000s ]
INFO: [ app_init ] --END-- [ RunTime:0.000000s ]
INFO: [ app_begin ] --START--
INFO: Run Behavior\ReadHtmlCacheBehavior [ RunTime:0.000000s ]
INFO: [ app_begin ] --END-- [ RunTime:0.000000s ]
NOTIC: [2048] Declaration of Admin\Controller\ContentController::setStatus() should be compatible with Admin\Controller\CommonController::setStatus($data, $models) F:\Software\wampInstall\www\SingCms\Application\Admin\Controller\ContentController.class.php 第 12 行.
NOTIC: [2048] Declaration of Admin\Controller\ContentController::listorder() should be compatible with Admin\Controller\CommonController::listorder($model = '') F:\Software\wampInstall\www\SingCms\Application\Admin\Controller\ContentController.class.php 第 12 行.
NOTIC: [2048] Declaration of Common\Model\MenuModel::find() should be compatible with Think\Model::find($options = Array) F:\Software\wampInstall\www\SingCms\Application\Common\Model\MenuModel.class.php 第 5 行.
SQL: SHOW COLUMNS FROM `cms_menu` [ RunTime:0.2048s ]
SQL: SELECT * FROM `cms_menu` WHERE `status` = 1 AND `type` = 0 ORDER BY listorder desc,menu_id desc  [ RunTime:0.2058s ]
INFO: [ view_parse ] --START--
INFO: [ template_filter ] --START--
INFO: Run Behavior\ContentReplaceBehavior [ RunTime:0.000000s ]
INFO: [ template_filter ] --END-- [ RunTime:0.000000s ]
SQL: SELECT * FROM `cms_menu` WHERE `status` <> -1 AND `type` = 1 ORDER BY listorder desc,menu_id desc  [ RunTime:0.6002s ]
NOTIC: [8] Undefined index: a F:\Software\wampInstall\www\SingCms\Application\Common\Common\function.php 第 33 行.
NOTIC: [8] Undefined index: a F:\Software\wampInstall\www\SingCms\Application\Common\Common\function.php 第 33 行.
NOTIC: [8] Undefined index: a F:\Software\wampInstall\www\SingCms\Application\Common\Common\function.php 第 33 行.
NOTIC: [8] Undefined index: a F:\Software\wampInstall\www\SingCms\Application\Common\Common\function.php 第 33 行.
NOTIC: [8] Undefined index: a F:\Software\wampInstall\www\SingCms\Application\Common\Common\function.php 第 33 行.
INFO: Run Behavior\ParseTemplateBehavior [ RunTime:0.647002s ]
INFO: [ view_parse ] --END-- [ RunTime:0.647002s ]
INFO: [ view_filter ] --START--
INFO: Run Behavior\WriteHtmlCacheBehavior [ RunTime:0.015600s ]
INFO: [ view_filter ] --END-- [ RunTime:0.015600s ]
INFO: [ app_end ] --START--
INFO: Run Behavior\ShowPageTraceBehavior [ RunTime:0.000000s ]
INFO: [ app_end ] --END-- [ RunTime:0.000000s ]

[ 2017-06-22T21:17:37+08:00 ] ::1 /SingCms/admin.php?c=content&a=add
INFO: [ app_init ] --START--
INFO: Run Behavior\BuildLiteBehavior [ RunTime:0.000000s ]
INFO: [ app_init ] --END-- [ RunTime:0.000000s ]
INFO: [ app_begin ] --START--
INFO: Run Behavior\ReadHtmlCacheBehavior [ RunTime:0.000000s ]
INFO: [ app_begin ] --END-- [ RunTime:0.000000s ]
NOTIC: [2048] Declaration of Admin\Controller\ContentController::setStatus() should be compatible with Admin\Controller\CommonController::setStatus($data, $models) F:\Software\wampInstall\www\SingCms\Application\Admin\Controller\ContentController.class.php 第 12 行.
NOTIC: [2048] Declaration of Admin\Controller\ContentController::listorder() should be compatible with Admin\Controller\CommonController::listorder($model = '') F:\Software\wampInstall\www\SingCms\Application\Admin\Controller\ContentController.class.php 第 12 行.
NOTIC: [2048] Declaration of Common\Model\MenuModel::find() should be compatible with Think\Model::find($options = Array) F:\Software\wampInstall\www\SingCms\Application\Common\Model\MenuModel.class.php 第 5 行.
SQL: SHOW COLUMNS FROM `cms_menu` [ RunTime:0.0966s ]
SQL: SELECT * FROM `cms_menu` WHERE `status` = 1 AND `type` = 0 ORDER BY listorder desc,menu_id desc  [ RunTime:0.0956s ]
INFO: [ view_parse ] --START--
INFO: [ template_filter ] --START--
INFO: Run Behavior\ContentReplaceBehavior [ RunTime:0.015600s ]
INFO: [ template_filter ] --END-- [ RunTime:0.015600s ]
SQL: SELECT * FROM `cms_menu` WHERE `status` <> -1 AND `type` = 1 ORDER BY listorder desc,menu_id desc  [ RunTime:0.1090s ]
NOTIC: [8] Undefined index: a F:\Software\wampInstall\www\SingCms\Application\Common\Common\function.php 第 33 行.
NOTIC: [8] Undefined index: a F:\Software\wampInstall\www\SingCms\Application\Common\Common\function.php 第 33 行.
NOTIC: [8] Undefined index: a F:\Software\wampInstall\www\SingCms\Application\Common\Common\function.php 第 33 行.
NOTIC: [8] Undefined index: a F:\Software\wampInstall\www\SingCms\Application\Common\Common\function.php 第 33 行.
NOTIC: [8] Undefined index: a F:\Software\wampInstall\www\SingCms\Application\Common\Common\function.php 第 33 行.
INFO: Run Behavior\ParseTemplateBehavior [ RunTime:0.155802s ]
INFO: [ view_parse ] --END-- [ RunTime:0.155802s ]
INFO: [ view_filter ] --START--
INFO: Run Behavior\WriteHtmlCacheBehavior [ RunTime:0.000000s ]
INFO: [ view_filter ] --END-- [ RunTime:0.000000s ]
INFO: [ app_end ] --START--
INFO: Run Behavior\ShowPageTraceBehavior [ RunTime:0.000000s ]
INFO: [ app_end ] --END-- [ RunTime:0.000000s ]

[ 2017-06-22T21:57:37+08:00 ] ::1 /SingCms/admin.php?c=content&a=add
INFO: [ app_init ] --START--
INFO: Run Behavior\BuildLiteBehavior [ RunTime:0.000000s ]
INFO: [ app_init ] --END-- [ RunTime:0.002000s ]
INFO: [ app_begin ] --START--
INFO: Run Behavior\ReadHtmlCacheBehavior [ RunTime:0.002000s ]
INFO: [ app_begin ] --END-- [ RunTime:0.002000s ]
NOTIC: [2048] Declaration of Admin\Controller\ContentController::setStatus() should be compatible with Admin\Controller\CommonController::setStatus($data, $models) F:\Software\wampInstall\www\SingCms\Application\Admin\Controller\ContentController.class.php 第 12 行.
NOTIC: [2048] Declaration of Admin\Controller\ContentController::listorder() should be compatible with Admin\Controller\CommonController::listorder($model = '') F:\Software\wampInstall\www\SingCms\Application\Admin\Controller\ContentController.class.php 第 12 行.
NOTIC: [2048] Declaration of Common\Model\MenuModel::find() should be compatible with Think\Model::find($options = Array) F:\Software\wampInstall\www\SingCms\Application\Common\Model\MenuModel.class.php 第 5 行.
SQL: SHOW COLUMNS FROM `cms_menu` [ RunTime:0.0936s ]
SQL: SELECT * FROM `cms_menu` WHERE `status` = 1 AND `type` = 0 ORDER BY listorder desc,menu_id desc  [ RunTime:0.0946s ]
INFO: [ view_parse ] --START--
INFO: [ template_filter ] --START--
INFO: Run Behavior\ContentReplaceBehavior [ RunTime:0.000000s ]
INFO: [ template_filter ] --END-- [ RunTime:0.000000s ]
SQL: SELECT * FROM `cms_menu` WHERE `status` <> -1 AND `type` = 1 ORDER BY listorder desc,menu_id desc  [ RunTime:1.1352s ]
NOTIC: [8] Undefined index: a F:\Software\wampInstall\www\SingCms\Application\Common\Common\function.php 第 33 行.
NOTIC: [8] Undefined index: a F:\Software\wampInstall\www\SingCms\Application\Common\Common\function.php 第 33 行.
NOTIC: [8] Undefined index: a F:\Software\wampInstall\www\SingCms\Application\Common\Common\function.php 第 33 行.
NOTIC: [8] Undefined index: a F:\Software\wampInstall\www\SingCms\Application\Common\Common\function.php 第 33 行.
NOTIC: [8] Undefined index: a F:\Software\wampInstall\www\SingCms\Application\Common\Common\function.php 第 33 行.
INFO: Run Behavior\ParseTemplateBehavior [ RunTime:1.197603s ]
INFO: [ view_parse ] --END-- [ RunTime:1.197603s ]
INFO: [ view_filter ] --START--
INFO: Run Behavior\WriteHtmlCacheBehavior [ RunTime:0.000000s ]
INFO: [ view_filter ] --END-- [ RunTime:0.000000s ]
INFO: [ app_end ] --START--
INFO: Run Behavior\ShowPageTraceBehavior [ RunTime:0.000000s ]
INFO: [ app_end ] --END-- [ RunTime:0.000000s ]

[ 2017-06-22T21:58:14+08:00 ] ::1 /SingCms/admin.php?c=content&a=add
INFO: [ app_init ] --START--
INFO: Run Behavior\BuildLiteBehavior [ RunTime:0.000000s ]
INFO: [ app_init ] --END-- [ RunTime:0.000000s ]
INFO: [ app_begin ] --START--
INFO: Run Behavior\ReadHtmlCacheBehavior [ RunTime:0.000000s ]
INFO: [ app_begin ] --END-- [ RunTime:0.000000s ]
NOTIC: [2048] Declaration of Admin\Controller\ContentController::setStatus() should be compatible with Admin\Controller\CommonController::setStatus($data, $models) F:\Software\wampInstall\www\SingCms\Application\Admin\Controller\ContentController.class.php 第 12 行.
NOTIC: [2048] Declaration of Admin\Controller\ContentController::listorder() should be compatible with Admin\Controller\CommonController::listorder($model = '') F:\Software\wampInstall\www\SingCms\Application\Admin\Controller\ContentController.class.php 第 12 行.
NOTIC: [2048] Declaration of Common\Model\MenuModel::find() should be compatible with Think\Model::find($options = Array) F:\Software\wampInstall\www\SingCms\Application\Common\Model\MenuModel.class.php 第 5 行.
SQL: SHOW COLUMNS FROM `cms_menu` [ RunTime:0.0936s ]
SQL: SELECT * FROM `cms_menu` WHERE `status` = 1 AND `type` = 0 ORDER BY listorder desc,menu_id desc  [ RunTime:0.1132s ]
INFO: [ view_parse ] --START--
INFO: [ template_filter ] --START--
INFO: Run Behavior\ContentReplaceBehavior [ RunTime:0.000000s ]
INFO: [ template_filter ] --END-- [ RunTime:0.000000s ]
SQL: SELECT * FROM `cms_menu` WHERE `status` <> -1 AND `type` = 1 ORDER BY listorder desc,menu_id desc  [ RunTime:0.0956s ]
NOTIC: [8] Undefined index: a F:\Software\wampInstall\www\SingCms\Application\Common\Common\function.php 第 33 行.
NOTIC: [8] Undefined index: a F:\Software\wampInstall\www\SingCms\Application\Common\Common\function.php 第 33 行.
NOTIC: [8] Undefined index: a F:\Software\wampInstall\www\SingCms\Application\Common\Common\function.php 第 33 行.
NOTIC: [8] Undefined index: a F:\Software\wampInstall\www\SingCms\Application\Common\Common\function.php 第 33 行.
NOTIC: [8] Undefined index: a F:\Software\wampInstall\www\SingCms\Application\Common\Common\function.php 第 33 行.
INFO: Run Behavior\ParseTemplateBehavior [ RunTime:0.142400s ]
INFO: [ view_parse ] --END-- [ RunTime:0.142400s ]
INFO: [ view_filter ] --START--
INFO: Run Behavior\WriteHtmlCacheBehavior [ RunTime:0.000000s ]
INFO: [ view_filter ] --END-- [ RunTime:0.000000s ]
INFO: [ app_end ] --START--
INFO: Run Behavior\ShowPageTraceBehavior [ RunTime:0.015600s ]
INFO: [ app_end ] --END-- [ RunTime:0.015600s ]

[ 2017-06-22T21:58:18+08:00 ] ::1 /SingCms/admin.php?c=content&a=add
INFO: [ app_init ] --START--
INFO: Run Behavior\BuildLiteBehavior [ RunTime:0.000000s ]
INFO: [ app_init ] --END-- [ RunTime:0.000000s ]
INFO: [ app_begin ] --START--
INFO: Run Behavior\ReadHtmlCacheBehavior [ RunTime:0.000000s ]
INFO: [ app_begin ] --END-- [ RunTime:0.000000s ]
NOTIC: [2048] Declaration of Admin\Controller\ContentController::setStatus() should be compatible with Admin\Controller\CommonController::setStatus($data, $models) F:\Software\wampInstall\www\SingCms\Application\Admin\Controller\ContentController.class.php 第 12 行.
NOTIC: [2048] Declaration of Admin\Controller\ContentController::listorder() should be compatible with Admin\Controller\CommonController::listorder($model = '') F:\Software\wampInstall\www\SingCms\Application\Admin\Controller\ContentController.class.php 第 12 行.
NOTIC: [2048] Declaration of Common\Model\MenuModel::find() should be compatible with Think\Model::find($options = Array) F:\Software\wampInstall\www\SingCms\Application\Common\Model\MenuModel.class.php 第 5 行.
SQL: SHOW COLUMNS FROM `cms_menu` [ RunTime:0.3764s ]
SQL: SELECT * FROM `cms_menu` WHERE `status` = 1 AND `type` = 0 ORDER BY listorder desc,menu_id desc  [ RunTime:0.0946s ]
INFO: [ view_parse ] --START--
INFO: [ template_filter ] --START--
INFO: Run Behavior\ContentReplaceBehavior [ RunTime:0.000000s ]
INFO: [ template_filter ] --END-- [ RunTime:0.000000s ]
SQL: SELECT * FROM `cms_menu` WHERE `status` <> -1 AND `type` = 1 ORDER BY listorder desc,menu_id desc  [ RunTime:0.1112s ]
NOTIC: [8] Undefined index: a F:\Software\wampInstall\www\SingCms\Application\Common\Common\function.php 第 33 行.
NOTIC: [8] Undefined index: a F:\Software\wampInstall\www\SingCms\Application\Common\Common\function.php 第 33 行.
NOTIC: [8] Undefined index: a F:\Software\wampInstall\www\SingCms\Application\Common\Common\function.php 第 33 行.
NOTIC: [8] Undefined index: a F:\Software\wampInstall\www\SingCms\Application\Common\Common\function.php 第 33 行.
NOTIC: [8] Undefined index: a F:\Software\wampInstall\www\SingCms\Application\Common\Common\function.php 第 33 行.
INFO: Run Behavior\ParseTemplateBehavior [ RunTime:0.159001s ]
INFO: [ view_parse ] --END-- [ RunTime:0.159001s ]
INFO: [ view_filter ] --START--
INFO: Run Behavior\WriteHtmlCacheBehavior [ RunTime:0.000000s ]
INFO: [ view_filter ] --END-- [ RunTime:0.000000s ]
INFO: [ app_end ] --START--
INFO: Run Behavior\ShowPageTraceBehavior [ RunTime:0.000000s ]
INFO: [ app_end ] --END-- [ RunTime:0.000000s ]

[ 2017-06-22T21:59:24+08:00 ] ::1 /SingCms/admin.php?c=content&a=add
INFO: [ app_init ] --START--
INFO: Run Behavior\BuildLiteBehavior [ RunTime:0.000000s ]
INFO: [ app_init ] --END-- [ RunTime:0.000000s ]
INFO: [ app_begin ] --START--
INFO: Run Behavior\ReadHtmlCacheBehavior [ RunTime:0.000000s ]
INFO: [ app_begin ] --END-- [ RunTime:0.000000s ]
NOTIC: [2048] Declaration of Admin\Controller\ContentController::setStatus() should be compatible with Admin\Controller\CommonController::setStatus($data, $models) F:\Software\wampInstall\www\SingCms\Application\Admin\Controller\ContentController.class.php 第 12 行.
NOTIC: [2048] Declaration of Admin\Controller\ContentController::listorder() should be compatible with Admin\Controller\CommonController::listorder($model = '') F:\Software\wampInstall\www\SingCms\Application\Admin\Controller\ContentController.class.php 第 12 行.
NOTIC: [2048] Declaration of Common\Model\MenuModel::find() should be compatible with Think\Model::find($options = Array) F:\Software\wampInstall\www\SingCms\Application\Common\Model\MenuModel.class.php 第 5 行.
SQL: SHOW COLUMNS FROM `cms_menu` [ RunTime:0.0936s ]
SQL: SELECT * FROM `cms_menu` WHERE `status` = 1 AND `type` = 0 ORDER BY listorder desc,menu_id desc  [ RunTime:0.0936s ]
INFO: [ view_parse ] --START--
INFO: [ template_filter ] --START--
INFO: Run Behavior\ContentReplaceBehavior [ RunTime:0.001000s ]
INFO: [ template_filter ] --END-- [ RunTime:0.001000s ]
SQL: SELECT * FROM `cms_menu` WHERE `status` <> -1 AND `type` = 1 ORDER BY listorder desc,menu_id desc  [ RunTime:0.0956s ]
NOTIC: [8] Undefined index: a F:\Software\wampInstall\www\SingCms\Application\Common\Common\function.php 第 33 行.
NOTIC: [8] Undefined index: a F:\Software\wampInstall\www\SingCms\Application\Common\Common\function.php 第 33 行.
NOTIC: [8] Undefined index: a F:\Software\wampInstall\www\SingCms\Application\Common\Common\function.php 第 33 行.
NOTIC: [8] Undefined index: a F:\Software\wampInstall\www\SingCms\Application\Common\Common\function.php 第 33 行.
NOTIC: [8] Undefined index: a F:\Software\wampInstall\www\SingCms\Application\Common\Common\function.php 第 33 行.
INFO: Run Behavior\ParseTemplateBehavior [ RunTime:0.138801s ]
INFO: [ view_parse ] --END-- [ RunTime:0.138801s ]
INFO: [ view_filter ] --START--
INFO: Run Behavior\WriteHtmlCacheBehavior [ RunTime:0.015600s ]
INFO: [ view_filter ] --END-- [ RunTime:0.015600s ]
INFO: [ app_end ] --START--
INFO: Run Behavior\ShowPageTraceBehavior [ RunTime:0.000000s ]
INFO: [ app_end ] --END-- [ RunTime:0.000000s ]

[ 2017-06-22T22:10:22+08:00 ] ::1 /SingCms/admin.php?c=content&a=add
INFO: [ app_init ] --START--
INFO: Run Behavior\BuildLiteBehavior [ RunTime:0.000000s ]
INFO: [ app_init ] --END-- [ RunTime:0.002000s ]
INFO: [ app_begin ] --START--
INFO: Run Behavior\ReadHtmlCacheBehavior [ RunTime:0.002000s ]
INFO: [ app_begin ] --END-- [ RunTime:0.002000s ]
NOTIC: [2048] Declaration of Admin\Controller\ContentController::setStatus() should be compatible with Admin\Controller\CommonController::setStatus($data, $models) F:\Software\wampInstall\www\SingCms\Application\Admin\Controller\ContentController.class.php 第 12 行.
NOTIC: [2048] Declaration of Admin\Controller\ContentController::listorder() should be compatible with Admin\Controller\CommonController::listorder($model = '') F:\Software\wampInstall\www\SingCms\Application\Admin\Controller\ContentController.class.php 第 12 行.
NOTIC: [2048] Declaration of Common\Model\MenuModel::find() should be compatible with Think\Model::find($options = Array) F:\Software\wampInstall\www\SingCms\Application\Common\Model\MenuModel.class.php 第 5 行.
SQL: SHOW COLUMNS FROM `cms_menu` [ RunTime:0.7170s ]
SQL: SELECT * FROM `cms_menu` WHERE `status` = 1 AND `type` = 0 ORDER BY listorder desc,menu_id desc  [ RunTime:0.2010s ]
INFO: [ view_parse ] --START--
INFO: [ template_filter ] --START--
INFO: Run Behavior\ContentReplaceBehavior [ RunTime:0.001000s ]
INFO: [ template_filter ] --END-- [ RunTime:0.001000s ]
SQL: SELECT * FROM `cms_menu` WHERE `status` <> -1 AND `type` = 1 ORDER BY listorder desc,menu_id desc  [ RunTime:0.1560s ]
NOTIC: [8] Undefined index: a F:\Software\wampInstall\www\SingCms\Application\Common\Common\function.php 第 33 行.
NOTIC: [8] Undefined index: a F:\Software\wampInstall\www\SingCms\Application\Common\Common\function.php 第 33 行.
NOTIC: [8] Undefined index: a F:\Software\wampInstall\www\SingCms\Application\Common\Common\function.php 第 33 行.
NOTIC: [8] Undefined index: a F:\Software\wampInstall\www\SingCms\Application\Common\Common\function.php 第 33 行.
NOTIC: [8] Undefined index: a F:\Software\wampInstall\www\SingCms\Application\Common\Common\function.php 第 33 行.
INFO: Run Behavior\ParseTemplateBehavior [ RunTime:0.204011s ]
INFO: [ view_parse ] --END-- [ RunTime:0.205011s ]
INFO: [ view_filter ] --START--
INFO: Run Behavior\WriteHtmlCacheBehavior [ RunTime:0.002000s ]
INFO: [ view_filter ] --END-- [ RunTime:0.002000s ]
INFO: [ app_end ] --START--
INFO: Run Behavior\ShowPageTraceBehavior [ RunTime:0.001000s ]
INFO: [ app_end ] --END-- [ RunTime:0.003001s ]

[ 2017-06-22T22:16:39+08:00 ] ::1 /SingCms/admin.php?c=menu
INFO: [ app_init ] --START--
INFO: Run Behavior\BuildLiteBehavior [ RunTime:0.000000s ]
INFO: [ app_init ] --END-- [ RunTime:0.015600s ]
INFO: [ app_begin ] --START--
INFO: Run Behavior\ReadHtmlCacheBehavior [ RunTime:0.000000s ]
INFO: [ app_begin ] --END-- [ RunTime:0.000000s ]
NOTIC: [2048] Declaration of Admin\Controller\MenuController::setStatus() should be compatible with Admin\Controller\CommonController::setStatus($data, $models) F:\Software\wampInstall\www\SingCms\Application\Admin\Controller\MenuController.class.php 第 9 行.
NOTIC: [2048] Declaration of Admin\Controller\MenuController::listorder() should be compatible with Admin\Controller\CommonController::listorder($model = '') F:\Software\wampInstall\www\SingCms\Application\Admin\Controller\MenuController.class.php 第 9 行.
NOTIC: [8] Undefined index: p F:\Software\wampInstall\www\SingCms\Application\Admin\Controller\MenuController.class.php 第 52 行.
NOTIC: [8] Undefined index: pageSize F:\Software\wampInstall\www\SingCms\Application\Admin\Controller\MenuController.class.php 第 53 行.
NOTIC: [2048] Declaration of Common\Model\MenuModel::find() should be compatible with Think\Model::find($options = Array) F:\Software\wampInstall\www\SingCms\Application\Common\Model\MenuModel.class.php 第 5 行.
SQL: SHOW COLUMNS FROM `cms_menu` [ RunTime:0.2058s ]
SQL: SELECT * FROM `cms_menu` WHERE `type` = 1 AND `status` <> -1 ORDER BY listorder desc,menu_id desc LIMIT 0,3   [ RunTime:0.3140s ]
SQL: SELECT COUNT(*) AS tp_count FROM `cms_menu` WHERE `type` = 1 AND `status` <> -1 LIMIT 1   [ RunTime:0.2028s ]
NOTIC: [8] Undefined variable: sing_path F:\Software\wampInstall\www\SingCms\ThinkPHP\Common\functions.php 第 991 行.
INFO: [ view_parse ] --START--
INFO: [ template_filter ] --START--
INFO: Run Behavior\ContentReplaceBehavior [ RunTime:0.000000s ]
INFO: [ template_filter ] --END-- [ RunTime:0.000000s ]
SQL: SELECT * FROM `cms_menu` WHERE `status` <> -1 AND `type` = 1 ORDER BY listorder desc,menu_id desc  [ RunTime:0.6684s ]
NOTIC: [8] Undefined index: a F:\Software\wampInstall\www\SingCms\Application\Common\Common\function.php 第 33 行.
NOTIC: [8] Undefined index: a F:\Software\wampInstall\www\SingCms\Application\Common\Common\function.php 第 33 行.
NOTIC: [8] Undefined index: a F:\Software\wampInstall\www\SingCms\Application\Common\Common\function.php 第 33 行.
NOTIC: [8] Undefined index: a F:\Software\wampInstall\www\SingCms\Application\Common\Common\function.php 第 33 行.
NOTIC: [8] Undefined index: a F:\Software\wampInstall\www\SingCms\Application\Common\Common\function.php 第 33 行.
NOTIC: [8] Undefined variable: nav F:\Software\wampInstall\www\SingCms\Application\Runtime\Cache\Admin\b956215329b6f9aca22277599a4efdfc.php 第 116 行.
INFO: Run Behavior\ParseTemplateBehavior [ RunTime:0.715205s ]
INFO: [ view_parse ] --END-- [ RunTime:0.715205s ]
INFO: [ view_filter ] --START--
INFO: Run Behavior\WriteHtmlCacheBehavior [ RunTime:0.000000s ]
INFO: [ view_filter ] --END-- [ RunTime:0.000000s ]
INFO: [ app_end ] --START--
INFO: Run Behavior\ShowPageTraceBehavior [ RunTime:0.000000s ]
INFO: [ app_end ] --END-- [ RunTime:0.000000s ]

[ 2017-06-22T22:16:44+08:00 ] ::1 /SingCms/admin.php?c=customer
INFO: [ app_init ] --START--
INFO: Run Behavior\BuildLiteBehavior [ RunTime:0.000000s ]
INFO: [ app_init ] --END-- [ RunTime:0.000000s ]
INFO: [ app_begin ] --START--
INFO: Run Behavior\ReadHtmlCacheBehavior [ RunTime:0.000000s ]
INFO: [ app_begin ] --END-- [ RunTime:0.000000s ]
NOTIC: [8] Undefined index: p F:\Software\wampInstall\www\SingCms\Application\Admin\Controller\CustomerController.class.php 第 13 行.
NOTIC: [8] Undefined index: customer_name F:\Software\wampInstall\www\SingCms\Application\Admin\Controller\CustomerController.class.php 第 17 行.
SQL: SHOW COLUMNS FROM `cms_customer` [ RunTime:0.1938s ]
NOTIC: [8] Undefined variable: data F:\Software\wampInstall\www\SingCms\Application\Admin\Controller\CustomerController.class.php 第 21 行.
SQL: SELECT * FROM `cms_customer` ORDER BY id desc LIMIT 0,10   [ RunTime:0.2138s ]
INFO: [ view_parse ] --START--
INFO: [ template_filter ] --START--
INFO: Run Behavior\ContentReplaceBehavior [ RunTime:0.000000s ]
INFO: [ template_filter ] --END-- [ RunTime:0.000000s ]
NOTIC: [2048] Declaration of Common\Model\MenuModel::find() should be compatible with Think\Model::find($options = Array) F:\Software\wampInstall\www\SingCms\Application\Common\Model\MenuModel.class.php 第 92 行.
SQL: SHOW COLUMNS FROM `cms_menu` [ RunTime:0.1112s ]
SQL: SELECT * FROM `cms_menu` WHERE `status` <> -1 AND `type` = 1 ORDER BY listorder desc,menu_id desc  [ RunTime:0.0956s ]
NOTIC: [8] Undefined index: a F:\Software\wampInstall\www\SingCms\Application\Common\Common\function.php 第 33 行.
NOTIC: [8] Undefined index: a F:\Software\wampInstall\www\SingCms\Application\Common\Common\function.php 第 33 行.
NOTIC: [8] Undefined index: a F:\Software\wampInstall\www\SingCms\Application\Common\Common\function.php 第 33 行.
NOTIC: [8] Undefined index: a F:\Software\wampInstall\www\SingCms\Application\Common\Common\function.php 第 33 行.
NOTIC: [8] Undefined index: a F:\Software\wampInstall\www\SingCms\Application\Common\Common\function.php 第 33 行.
NOTIC: [8] Undefined variable: new F:\Software\wampInstall\www\SingCms\Application\Runtime\Cache\Admin\88014eeacc2e3d16986256918cc5cc2e.php 第 165 行.
NOTIC: [8] Undefined variable: new F:\Software\wampInstall\www\SingCms\Application\Runtime\Cache\Admin\88014eeacc2e3d16986256918cc5cc2e.php 第 166 行.
NOTIC: [8] Undefined variable: new F:\Software\wampInstall\www\SingCms\Application\Runtime\Cache\Admin\88014eeacc2e3d16986256918cc5cc2e.php 第 169 行.
NOTIC: [8] Undefined variable: new F:\Software\wampInstall\www\SingCms\Application\Runtime\Cache\Admin\88014eeacc2e3d16986256918cc5cc2e.php 第 165 行.
NOTIC: [8] Undefined variable: new F:\Software\wampInstall\www\SingCms\Application\Runtime\Cache\Admin\88014eeacc2e3d16986256918cc5cc2e.php 第 166 行.
NOTIC: [8] Undefined variable: new F:\Software\wampInstall\www\SingCms\Application\Runtime\Cache\Admin\88014eeacc2e3d16986256918cc5cc2e.php 第 169 行.
NOTIC: [8] Undefined variable: new F:\Software\wampInstall\www\SingCms\Application\Runtime\Cache\Admin\88014eeacc2e3d16986256918cc5cc2e.php 第 165 行.
NOTIC: [8] Undefined variable: new F:\Software\wampInstall\www\SingCms\Application\Runtime\Cache\Admin\88014eeacc2e3d16986256918cc5cc2e.php 第 166 行.
NOTIC: [8] Undefined variable: new F:\Software\wampInstall\www\SingCms\Application\Runtime\Cache\Admin\88014eeacc2e3d16986256918cc5cc2e.php 第 169 行.
NOTIC: [8] Undefined variable: new F:\Software\wampInstall\www\SingCms\Application\Runtime\Cache\Admin\88014eeacc2e3d16986256918cc5cc2e.php 第 165 行.
NOTIC: [8] Undefined variable: new F:\Software\wampInstall\www\SingCms\Application\Runtime\Cache\Admin\88014eeacc2e3d16986256918cc5cc2e.php 第 166 行.
NOTIC: [8] Undefined variable: new F:\Software\wampInstall\www\SingCms\Application\Runtime\Cache\Admin\88014eeacc2e3d16986256918cc5cc2e.php 第 169 行.
NOTIC: [8] Undefined variable: new F:\Software\wampInstall\www\SingCms\Application\Runtime\Cache\Admin\88014eeacc2e3d16986256918cc5cc2e.php 第 165 行.
NOTIC: [8] Undefined variable: new F:\Software\wampInstall\www\SingCms\Application\Runtime\Cache\Admin\88014eeacc2e3d16986256918cc5cc2e.php 第 166 行.
NOTIC: [8] Undefined variable: new F:\Software\wampInstall\www\SingCms\Application\Runtime\Cache\Admin\88014eeacc2e3d16986256918cc5cc2e.php 第 169 行.
NOTIC: [8] Undefined variable: new F:\Software\wampInstall\www\SingCms\Application\Runtime\Cache\Admin\88014eeacc2e3d16986256918cc5cc2e.php 第 165 行.
NOTIC: [8] Undefined variable: new F:\Software\wampInstall\www\SingCms\Application\Runtime\Cache\Admin\88014eeacc2e3d16986256918cc5cc2e.php 第 166 行.
NOTIC: [8] Undefined variable: new F:\Software\wampInstall\www\SingCms\Application\Runtime\Cache\Admin\88014eeacc2e3d16986256918cc5cc2e.php 第 169 行.
NOTIC: [8] Undefined variable: new F:\Software\wampInstall\www\SingCms\Application\Runtime\Cache\Admin\88014eeacc2e3d16986256918cc5cc2e.php 第 165 行.
NOTIC: [8] Undefined variable: new F:\Software\wampInstall\www\SingCms\Application\Runtime\Cache\Admin\88014eeacc2e3d16986256918cc5cc2e.php 第 166 行.
NOTIC: [8] Undefined variable: new F:\Software\wampInstall\www\SingCms\Application\Runtime\Cache\Admin\88014eeacc2e3d16986256918cc5cc2e.php 第 169 行.
NOTIC: [8] Undefined variable: pageres F:\Software\wampInstall\www\SingCms\Application\Runtime\Cache\Admin\88014eeacc2e3d16986256918cc5cc2e.php 第 179 行.
NOTIC: [8] Undefined variable: pageres F:\Software\wampInstall\www\SingCms\Application\Runtime\Cache\Admin\88014eeacc2e3d16986256918cc5cc2e.php 第 182 行.
NOTIC: [8] Undefined variable: positions F:\Software\wampInstall\www\SingCms\Application\Runtime\Cache\Admin\88014eeacc2e3d16986256918cc5cc2e.php 第 193 行.
INFO: Run Behavior\ParseTemplateBehavior [ RunTime:0.292801s ]
INFO: [ view_parse ] --END-- [ RunTime:0.292801s ]
INFO: [ view_filter ] --START--
INFO: Run Behavior\WriteHtmlCacheBehavior [ RunTime:0.000000s ]
INFO: [ view_filter ] --END-- [ RunTime:0.000000s ]
INFO: [ app_end ] --START--
INFO: Run Behavior\ShowPageTraceBehavior [ RunTime:0.000000s ]
INFO: [ app_end ] --END-- [ RunTime:0.000000s ]

[ 2017-06-22T22:16:49+08:00 ] ::1 /SingCms/admin.php?c=product
INFO: [ app_init ] --START--
INFO: Run Behavior\BuildLiteBehavior [ RunTime:0.000000s ]
INFO: [ app_init ] --END-- [ RunTime:0.000000s ]
INFO: [ app_begin ] --START--
INFO: Run Behavior\ReadHtmlCacheBehavior [ RunTime:0.000000s ]
INFO: [ app_begin ] --END-- [ RunTime:0.000000s ]
NOTIC: [8] Undefined index: p F:\Software\wampInstall\www\SingCms\Application\Admin\Controller\ProductController.class.php 第 13 行.
SQL: SHOW COLUMNS FROM `cms_product` [ RunTime:0.1956s ]
SQL: SELECT * FROM `cms_product` ORDER BY id desc LIMIT 0,10   [ RunTime:0.5374s ]
SQL: SHOW COLUMNS FROM `cms_product_classify` [ RunTime:0.1560s ]
SQL: SELECT * FROM `cms_product_classify` ORDER BY id desc  [ RunTime:0.2712s ]
SQL: SELECT COUNT(*) AS tp_count FROM `cms_product` LIMIT 1   [ RunTime:0.1962s ]
NOTIC: [8] Undefined variable: sing_path F:\Software\wampInstall\www\SingCms\ThinkPHP\Common\functions.php 第 991 行.
NOTIC: [2048] Declaration of Common\Model\PositionModel::find() should be compatible with Think\Model::find($options = Array) F:\Software\wampInstall\www\SingCms\Application\Common\Model\PositionModel.class.php 第 81 行.
SQL: SHOW COLUMNS FROM `cms_position` [ RunTime:0.2028s ]
SQL: SELECT * FROM `cms_position` WHERE `status` = 1 ORDER BY id  [ RunTime:0.2048s ]
INFO: [ view_parse ] --START--
INFO: [ template_filter ] --START--
INFO: Run Behavior\ContentReplaceBehavior [ RunTime:0.001000s ]
INFO: [ template_filter ] --END-- [ RunTime:0.001000s ]
NOTIC: [2048] Declaration of Common\Model\MenuModel::find() should be compatible with Think\Model::find($options = Array) F:\Software\wampInstall\www\SingCms\Application\Common\Model\MenuModel.class.php 第 92 行.
SQL: SHOW COLUMNS FROM `cms_menu` [ RunTime:0.1434s ]
SQL: SELECT * FROM `cms_menu` WHERE `status` <> -1 AND `type` = 1 ORDER BY listorder desc,menu_id desc  [ RunTime:0.1892s ]
NOTIC: [8] Undefined index: a F:\Software\wampInstall\www\SingCms\Application\Common\Common\function.php 第 33 行.
NOTIC: [8] Undefined index: a F:\Software\wampInstall\www\SingCms\Application\Common\Common\function.php 第 33 行.
NOTIC: [8] Undefined index: a F:\Software\wampInstall\www\SingCms\Application\Common\Common\function.php 第 33 行.
NOTIC: [8] Undefined index: a F:\Software\wampInstall\www\SingCms\Application\Common\Common\function.php 第 33 行.
NOTIC: [8] Undefined index: a F:\Software\wampInstall\www\SingCms\Application\Common\Common\function.php 第 33 行.
NOTIC: [8] Undefined variable: nav F:\Software\wampInstall\www\SingCms\Application\Runtime\Cache\Admin\34e4b095905075aaede5ee9039415509.php 第 111 行.
NOTIC: [8] Undefined variable: new F:\Software\wampInstall\www\SingCms\Application\Runtime\Cache\Admin\34e4b095905075aaede5ee9039415509.php 第 147 行.
NOTIC: [8] Undefined variable: new F:\Software\wampInstall\www\SingCms\Application\Runtime\Cache\Admin\34e4b095905075aaede5ee9039415509.php 第 147 行.
NOTIC: [8] Undefined variable: new F:\Software\wampInstall\www\SingCms\Application\Runtime\Cache\Admin\34e4b095905075aaede5ee9039415509.php 第 147 行.
NOTIC: [8] Undefined variable: new F:\Software\wampInstall\www\SingCms\Application\Runtime\Cache\Admin\34e4b095905075aaede5ee9039415509.php 第 147 行.
NOTIC: [8] Undefined variable: new F:\Software\wampInstall\www\SingCms\Application\Runtime\Cache\Admin\34e4b095905075aaede5ee9039415509.php 第 147 行.
NOTIC: [8] Undefined variable: new F:\Software\wampInstall\www\SingCms\Application\Runtime\Cache\Admin\34e4b095905075aaede5ee9039415509.php 第 147 行.
NOTIC: [8] Undefined variable: new F:\Software\wampInstall\www\SingCms\Application\Runtime\Cache\Admin\34e4b095905075aaede5ee9039415509.php 第 147 行.
NOTIC: [8] Undefined variable: new F:\Software\wampInstall\www\SingCms\Application\Runtime\Cache\Admin\34e4b095905075aaede5ee9039415509.php 第 147 行.
NOTIC: [8] Undefined variable: new F:\Software\wampInstall\www\SingCms\Application\Runtime\Cache\Admin\34e4b095905075aaede5ee9039415509.php 第 147 行.
NOTIC: [8] Undefined variable: new F:\Software\wampInstall\www\SingCms\Application\Runtime\Cache\Admin\34e4b095905075aaede5ee9039415509.php 第 147 行.
NOTIC: [8] Undefined variable: positions F:\Software\wampInstall\www\SingCms\Application\Runtime\Cache\Admin\34e4b095905075aaede5ee9039415509.php 第 174 行.
INFO: Run Behavior\ParseTemplateBehavior [ RunTime:0.411002s ]
INFO: [ view_parse ] --END-- [ RunTime:0.411002s ]
INFO: [ view_filter ] --START--
INFO: Run Behavior\WriteHtmlCacheBehavior [ RunTime:0.000000s ]
INFO: [ view_filter ] --END-- [ RunTime:0.000000s ]
INFO: [ app_end ] --START--
INFO: Run Behavior\ShowPageTraceBehavior [ RunTime:0.000000s ]
INFO: [ app_end ] --END-- [ RunTime:0.000000s ]

[ 2017-06-22T22:32:03+08:00 ] ::1 /SingCms/admin.php?c=product&a=addproduct
INFO: [ app_init ] --START--
INFO: Run Behavior\BuildLiteBehavior [ RunTime:0.000000s ]
INFO: [ app_init ] --END-- [ RunTime:0.000000s ]
INFO: [ app_begin ] --START--
INFO: Run Behavior\ReadHtmlCacheBehavior [ RunTime:0.000000s ]
INFO: [ app_begin ] --END-- [ RunTime:0.000000s ]
SQL: SHOW COLUMNS FROM `cms_product_classify` [ RunTime:0.2038s ]
SQL: SELECT * FROM `cms_product_classify` ORDER BY id desc  [ RunTime:0.2038s ]
INFO: [ view_parse ] --START--
INFO: [ template_filter ] --START--
INFO: Run Behavior\ContentReplaceBehavior [ RunTime:0.000000s ]
INFO: [ template_filter ] --END-- [ RunTime:0.000000s ]
NOTIC: [2048] Declaration of Common\Model\MenuModel::find() should be compatible with Think\Model::find($options = Array) F:\Software\wampInstall\www\SingCms\Application\Common\Model\MenuModel.class.php 第 92 行.
SQL: SHOW COLUMNS FROM `cms_menu` [ RunTime:0.1570s ]
SQL: SELECT * FROM `cms_menu` WHERE `status` <> -1 AND `type` = 1 ORDER BY listorder desc,menu_id desc  [ RunTime:0.2058s ]
NOTIC: [8] Undefined index: a F:\Software\wampInstall\www\SingCms\Application\Common\Common\function.php 第 33 行.
NOTIC: [8] Undefined index: a F:\Software\wampInstall\www\SingCms\Application\Common\Common\function.php 第 33 行.
NOTIC: [8] Undefined index: a F:\Software\wampInstall\www\SingCms\Application\Common\Common\function.php 第 33 行.
NOTIC: [8] Undefined index: a F:\Software\wampInstall\www\SingCms\Application\Common\Common\function.php 第 33 行.
NOTIC: [8] Undefined index: a F:\Software\wampInstall\www\SingCms\Application\Common\Common\function.php 第 33 行.
INFO: Run Behavior\ParseTemplateBehavior [ RunTime:0.414602s ]
INFO: [ view_parse ] --END-- [ RunTime:0.414602s ]
INFO: [ view_filter ] --START--
INFO: Run Behavior\WriteHtmlCacheBehavior [ RunTime:0.000000s ]
INFO: [ view_filter ] --END-- [ RunTime:0.000000s ]
INFO: [ app_end ] --START--
INFO: Run Behavior\ShowPageTraceBehavior [ RunTime:0.000000s ]
INFO: [ app_end ] --END-- [ RunTime:0.000000s ]

[ 2017-06-22T22:36:07+08:00 ] ::1 /SingCms/admin.php?c=product&a=addproduct
INFO: [ app_init ] --START--
INFO: Run Behavior\BuildLiteBehavior [ RunTime:0.000000s ]
INFO: [ app_init ] --END-- [ RunTime:0.000000s ]
INFO: [ app_begin ] --START--
INFO: Run Behavior\ReadHtmlCacheBehavior [ RunTime:0.000000s ]
INFO: [ app_begin ] --END-- [ RunTime:0.015600s ]
SQL: SHOW COLUMNS FROM `cms_product_classify` [ RunTime:0.0936s ]
SQL: SELECT * FROM `cms_product_classify` ORDER BY id desc  [ RunTime:0.0956s ]
INFO: [ view_parse ] --START--
INFO: [ template_filter ] --START--
INFO: Run Behavior\ContentReplaceBehavior [ RunTime:0.000000s ]
INFO: [ template_filter ] --END-- [ RunTime:0.000000s ]
NOTIC: [2048] Declaration of Common\Model\MenuModel::find() should be compatible with Think\Model::find($options = Array) F:\Software\wampInstall\www\SingCms\Application\Common\Model\MenuModel.class.php 第 92 行.
SQL: SHOW COLUMNS FROM `cms_menu` [ RunTime:0.5656s ]
SQL: SELECT * FROM `cms_menu` WHERE `status` <> -1 AND `type` = 1 ORDER BY listorder desc,menu_id desc  [ RunTime:0.0936s ]
NOTIC: [8] Undefined index: a F:\Software\wampInstall\www\SingCms\Application\Common\Common\function.php 第 33 行.
NOTIC: [8] Undefined index: a F:\Software\wampInstall\www\SingCms\Application\Common\Common\function.php 第 33 行.
NOTIC: [8] Undefined index: a F:\Software\wampInstall\www\SingCms\Application\Common\Common\function.php 第 33 行.
NOTIC: [8] Undefined index: a F:\Software\wampInstall\www\SingCms\Application\Common\Common\function.php 第 33 行.
NOTIC: [8] Undefined index: a F:\Software\wampInstall\www\SingCms\Application\Common\Common\function.php 第 33 行.
INFO: Run Behavior\ParseTemplateBehavior [ RunTime:0.721601s ]
INFO: [ view_parse ] --END-- [ RunTime:0.722601s ]
INFO: [ view_filter ] --START--
INFO: Run Behavior\WriteHtmlCacheBehavior [ RunTime:0.000000s ]
INFO: [ view_filter ] --END-- [ RunTime:0.000000s ]
INFO: [ app_end ] --START--
INFO: Run Behavior\ShowPageTraceBehavior [ RunTime:0.000000s ]
INFO: [ app_end ] --END-- [ RunTime:0.000000s ]

[ 2017-06-22T22:36:55+08:00 ] ::1 /SingCms/admin.php?c=product&a=addproduct
INFO: [ app_init ] --START--
INFO: Run Behavior\BuildLiteBehavior [ RunTime:0.000000s ]
INFO: [ app_init ] --END-- [ RunTime:0.000000s ]
INFO: [ app_begin ] --START--
INFO: Run Behavior\ReadHtmlCacheBehavior [ RunTime:0.000000s ]
INFO: [ app_begin ] --END-- [ RunTime:0.000000s ]
SQL: SHOW COLUMNS FROM `cms_product_classify` [ RunTime:0.2360s ]
SQL: SELECT * FROM `cms_product_classify` ORDER BY id desc  [ RunTime:0.1414s ]
INFO: [ view_parse ] --START--
INFO: [ template_filter ] --START--
INFO: Run Behavior\ContentReplaceBehavior [ RunTime:0.015600s ]
INFO: [ template_filter ] --END-- [ RunTime:0.015600s ]
NOTIC: [2048] Declaration of Common\Model\MenuModel::find() should be compatible with Think\Model::find($options = Array) F:\Software\wampInstall\www\SingCms\Application\Common\Model\MenuModel.class.php 第 92 行.
SQL: SHOW COLUMNS FROM `cms_menu` [ RunTime:0.1590s ]
SQL: SELECT * FROM `cms_menu` WHERE `status` <> -1 AND `type` = 1 ORDER BY listorder desc,menu_id desc  [ RunTime:0.1720s ]
NOTIC: [8] Undefined index: a F:\Software\wampInstall\www\SingCms\Application\Common\Common\function.php 第 33 行.
NOTIC: [8] Undefined index: a F:\Software\wampInstall\www\SingCms\Application\Common\Common\function.php 第 33 行.
NOTIC: [8] Undefined index: a F:\Software\wampInstall\www\SingCms\Application\Common\Common\function.php 第 33 行.
NOTIC: [8] Undefined index: a F:\Software\wampInstall\www\SingCms\Application\Common\Common\function.php 第 33 行.
NOTIC: [8] Undefined index: a F:\Software\wampInstall\www\SingCms\Application\Common\Common\function.php 第 33 行.
INFO: Run Behavior\ParseTemplateBehavior [ RunTime:0.377802s ]
INFO: [ view_parse ] --END-- [ RunTime:0.377802s ]
INFO: [ view_filter ] --START--
INFO: Run Behavior\WriteHtmlCacheBehavior [ RunTime:0.015600s ]
INFO: [ view_filter ] --END-- [ RunTime:0.015600s ]
INFO: [ app_end ] --START--
INFO: Run Behavior\ShowPageTraceBehavior [ RunTime:0.000000s ]
INFO: [ app_end ] --END-- [ RunTime:0.000000s ]

[ 2017-06-22T22:37:17+08:00 ] ::1 /SingCms/admin.php?c=product&a=addproduct
INFO: [ app_init ] --START--
INFO: Run Behavior\BuildLiteBehavior [ RunTime:0.000000s ]
INFO: [ app_init ] --END-- [ RunTime:0.000000s ]
INFO: [ app_begin ] --START--
INFO: Run Behavior\ReadHtmlCacheBehavior [ RunTime:0.000000s ]
INFO: [ app_begin ] --END-- [ RunTime:0.000000s ]
SQL: SHOW COLUMNS FROM `cms_product_classify` [ RunTime:1.0122s ]
SQL: SELECT * FROM `cms_product_classify` ORDER BY id desc  [ RunTime:0.2028s ]
INFO: [ view_parse ] --START--
INFO: [ template_filter ] --START--
INFO: Run Behavior\ContentReplaceBehavior [ RunTime:0.000000s ]
INFO: [ template_filter ] --END-- [ RunTime:0.000000s ]
NOTIC: [2048] Declaration of Common\Model\MenuModel::find() should be compatible with Think\Model::find($options = Array) F:\Software\wampInstall\www\SingCms\Application\Common\Model\MenuModel.class.php 第 92 行.
SQL: SHOW COLUMNS FROM `cms_menu` [ RunTime:0.1600s ]
SQL: SELECT * FROM `cms_menu` WHERE `status` <> -1 AND `type` = 1 ORDER BY listorder desc,menu_id desc  [ RunTime:0.2048s ]
NOTIC: [8] Undefined index: a F:\Software\wampInstall\www\SingCms\Application\Common\Common\function.php 第 33 行.
NOTIC: [8] Undefined index: a F:\Software\wampInstall\www\SingCms\Application\Common\Common\function.php 第 33 行.
NOTIC: [8] Undefined index: a F:\Software\wampInstall\www\SingCms\Application\Common\Common\function.php 第 33 行.
NOTIC: [8] Undefined index: a F:\Software\wampInstall\www\SingCms\Application\Common\Common\function.php 第 33 行.
NOTIC: [8] Undefined index: a F:\Software\wampInstall\www\SingCms\Application\Common\Common\function.php 第 33 行.
INFO: Run Behavior\ParseTemplateBehavior [ RunTime:0.415601s ]
INFO: [ view_parse ] --END-- [ RunTime:0.415601s ]
INFO: [ view_filter ] --START--
INFO: Run Behavior\WriteHtmlCacheBehavior [ RunTime:0.000000s ]
INFO: [ view_filter ] --END-- [ RunTime:0.000000s ]
INFO: [ app_end ] --START--
INFO: Run Behavior\ShowPageTraceBehavior [ RunTime:0.000000s ]
INFO: [ app_end ] --END-- [ RunTime:0.000000s ]

[ 2017-06-22T22:37:49+08:00 ] ::1 /SingCms/admin.php?c=product&a=addproduct
INFO: [ app_init ] --START--
INFO: Run Behavior\BuildLiteBehavior [ RunTime:0.000000s ]
INFO: [ app_init ] --END-- [ RunTime:0.000000s ]
INFO: [ app_begin ] --START--
INFO: Run Behavior\ReadHtmlCacheBehavior [ RunTime:0.000000s ]
INFO: [ app_begin ] --END-- [ RunTime:0.000000s ]
SQL: SHOW COLUMNS FROM `cms_product_classify` [ RunTime:1.1296s ]
SQL: SELECT * FROM `cms_product_classify` ORDER BY id desc  [ RunTime:0.1424s ]
INFO: [ view_parse ] --START--
INFO: [ template_filter ] --START--
INFO: Run Behavior\ContentReplaceBehavior [ RunTime:0.000000s ]
INFO: [ template_filter ] --END-- [ RunTime:0.000000s ]
NOTIC: [2048] Declaration of Common\Model\MenuModel::find() should be compatible with Think\Model::find($options = Array) F:\Software\wampInstall\www\SingCms\Application\Common\Model\MenuModel.class.php 第 92 行.
SQL: SHOW COLUMNS FROM `cms_menu` [ RunTime:0.2118s ]
SQL: SELECT * FROM `cms_menu` WHERE `status` <> -1 AND `type` = 1 ORDER BY listorder desc,menu_id desc  [ RunTime:0.2038s ]
NOTIC: [8] Undefined index: a F:\Software\wampInstall\www\SingCms\Application\Common\Common\function.php 第 33 行.
NOTIC: [8] Undefined index: a F:\Software\wampInstall\www\SingCms\Application\Common\Common\function.php 第 33 行.
NOTIC: [8] Undefined index: a F:\Software\wampInstall\www\SingCms\Application\Common\Common\function.php 第 33 行.
NOTIC: [8] Undefined index: a F:\Software\wampInstall\www\SingCms\Application\Common\Common\function.php 第 33 行.
NOTIC: [8] Undefined index: a F:\Software\wampInstall\www\SingCms\Application\Common\Common\function.php 第 33 行.
INFO: Run Behavior\ParseTemplateBehavior [ RunTime:0.462402s ]
INFO: [ view_parse ] --END-- [ RunTime:0.462402s ]
INFO: [ view_filter ] --START--
INFO: Run Behavior\WriteHtmlCacheBehavior [ RunTime:0.000000s ]
INFO: [ view_filter ] --END-- [ RunTime:0.015600s ]
INFO: [ app_end ] --START--
INFO: Run Behavior\ShowPageTraceBehavior [ RunTime:0.000000s ]
INFO: [ app_end ] --END-- [ RunTime:0.000000s ]

