[ 2017-06-21T21:05:37+08:00 ] 127.0.0.1 /SingCms/?m=Admin&c=Login&a=index
INFO: [ app_init ] --START--
INFO: Run Behavior\BuildLiteBehavior [ RunTime:0.001000s ]
INFO: [ app_init ] --END-- [ RunTime:0.059003s ]
INFO: [ app_begin ] --START--
INFO: Run Behavior\ReadHtmlCacheBehavior [ RunTime:0.029001s ]
INFO: [ app_begin ] --END-- [ RunTime:0.029001s ]
INFO: [ view_parse ] --START--
INFO: [ template_filter ] --START--
INFO: Run Behavior\ContentReplaceBehavior [ RunTime:0.005001s ]
INFO: [ template_filter ] --END-- [ RunTime:0.006001s ]
INFO: Run Behavior\ParseTemplateBehavior [ RunTime:0.119007s ]
INFO: [ view_parse ] --END-- [ RunTime:0.119007s ]
INFO: [ view_filter ] --START--
INFO: Run Behavior\WriteHtmlCacheBehavior [ RunTime:0.013000s ]
INFO: [ view_filter ] --END-- [ RunTime:0.015000s ]
INFO: [ app_end ] --START--
INFO: Run Behavior\ShowPageTraceBehavior [ RunTime:0.003001s ]
INFO: [ app_end ] --END-- [ RunTime:0.003001s ]

[ 2017-06-21T21:05:42+08:00 ] 127.0.0.1 /SingCms/admin.php?c=login&a=check
INFO: [ app_init ] --START--
INFO: Run Behavior\BuildLiteBehavior [ RunTime:0.000000s ]
INFO: [ app_init ] --END-- [ RunTime:0.001000s ]
INFO: [ app_begin ] --START--
INFO: Run Behavior\ReadHtmlCacheBehavior [ RunTime:0.001000s ]
INFO: [ app_begin ] --END-- [ RunTime:0.002000s ]
SQL: SHOW COLUMNS FROM `cms_admin` [ RunTime:0.3160s ]
SQL: SELECT * FROM `cms_admin` WHERE ( username="admin" ) LIMIT 1   [ RunTime:0.3090s ]
SQL: UPDATE `cms_admin` SET `lastlogintime`='1498050341' WHERE ( admin_id=1 ) [ RunTime:0.3010s ]

[ 2017-06-21T21:05:47+08:00 ] 127.0.0.1 /SingCms/admin.php?c=index&a=index
INFO: [ app_init ] --START--
INFO: Run Behavior\BuildLiteBehavior [ RunTime:0.001001s ]
INFO: [ app_init ] --END-- [ RunTime:0.001001s ]
INFO: [ app_begin ] --START--
INFO: Run Behavior\ReadHtmlCacheBehavior [ RunTime:0.002000s ]
INFO: [ app_begin ] --END-- [ RunTime:0.002000s ]
NOTIC: [2048] Declaration of Common\Model\NewsModel::find() should be compatible with Think\Model::find($options = Array) F:\Software\wampInstall\www\SingCms\Application\Common\Model\NewsModel.class.php 第 9 行.
SQL: SHOW COLUMNS FROM `cms_news` [ RunTime:0.3010s ]
SQL: SELECT * FROM `cms_news` WHERE `status` = 1 ORDER BY count desc LIMIT 1   [ RunTime:0.3300s ]
SQL: SELECT COUNT(*) AS tp_count FROM `cms_news` WHERE `status` <> -1 LIMIT 1   [ RunTime:0.2930s ]
NOTIC: [2048] Declaration of Common\Model\PositionModel::find() should be compatible with Think\Model::find($options = Array) F:\Software\wampInstall\www\SingCms\Application\Common\Model\PositionModel.class.php 第 81 行.
SQL: SHOW COLUMNS FROM `cms_position` [ RunTime:0.3270s ]
SQL: SELECT COUNT(*) AS tp_count FROM `cms_position` WHERE `status` = 1 LIMIT 1   [ RunTime:0.3180s ]
SQL: SHOW COLUMNS FROM `cms_admin` [ RunTime:0.3050s ]
SQL: SELECT COUNT(*) AS tp_count FROM `cms_admin` WHERE `status` = 1 AND `lastlogintime` > 1497974400 LIMIT 1   [ RunTime:0.4250s ]
NOTIC: [2] Illegal string offset 'tp_count' F:\Software\wampInstall\www\SingCms\Application\Common\Model\AdminModel.class.php 第 75 行.
INFO: [ view_parse ] --START--
INFO: [ template_filter ] --START--
INFO: Run Behavior\ContentReplaceBehavior [ RunTime:0.001000s ]
INFO: [ template_filter ] --END-- [ RunTime:0.003000s ]
NOTIC: [2048] Declaration of Common\Model\MenuModel::find() should be compatible with Think\Model::find($options = Array) F:\Software\wampInstall\www\SingCms\Application\Common\Model\MenuModel.class.php 第 92 行.
SQL: SHOW COLUMNS FROM `cms_menu` [ RunTime:0.3410s ]
SQL: SELECT * FROM `cms_menu` WHERE `status` <> -1 AND `type` = 1 ORDER BY listorder desc,menu_id desc  [ RunTime:0.3020s ]
NOTIC: [8] Undefined index: a F:\Software\wampInstall\www\SingCms\Application\Common\Common\function.php 第 33 行.
NOTIC: [8] Undefined index: a F:\Software\wampInstall\www\SingCms\Application\Common\Common\function.php 第 33 行.
NOTIC: [8] Undefined index: a F:\Software\wampInstall\www\SingCms\Application\Common\Common\function.php 第 33 行.
NOTIC: [8] Undefined index: a F:\Software\wampInstall\www\SingCms\Application\Common\Common\function.php 第 33 行.
NOTIC: [8] Undefined index: a F:\Software\wampInstall\www\SingCms\Application\Common\Common\function.php 第 33 行.
INFO: Run Behavior\ParseTemplateBehavior [ RunTime:0.767044s ]
INFO: [ view_parse ] --END-- [ RunTime:0.767044s ]
INFO: [ view_filter ] --START--
INFO: Run Behavior\WriteHtmlCacheBehavior [ RunTime:0.002000s ]
INFO: [ view_filter ] --END-- [ RunTime:0.002000s ]
INFO: [ app_end ] --START--
INFO: Run Behavior\ShowPageTraceBehavior [ RunTime:0.001000s ]
INFO: [ app_end ] --END-- [ RunTime:0.003000s ]

[ 2017-06-21T21:05:49+08:00 ] 127.0.0.1 /SingCms/admin.php?c=index&a=index
INFO: [ app_init ] --START--
INFO: Run Behavior\BuildLiteBehavior [ RunTime:0.000000s ]
INFO: [ app_init ] --END-- [ RunTime:0.002000s ]
INFO: [ app_begin ] --START--
INFO: Run Behavior\ReadHtmlCacheBehavior [ RunTime:0.002000s ]
INFO: [ app_begin ] --END-- [ RunTime:0.002000s ]
NOTIC: [2048] Declaration of Common\Model\NewsModel::find() should be compatible with Think\Model::find($options = Array) F:\Software\wampInstall\www\SingCms\Application\Common\Model\NewsModel.class.php 第 9 行.
SQL: SHOW COLUMNS FROM `cms_news` [ RunTime:0.1220s ]
SQL: SELECT * FROM `cms_news` WHERE `status` = 1 ORDER BY count desc LIMIT 1   [ RunTime:0.0930s ]
SQL: SELECT COUNT(*) AS tp_count FROM `cms_news` WHERE `status` <> -1 LIMIT 1   [ RunTime:0.0950s ]
NOTIC: [2048] Declaration of Common\Model\PositionModel::find() should be compatible with Think\Model::find($options = Array) F:\Software\wampInstall\www\SingCms\Application\Common\Model\PositionModel.class.php 第 81 行.
SQL: SHOW COLUMNS FROM `cms_position` [ RunTime:0.0850s ]
SQL: SELECT COUNT(*) AS tp_count FROM `cms_position` WHERE `status` = 1 LIMIT 1   [ RunTime:0.0870s ]
SQL: SHOW COLUMNS FROM `cms_admin` [ RunTime:0.2050s ]
SQL: SELECT COUNT(*) AS tp_count FROM `cms_admin` WHERE `status` = 1 AND `lastlogintime` > 1497974400 LIMIT 1   [ RunTime:0.1090s ]
NOTIC: [2] Illegal string offset 'tp_count' F:\Software\wampInstall\www\SingCms\Application\Common\Model\AdminModel.class.php 第 75 行.
INFO: [ view_parse ] --START--
INFO: [ template_filter ] --START--
INFO: Run Behavior\ContentReplaceBehavior [ RunTime:0.000000s ]
INFO: [ template_filter ] --END-- [ RunTime:0.000000s ]
NOTIC: [2048] Declaration of Common\Model\MenuModel::find() should be compatible with Think\Model::find($options = Array) F:\Software\wampInstall\www\SingCms\Application\Common\Model\MenuModel.class.php 第 92 行.
SQL: SHOW COLUMNS FROM `cms_menu` [ RunTime:0.0930s ]
SQL: SELECT * FROM `cms_menu` WHERE `status` <> -1 AND `type` = 1 ORDER BY listorder desc,menu_id desc  [ RunTime:0.0960s ]
NOTIC: [8] Undefined index: a F:\Software\wampInstall\www\SingCms\Application\Common\Common\function.php 第 33 行.
NOTIC: [8] Undefined index: a F:\Software\wampInstall\www\SingCms\Application\Common\Common\function.php 第 33 行.
NOTIC: [8] Undefined index: a F:\Software\wampInstall\www\SingCms\Application\Common\Common\function.php 第 33 行.
NOTIC: [8] Undefined index: a F:\Software\wampInstall\www\SingCms\Application\Common\Common\function.php 第 33 行.
NOTIC: [8] Undefined index: a F:\Software\wampInstall\www\SingCms\Application\Common\Common\function.php 第 33 行.
INFO: Run Behavior\ParseTemplateBehavior [ RunTime:0.234013s ]
INFO: [ view_parse ] --END-- [ RunTime:0.236014s ]
INFO: [ view_filter ] --START--
INFO: Run Behavior\WriteHtmlCacheBehavior [ RunTime:0.002000s ]
INFO: [ view_filter ] --END-- [ RunTime:0.003000s ]
INFO: [ app_end ] --START--
INFO: Run Behavior\ShowPageTraceBehavior [ RunTime:0.002000s ]
INFO: [ app_end ] --END-- [ RunTime:0.004000s ]

[ 2017-06-21T21:05:53+08:00 ] 127.0.0.1 /SingCms/admin.php?c=content
INFO: [ app_init ] --START--
INFO: Run Behavior\BuildLiteBehavior [ RunTime:0.000000s ]
INFO: [ app_init ] --END-- [ RunTime:0.003000s ]
INFO: [ app_begin ] --START--
INFO: Run Behavior\ReadHtmlCacheBehavior [ RunTime:0.002000s ]
INFO: [ app_begin ] --END-- [ RunTime:0.002000s ]
NOTIC: [2048] Declaration of Admin\Controller\ContentController::setStatus() should be compatible with Admin\Controller\CommonController::setStatus($data, $models) F:\Software\wampInstall\www\SingCms\Application\Admin\Controller\ContentController.class.php 第 12 行.
NOTIC: [2048] Declaration of Admin\Controller\ContentController::listorder() should be compatible with Admin\Controller\CommonController::listorder($model = '') F:\Software\wampInstall\www\SingCms\Application\Admin\Controller\ContentController.class.php 第 12 行.
NOTIC: [8] Undefined index: title F:\Software\wampInstall\www\SingCms\Application\Admin\Controller\ContentController.class.php 第 16 行.
NOTIC: [8] Undefined index: catid F:\Software\wampInstall\www\SingCms\Application\Admin\Controller\ContentController.class.php 第 20 行.
NOTIC: [8] Undefined index: p F:\Software\wampInstall\www\SingCms\Application\Admin\Controller\ContentController.class.php 第 24 行.
NOTIC: [2048] Declaration of Common\Model\NewsModel::find() should be compatible with Think\Model::find($options = Array) F:\Software\wampInstall\www\SingCms\Application\Common\Model\NewsModel.class.php 第 9 行.
SQL: SHOW COLUMNS FROM `cms_news` [ RunTime:0.0850s ]
SQL: SELECT * FROM `cms_news` WHERE `status` <> -1 ORDER BY listorder desc ,news_id desc LIMIT 0,10   [ RunTime:0.0900s ]
SQL: SELECT COUNT(*) AS tp_count FROM `cms_news` WHERE `status` <> -1 LIMIT 1   [ RunTime:0.0780s ]
NOTIC: [8] Undefined variable: sing_path F:\Software\wampInstall\www\SingCms\ThinkPHP\Common\functions.php 第 991 行.
NOTIC: [2048] Declaration of Common\Model\PositionModel::find() should be compatible with Think\Model::find($options = Array) F:\Software\wampInstall\www\SingCms\Application\Common\Model\PositionModel.class.php 第 81 行.
SQL: SHOW COLUMNS FROM `cms_position` [ RunTime:0.0880s ]
SQL: SELECT * FROM `cms_position` WHERE `status` = 1 ORDER BY id  [ RunTime:0.0950s ]
NOTIC: [2048] Declaration of Common\Model\MenuModel::find() should be compatible with Think\Model::find($options = Array) F:\Software\wampInstall\www\SingCms\Application\Common\Model\MenuModel.class.php 第 92 行.
SQL: SHOW COLUMNS FROM `cms_menu` [ RunTime:0.0900s ]
SQL: SELECT * FROM `cms_menu` WHERE `status` = 1 AND `type` = 0 ORDER BY listorder desc,menu_id desc  [ RunTime:0.0820s ]
INFO: [ view_parse ] --START--
INFO: [ template_filter ] --START--
INFO: Run Behavior\ContentReplaceBehavior [ RunTime:0.000000s ]
INFO: [ template_filter ] --END-- [ RunTime:0.001000s ]
SQL: SELECT * FROM `cms_menu` WHERE `status` <> -1 AND `type` = 1 ORDER BY listorder desc,menu_id desc  [ RunTime:0.0940s ]
NOTIC: [8] Undefined index: a F:\Software\wampInstall\www\SingCms\Application\Common\Common\function.php 第 33 行.
NOTIC: [8] Undefined index: a F:\Software\wampInstall\www\SingCms\Application\Common\Common\function.php 第 33 行.
NOTIC: [8] Undefined index: a F:\Software\wampInstall\www\SingCms\Application\Common\Common\function.php 第 33 行.
NOTIC: [8] Undefined index: a F:\Software\wampInstall\www\SingCms\Application\Common\Common\function.php 第 33 行.
NOTIC: [8] Undefined index: a F:\Software\wampInstall\www\SingCms\Application\Common\Common\function.php 第 33 行.
INFO: Run Behavior\ParseTemplateBehavior [ RunTime:0.232013s ]
INFO: [ view_parse ] --END-- [ RunTime:0.232013s ]
INFO: [ view_filter ] --START--
INFO: Run Behavior\WriteHtmlCacheBehavior [ RunTime:0.001000s ]
INFO: [ view_filter ] --END-- [ RunTime:0.002000s ]
INFO: [ app_end ] --START--
INFO: Run Behavior\ShowPageTraceBehavior [ RunTime:0.002000s ]
INFO: [ app_end ] --END-- [ RunTime:0.002000s ]

[ 2017-06-21T22:33:16+08:00 ] 127.0.0.1 /SingCms/admin.php?c=content
INFO: [ app_init ] --START--
INFO: Run Behavior\BuildLiteBehavior [ RunTime:0.000000s ]
INFO: [ app_init ] --END-- [ RunTime:0.002000s ]
INFO: [ app_begin ] --START--
INFO: Run Behavior\ReadHtmlCacheBehavior [ RunTime:0.002000s ]
INFO: [ app_begin ] --END-- [ RunTime:0.002000s ]
NOTIC: [2048] Declaration of Admin\Controller\ContentController::setStatus() should be compatible with Admin\Controller\CommonController::setStatus($data, $models) F:\Software\wampInstall\www\SingCms\Application\Admin\Controller\ContentController.class.php 第 12 行.
NOTIC: [2048] Declaration of Admin\Controller\ContentController::listorder() should be compatible with Admin\Controller\CommonController::listorder($model = '') F:\Software\wampInstall\www\SingCms\Application\Admin\Controller\ContentController.class.php 第 12 行.
NOTIC: [8] Undefined index: title F:\Software\wampInstall\www\SingCms\Application\Admin\Controller\ContentController.class.php 第 16 行.
NOTIC: [8] Undefined index: catid F:\Software\wampInstall\www\SingCms\Application\Admin\Controller\ContentController.class.php 第 20 行.
NOTIC: [8] Undefined index: p F:\Software\wampInstall\www\SingCms\Application\Admin\Controller\ContentController.class.php 第 24 行.
NOTIC: [2048] Declaration of Common\Model\NewsModel::find() should be compatible with Think\Model::find($options = Array) F:\Software\wampInstall\www\SingCms\Application\Common\Model\NewsModel.class.php 第 9 行.
SQL: SHOW COLUMNS FROM `cms_news` [ RunTime:0.6080s ]
SQL: SELECT * FROM `cms_news` WHERE `status` <> -1 ORDER BY listorder desc ,news_id desc LIMIT 0,10   [ RunTime:0.6080s ]
SQL: SELECT COUNT(*) AS tp_count FROM `cms_news` WHERE `status` <> -1 LIMIT 1   [ RunTime:0.6000s ]
NOTIC: [8] Undefined variable: sing_path F:\Software\wampInstall\www\SingCms\ThinkPHP\Common\functions.php 第 991 行.
NOTIC: [2048] Declaration of Common\Model\PositionModel::find() should be compatible with Think\Model::find($options = Array) F:\Software\wampInstall\www\SingCms\Application\Common\Model\PositionModel.class.php 第 81 行.
SQL: SHOW COLUMNS FROM `cms_position` [ RunTime:0.5920s ]
SQL: SELECT * FROM `cms_position` WHERE `status` = 1 ORDER BY id  [ RunTime:0.5610s ]
NOTIC: [2048] Declaration of Common\Model\MenuModel::find() should be compatible with Think\Model::find($options = Array) F:\Software\wampInstall\www\SingCms\Application\Common\Model\MenuModel.class.php 第 92 行.
SQL: SHOW COLUMNS FROM `cms_menu` [ RunTime:0.5670s ]
SQL: SELECT * FROM `cms_menu` WHERE `status` = 1 AND `type` = 0 ORDER BY listorder desc,menu_id desc  [ RunTime:0.5670s ]
INFO: [ view_parse ] --START--
INFO: [ template_filter ] --START--
INFO: Run Behavior\ContentReplaceBehavior [ RunTime:0.000000s ]
INFO: [ template_filter ] --END-- [ RunTime:0.001000s ]
SQL: SELECT * FROM `cms_menu` WHERE `status` <> -1 AND `type` = 1 ORDER BY listorder desc,menu_id desc  [ RunTime:0.6090s ]
NOTIC: [8] Undefined index: a F:\Software\wampInstall\www\SingCms\Application\Common\Common\function.php 第 33 行.
NOTIC: [8] Undefined index: a F:\Software\wampInstall\www\SingCms\Application\Common\Common\function.php 第 33 行.
NOTIC: [8] Undefined index: a F:\Software\wampInstall\www\SingCms\Application\Common\Common\function.php 第 33 行.
NOTIC: [8] Undefined index: a F:\Software\wampInstall\www\SingCms\Application\Common\Common\function.php 第 33 行.
NOTIC: [8] Undefined index: a F:\Software\wampInstall\www\SingCms\Application\Common\Common\function.php 第 33 行.
INFO: Run Behavior\ParseTemplateBehavior [ RunTime:0.667038s ]
INFO: [ view_parse ] --END-- [ RunTime:0.667038s ]
INFO: [ view_filter ] --START--
INFO: Run Behavior\WriteHtmlCacheBehavior [ RunTime:0.002000s ]
INFO: [ view_filter ] --END-- [ RunTime:0.002000s ]
INFO: [ app_end ] --START--
INFO: Run Behavior\ShowPageTraceBehavior [ RunTime:0.001000s ]
INFO: [ app_end ] --END-- [ RunTime:0.003001s ]

[ 2017-06-21T22:38:15+08:00 ] 127.0.0.1 /SingCms/admin.php?c=content
INFO: [ app_init ] --START--
INFO: Run Behavior\BuildLiteBehavior [ RunTime:0.000000s ]
INFO: [ app_init ] --END-- [ RunTime:0.002000s ]
INFO: [ app_begin ] --START--
INFO: Run Behavior\ReadHtmlCacheBehavior [ RunTime:0.002000s ]
INFO: [ app_begin ] --END-- [ RunTime:0.002000s ]
NOTIC: [2048] Declaration of Admin\Controller\ContentController::setStatus() should be compatible with Admin\Controller\CommonController::setStatus($data, $models) F:\Software\wampInstall\www\SingCms\Application\Admin\Controller\ContentController.class.php 第 12 行.
NOTIC: [2048] Declaration of Admin\Controller\ContentController::listorder() should be compatible with Admin\Controller\CommonController::listorder($model = '') F:\Software\wampInstall\www\SingCms\Application\Admin\Controller\ContentController.class.php 第 12 行.
NOTIC: [8] Undefined index: title F:\Software\wampInstall\www\SingCms\Application\Admin\Controller\ContentController.class.php 第 16 行.
NOTIC: [8] Undefined index: catid F:\Software\wampInstall\www\SingCms\Application\Admin\Controller\ContentController.class.php 第 20 行.
NOTIC: [8] Undefined index: p F:\Software\wampInstall\www\SingCms\Application\Admin\Controller\ContentController.class.php 第 24 行.
NOTIC: [2048] Declaration of Common\Model\NewsModel::find() should be compatible with Think\Model::find($options = Array) F:\Software\wampInstall\www\SingCms\Application\Common\Model\NewsModel.class.php 第 9 行.
SQL: SHOW COLUMNS FROM `cms_news` [ RunTime:0.6010s ]
SQL: SELECT * FROM `cms_news` WHERE `status` <> -1 ORDER BY listorder desc ,news_id desc LIMIT 0,10   [ RunTime:0.6270s ]
SQL: SELECT COUNT(*) AS tp_count FROM `cms_news` WHERE `status` <> -1 LIMIT 1   [ RunTime:0.8150s ]
NOTIC: [8] Undefined variable: sing_path F:\Software\wampInstall\www\SingCms\ThinkPHP\Common\functions.php 第 991 行.
NOTIC: [2048] Declaration of Common\Model\PositionModel::find() should be compatible with Think\Model::find($options = Array) F:\Software\wampInstall\www\SingCms\Application\Common\Model\PositionModel.class.php 第 81 行.
SQL: SHOW COLUMNS FROM `cms_position` [ RunTime:0.6050s ]
SQL: SELECT * FROM `cms_position` WHERE `status` = 1 ORDER BY id  [ RunTime:0.6130s ]
NOTIC: [2048] Declaration of Common\Model\MenuModel::find() should be compatible with Think\Model::find($options = Array) F:\Software\wampInstall\www\SingCms\Application\Common\Model\MenuModel.class.php 第 92 行.
SQL: SHOW COLUMNS FROM `cms_menu` [ RunTime:0.7120s ]
SQL: SELECT * FROM `cms_menu` WHERE `status` = 1 AND `type` = 0 ORDER BY listorder desc,menu_id desc  [ RunTime:0.9181s ]
INFO: [ view_parse ] --START--
INFO: [ template_filter ] --START--
INFO: Run Behavior\ContentReplaceBehavior [ RunTime:0.000000s ]
INFO: [ template_filter ] --END-- [ RunTime:0.001000s ]
SQL: SELECT * FROM `cms_menu` WHERE `status` <> -1 AND `type` = 1 ORDER BY listorder desc,menu_id desc  [ RunTime:0.6490s ]
NOTIC: [8] Undefined index: a F:\Software\wampInstall\www\SingCms\Application\Common\Common\function.php 第 33 行.
NOTIC: [8] Undefined index: a F:\Software\wampInstall\www\SingCms\Application\Common\Common\function.php 第 33 行.
NOTIC: [8] Undefined index: a F:\Software\wampInstall\www\SingCms\Application\Common\Common\function.php 第 33 行.
NOTIC: [8] Undefined index: a F:\Software\wampInstall\www\SingCms\Application\Common\Common\function.php 第 33 行.
NOTIC: [8] Undefined index: a F:\Software\wampInstall\www\SingCms\Application\Common\Common\function.php 第 33 行.
INFO: Run Behavior\ParseTemplateBehavior [ RunTime:0.717041s ]
INFO: [ view_parse ] --END-- [ RunTime:0.718041s ]
INFO: [ view_filter ] --START--
INFO: Run Behavior\WriteHtmlCacheBehavior [ RunTime:0.001000s ]
INFO: [ view_filter ] --END-- [ RunTime:0.001000s ]
INFO: [ app_end ] --START--
INFO: Run Behavior\ShowPageTraceBehavior [ RunTime:0.001000s ]
INFO: [ app_end ] --END-- [ RunTime:0.002000s ]

[ 2017-06-21T22:38:30+08:00 ] 127.0.0.1 /SingCms/admin.php?m=Admin&c=Content&a=index&p=3
INFO: [ app_init ] --START--
INFO: Run Behavior\BuildLiteBehavior [ RunTime:0.001000s ]
INFO: [ app_init ] --END-- [ RunTime:0.001000s ]
INFO: [ app_begin ] --START--
INFO: Run Behavior\ReadHtmlCacheBehavior [ RunTime:0.002000s ]
INFO: [ app_begin ] --END-- [ RunTime:0.002000s ]
NOTIC: [2048] Declaration of Admin\Controller\ContentController::setStatus() should be compatible with Admin\Controller\CommonController::setStatus($data, $models) F:\Software\wampInstall\www\SingCms\Application\Admin\Controller\ContentController.class.php 第 12 行.
NOTIC: [2048] Declaration of Admin\Controller\ContentController::listorder() should be compatible with Admin\Controller\CommonController::listorder($model = '') F:\Software\wampInstall\www\SingCms\Application\Admin\Controller\ContentController.class.php 第 12 行.
NOTIC: [8] Undefined index: title F:\Software\wampInstall\www\SingCms\Application\Admin\Controller\ContentController.class.php 第 16 行.
NOTIC: [8] Undefined index: catid F:\Software\wampInstall\www\SingCms\Application\Admin\Controller\ContentController.class.php 第 20 行.
NOTIC: [2048] Declaration of Common\Model\NewsModel::find() should be compatible with Think\Model::find($options = Array) F:\Software\wampInstall\www\SingCms\Application\Common\Model\NewsModel.class.php 第 9 行.
SQL: SHOW COLUMNS FROM `cms_news` [ RunTime:0.5760s ]
SQL: SELECT * FROM `cms_news` WHERE `status` <> -1 ORDER BY listorder desc ,news_id desc LIMIT 20,10   [ RunTime:0.7120s ]
SQL: SELECT COUNT(*) AS tp_count FROM `cms_news` WHERE `status` <> -1 LIMIT 1   [ RunTime:0.8180s ]
NOTIC: [8] Undefined variable: sing_path F:\Software\wampInstall\www\SingCms\ThinkPHP\Common\functions.php 第 991 行.
NOTIC: [2048] Declaration of Common\Model\PositionModel::find() should be compatible with Think\Model::find($options = Array) F:\Software\wampInstall\www\SingCms\Application\Common\Model\PositionModel.class.php 第 81 行.
SQL: SHOW COLUMNS FROM `cms_position` [ RunTime:0.7330s ]
SQL: SELECT * FROM `cms_position` WHERE `status` = 1 ORDER BY id  [ RunTime:0.6100s ]
NOTIC: [2048] Declaration of Common\Model\MenuModel::find() should be compatible with Think\Model::find($options = Array) F:\Software\wampInstall\www\SingCms\Application\Common\Model\MenuModel.class.php 第 92 行.
SQL: SHOW COLUMNS FROM `cms_menu` [ RunTime:0.6940s ]
SQL: SELECT * FROM `cms_menu` WHERE `status` = 1 AND `type` = 0 ORDER BY listorder desc,menu_id desc  [ RunTime:0.6070s ]
INFO: [ view_parse ] --START--
INFO: [ template_filter ] --START--
INFO: Run Behavior\ContentReplaceBehavior [ RunTime:0.000000s ]
INFO: [ template_filter ] --END-- [ RunTime:0.001000s ]
SQL: SELECT * FROM `cms_menu` WHERE `status` <> -1 AND `type` = 1 ORDER BY listorder desc,menu_id desc  [ RunTime:0.5850s ]
NOTIC: [8] Undefined index: a F:\Software\wampInstall\www\SingCms\Application\Common\Common\function.php 第 33 行.
NOTIC: [8] Undefined index: a F:\Software\wampInstall\www\SingCms\Application\Common\Common\function.php 第 33 行.
NOTIC: [8] Undefined index: a F:\Software\wampInstall\www\SingCms\Application\Common\Common\function.php 第 33 行.
NOTIC: [8] Undefined index: a F:\Software\wampInstall\www\SingCms\Application\Common\Common\function.php 第 33 行.
NOTIC: [8] Undefined index: a F:\Software\wampInstall\www\SingCms\Application\Common\Common\function.php 第 33 行.
INFO: Run Behavior\ParseTemplateBehavior [ RunTime:0.652038s ]
INFO: [ view_parse ] --END-- [ RunTime:0.653038s ]
INFO: [ view_filter ] --START--
INFO: Run Behavior\WriteHtmlCacheBehavior [ RunTime:0.001000s ]
INFO: [ view_filter ] --END-- [ RunTime:0.002000s ]
INFO: [ app_end ] --START--
INFO: Run Behavior\ShowPageTraceBehavior [ RunTime:0.002000s ]
INFO: [ app_end ] --END-- [ RunTime:0.003000s ]

[ 2017-06-21T22:38:31+08:00 ] 127.0.0.1 /SingCms/admin.php?m=Admin&c=Content&a=index&p=3
INFO: [ app_init ] --START--
INFO: Run Behavior\BuildLiteBehavior [ RunTime:0.000000s ]
INFO: [ app_init ] --END-- [ RunTime:0.001000s ]
INFO: [ app_begin ] --START--
INFO: Run Behavior\ReadHtmlCacheBehavior [ RunTime:0.002001s ]
INFO: [ app_begin ] --END-- [ RunTime:0.002001s ]
NOTIC: [2048] Declaration of Admin\Controller\ContentController::setStatus() should be compatible with Admin\Controller\CommonController::setStatus($data, $models) F:\Software\wampInstall\www\SingCms\Application\Admin\Controller\ContentController.class.php 第 12 行.
NOTIC: [2048] Declaration of Admin\Controller\ContentController::listorder() should be compatible with Admin\Controller\CommonController::listorder($model = '') F:\Software\wampInstall\www\SingCms\Application\Admin\Controller\ContentController.class.php 第 12 行.
NOTIC: [8] Undefined index: title F:\Software\wampInstall\www\SingCms\Application\Admin\Controller\ContentController.class.php 第 16 行.
NOTIC: [8] Undefined index: catid F:\Software\wampInstall\www\SingCms\Application\Admin\Controller\ContentController.class.php 第 20 行.
NOTIC: [2048] Declaration of Common\Model\NewsModel::find() should be compatible with Think\Model::find($options = Array) F:\Software\wampInstall\www\SingCms\Application\Common\Model\NewsModel.class.php 第 9 行.
SQL: SHOW COLUMNS FROM `cms_news` [ RunTime:0.1120s ]
SQL: SELECT * FROM `cms_news` WHERE `status` <> -1 ORDER BY listorder desc ,news_id desc LIMIT 20,10   [ RunTime:0.1050s ]
SQL: SELECT COUNT(*) AS tp_count FROM `cms_news` WHERE `status` <> -1 LIMIT 1   [ RunTime:0.0940s ]
NOTIC: [8] Undefined variable: sing_path F:\Software\wampInstall\www\SingCms\ThinkPHP\Common\functions.php 第 991 行.
NOTIC: [2048] Declaration of Common\Model\PositionModel::find() should be compatible with Think\Model::find($options = Array) F:\Software\wampInstall\www\SingCms\Application\Common\Model\PositionModel.class.php 第 81 行.
SQL: SHOW COLUMNS FROM `cms_position` [ RunTime:0.0960s ]
SQL: SELECT * FROM `cms_position` WHERE `status` = 1 ORDER BY id  [ RunTime:0.0950s ]
NOTIC: [2048] Declaration of Common\Model\MenuModel::find() should be compatible with Think\Model::find($options = Array) F:\Software\wampInstall\www\SingCms\Application\Common\Model\MenuModel.class.php 第 92 行.
SQL: SHOW COLUMNS FROM `cms_menu` [ RunTime:0.0980s ]
SQL: SELECT * FROM `cms_menu` WHERE `status` = 1 AND `type` = 0 ORDER BY listorder desc,menu_id desc  [ RunTime:0.0930s ]
INFO: [ view_parse ] --START--
INFO: [ template_filter ] --START--
INFO: Run Behavior\ContentReplaceBehavior [ RunTime:0.000000s ]
INFO: [ template_filter ] --END-- [ RunTime:0.001000s ]
SQL: SELECT * FROM `cms_menu` WHERE `status` <> -1 AND `type` = 1 ORDER BY listorder desc,menu_id desc  [ RunTime:0.1100s ]
NOTIC: [8] Undefined index: a F:\Software\wampInstall\www\SingCms\Application\Common\Common\function.php 第 33 行.
NOTIC: [8] Undefined index: a F:\Software\wampInstall\www\SingCms\Application\Common\Common\function.php 第 33 行.
NOTIC: [8] Undefined index: a F:\Software\wampInstall\www\SingCms\Application\Common\Common\function.php 第 33 行.
NOTIC: [8] Undefined index: a F:\Software\wampInstall\www\SingCms\Application\Common\Common\function.php 第 33 行.
NOTIC: [8] Undefined index: a F:\Software\wampInstall\www\SingCms\Application\Common\Common\function.php 第 33 行.
INFO: Run Behavior\ParseTemplateBehavior [ RunTime:0.175010s ]
INFO: [ view_parse ] --END-- [ RunTime:0.175010s ]
INFO: [ view_filter ] --START--
INFO: Run Behavior\WriteHtmlCacheBehavior [ RunTime:0.001000s ]
INFO: [ view_filter ] --END-- [ RunTime:0.002000s ]
INFO: [ app_end ] --START--
INFO: Run Behavior\ShowPageTraceBehavior [ RunTime:0.002000s ]
INFO: [ app_end ] --END-- [ RunTime:0.003000s ]

[ 2017-06-21T22:42:12+08:00 ] 127.0.0.1 /SingCms/admin.php?m=Admin&c=Content
INFO: [ app_init ] --START--
INFO: Run Behavior\BuildLiteBehavior [ RunTime:0.000000s ]
INFO: [ app_init ] --END-- [ RunTime:0.002000s ]
INFO: [ app_begin ] --START--
INFO: Run Behavior\ReadHtmlCacheBehavior [ RunTime:0.002001s ]
INFO: [ app_begin ] --END-- [ RunTime:0.002001s ]
NOTIC: [2048] Declaration of Admin\Controller\ContentController::setStatus() should be compatible with Admin\Controller\CommonController::setStatus($data, $models) F:\Software\wampInstall\www\SingCms\Application\Admin\Controller\ContentController.class.php 第 12 行.
NOTIC: [2048] Declaration of Admin\Controller\ContentController::listorder() should be compatible with Admin\Controller\CommonController::listorder($model = '') F:\Software\wampInstall\www\SingCms\Application\Admin\Controller\ContentController.class.php 第 12 行.
NOTIC: [8] Undefined index: title F:\Software\wampInstall\www\SingCms\Application\Admin\Controller\ContentController.class.php 第 16 行.
NOTIC: [8] Undefined index: catid F:\Software\wampInstall\www\SingCms\Application\Admin\Controller\ContentController.class.php 第 20 行.
NOTIC: [8] Undefined index: p F:\Software\wampInstall\www\SingCms\Application\Admin\Controller\ContentController.class.php 第 24 行.
NOTIC: [2048] Declaration of Common\Model\NewsModel::find() should be compatible with Think\Model::find($options = Array) F:\Software\wampInstall\www\SingCms\Application\Common\Model\NewsModel.class.php 第 9 行.
SQL: SHOW COLUMNS FROM `cms_news` [ RunTime:0.9201s ]
SQL: SELECT * FROM `cms_news` WHERE `status` <> -1 ORDER BY listorder desc ,news_id desc LIMIT 0,10   [ RunTime:0.6560s ]
SQL: SELECT COUNT(*) AS tp_count FROM `cms_news` WHERE `status` <> -1 LIMIT 1   [ RunTime:0.6690s ]
NOTIC: [8] Undefined variable: sing_path F:\Software\wampInstall\www\SingCms\ThinkPHP\Common\functions.php 第 991 行.
NOTIC: [2048] Declaration of Common\Model\PositionModel::find() should be compatible with Think\Model::find($options = Array) F:\Software\wampInstall\www\SingCms\Application\Common\Model\PositionModel.class.php 第 81 行.
SQL: SHOW COLUMNS FROM `cms_position` [ RunTime:0.9191s ]
SQL: SELECT * FROM `cms_position` WHERE `status` = 1 ORDER BY id  [ RunTime:0.8130s ]
NOTIC: [2048] Declaration of Common\Model\MenuModel::find() should be compatible with Think\Model::find($options = Array) F:\Software\wampInstall\www\SingCms\Application\Common\Model\MenuModel.class.php 第 92 行.
SQL: SHOW COLUMNS FROM `cms_menu` [ RunTime:0.8160s ]
SQL: SELECT * FROM `cms_menu` WHERE `status` = 1 AND `type` = 0 ORDER BY listorder desc,menu_id desc  [ RunTime:0.9211s ]
INFO: [ view_parse ] --START--
INFO: [ template_filter ] --START--
INFO: Run Behavior\ContentReplaceBehavior [ RunTime:0.000000s ]
INFO: [ template_filter ] --END-- [ RunTime:0.001000s ]
SQL: SELECT * FROM `cms_menu` WHERE `status` <> -1 AND `type` = 1 ORDER BY listorder desc,menu_id desc  [ RunTime:0.7570s ]
NOTIC: [8] Undefined index: a F:\Software\wampInstall\www\SingCms\Application\Common\Common\function.php 第 33 行.
NOTIC: [8] Undefined index: a F:\Software\wampInstall\www\SingCms\Application\Common\Common\function.php 第 33 行.
NOTIC: [8] Undefined index: a F:\Software\wampInstall\www\SingCms\Application\Common\Common\function.php 第 33 行.
NOTIC: [8] Undefined index: a F:\Software\wampInstall\www\SingCms\Application\Common\Common\function.php 第 33 行.
NOTIC: [8] Undefined index: a F:\Software\wampInstall\www\SingCms\Application\Common\Common\function.php 第 33 行.
INFO: Run Behavior\ParseTemplateBehavior [ RunTime:0.815047s ]
INFO: [ view_parse ] --END-- [ RunTime:0.815047s ]
INFO: [ view_filter ] --START--
INFO: Run Behavior\WriteHtmlCacheBehavior [ RunTime:0.002000s ]
INFO: [ view_filter ] --END-- [ RunTime:0.002000s ]
INFO: [ app_end ] --START--
INFO: Run Behavior\ShowPageTraceBehavior [ RunTime:0.002000s ]
INFO: [ app_end ] --END-- [ RunTime:0.002000s ]

[ 2017-06-21T22:42:36+08:00 ] 127.0.0.1 /SingCms/admin.php?m=Admin&c=Content&a=index&p=2
INFO: [ app_init ] --START--
INFO: Run Behavior\BuildLiteBehavior [ RunTime:0.001000s ]
INFO: [ app_init ] --END-- [ RunTime:0.002000s ]
INFO: [ app_begin ] --START--
INFO: Run Behavior\ReadHtmlCacheBehavior [ RunTime:0.002000s ]
INFO: [ app_begin ] --END-- [ RunTime:0.003000s ]
NOTIC: [2048] Declaration of Admin\Controller\ContentController::setStatus() should be compatible with Admin\Controller\CommonController::setStatus($data, $models) F:\Software\wampInstall\www\SingCms\Application\Admin\Controller\ContentController.class.php 第 12 行.
NOTIC: [2048] Declaration of Admin\Controller\ContentController::listorder() should be compatible with Admin\Controller\CommonController::listorder($model = '') F:\Software\wampInstall\www\SingCms\Application\Admin\Controller\ContentController.class.php 第 12 行.
NOTIC: [8] Undefined index: title F:\Software\wampInstall\www\SingCms\Application\Admin\Controller\ContentController.class.php 第 16 行.
NOTIC: [8] Undefined index: catid F:\Software\wampInstall\www\SingCms\Application\Admin\Controller\ContentController.class.php 第 20 行.
NOTIC: [2048] Declaration of Common\Model\NewsModel::find() should be compatible with Think\Model::find($options = Array) F:\Software\wampInstall\www\SingCms\Application\Common\Model\NewsModel.class.php 第 9 行.
SQL: SHOW COLUMNS FROM `cms_news` [ RunTime:0.9221s ]
SQL: SELECT * FROM `cms_news` WHERE `status` <> -1 ORDER BY listorder desc ,news_id desc LIMIT 10,10   [ RunTime:0.7750s ]
SQL: SELECT COUNT(*) AS tp_count FROM `cms_news` WHERE `status` <> -1 LIMIT 1   [ RunTime:0.7550s ]
NOTIC: [8] Undefined variable: sing_path F:\Software\wampInstall\www\SingCms\ThinkPHP\Common\functions.php 第 991 行.
NOTIC: [2048] Declaration of Common\Model\PositionModel::find() should be compatible with Think\Model::find($options = Array) F:\Software\wampInstall\www\SingCms\Application\Common\Model\PositionModel.class.php 第 81 行.
SQL: SHOW COLUMNS FROM `cms_position` [ RunTime:0.7070s ]
SQL: SELECT * FROM `cms_position` WHERE `status` = 1 ORDER BY id  [ RunTime:0.8190s ]
NOTIC: [2048] Declaration of Common\Model\MenuModel::find() should be compatible with Think\Model::find($options = Array) F:\Software\wampInstall\www\SingCms\Application\Common\Model\MenuModel.class.php 第 92 行.
SQL: SHOW COLUMNS FROM `cms_menu` [ RunTime:0.6050s ]
SQL: SELECT * FROM `cms_menu` WHERE `status` = 1 AND `type` = 0 ORDER BY listorder desc,menu_id desc  [ RunTime:0.5960s ]
INFO: [ view_parse ] --START--
INFO: [ template_filter ] --START--
INFO: Run Behavior\ContentReplaceBehavior [ RunTime:0.000000s ]
INFO: [ template_filter ] --END-- [ RunTime:0.001000s ]
SQL: SELECT * FROM `cms_menu` WHERE `status` <> -1 AND `type` = 1 ORDER BY listorder desc,menu_id desc  [ RunTime:0.6270s ]
NOTIC: [8] Undefined index: a F:\Software\wampInstall\www\SingCms\Application\Common\Common\function.php 第 33 行.
NOTIC: [8] Undefined index: a F:\Software\wampInstall\www\SingCms\Application\Common\Common\function.php 第 33 行.
NOTIC: [8] Undefined index: a F:\Software\wampInstall\www\SingCms\Application\Common\Common\function.php 第 33 行.
NOTIC: [8] Undefined index: a F:\Software\wampInstall\www\SingCms\Application\Common\Common\function.php 第 33 行.
NOTIC: [8] Undefined index: a F:\Software\wampInstall\www\SingCms\Application\Common\Common\function.php 第 33 行.
INFO: Run Behavior\ParseTemplateBehavior [ RunTime:0.682039s ]
INFO: [ view_parse ] --END-- [ RunTime:0.683039s ]
INFO: [ view_filter ] --START--
INFO: Run Behavior\WriteHtmlCacheBehavior [ RunTime:0.001000s ]
INFO: [ view_filter ] --END-- [ RunTime:0.001000s ]
INFO: [ app_end ] --START--
INFO: Run Behavior\ShowPageTraceBehavior [ RunTime:0.002001s ]
INFO: [ app_end ] --END-- [ RunTime:0.002001s ]

[ 2017-06-21T22:45:02+08:00 ] 127.0.0.1 /SingCms/admin.php?m=Admin&c=Content&a=index&p=2
INFO: [ app_init ] --START--
INFO: Run Behavior\BuildLiteBehavior [ RunTime:0.000000s ]
INFO: [ app_init ] --END-- [ RunTime:0.001000s ]
INFO: [ app_begin ] --START--
INFO: Run Behavior\ReadHtmlCacheBehavior [ RunTime:0.001000s ]
INFO: [ app_begin ] --END-- [ RunTime:0.003000s ]
NOTIC: [2048] Declaration of Admin\Controller\ContentController::setStatus() should be compatible with Admin\Controller\CommonController::setStatus($data, $models) F:\Software\wampInstall\www\SingCms\Application\Admin\Controller\ContentController.class.php 第 12 行.
NOTIC: [2048] Declaration of Admin\Controller\ContentController::listorder() should be compatible with Admin\Controller\CommonController::listorder($model = '') F:\Software\wampInstall\www\SingCms\Application\Admin\Controller\ContentController.class.php 第 12 行.
NOTIC: [8] Undefined index: title F:\Software\wampInstall\www\SingCms\Application\Admin\Controller\ContentController.class.php 第 16 行.
NOTIC: [8] Undefined index: catid F:\Software\wampInstall\www\SingCms\Application\Admin\Controller\ContentController.class.php 第 20 行.
NOTIC: [2048] Declaration of Common\Model\NewsModel::find() should be compatible with Think\Model::find($options = Array) F:\Software\wampInstall\www\SingCms\Application\Common\Model\NewsModel.class.php 第 9 行.
SQL: SHOW COLUMNS FROM `cms_news` [ RunTime:0.5900s ]
SQL: SELECT * FROM `cms_news` WHERE `status` <> -1 ORDER BY listorder desc ,news_id desc LIMIT 10,10   [ RunTime:0.5780s ]
SQL: SELECT COUNT(*) AS tp_count FROM `cms_news` WHERE `status` <> -1 LIMIT 1   [ RunTime:0.6350s ]
NOTIC: [8] Undefined variable: sing_path F:\Software\wampInstall\www\SingCms\ThinkPHP\Common\functions.php 第 991 行.
NOTIC: [2048] Declaration of Common\Model\PositionModel::find() should be compatible with Think\Model::find($options = Array) F:\Software\wampInstall\www\SingCms\Application\Common\Model\PositionModel.class.php 第 81 行.
SQL: SHOW COLUMNS FROM `cms_position` [ RunTime:0.6090s ]
SQL: SELECT * FROM `cms_position` WHERE `status` = 1 ORDER BY id  [ RunTime:0.6130s ]
NOTIC: [2048] Declaration of Common\Model\MenuModel::find() should be compatible with Think\Model::find($options = Array) F:\Software\wampInstall\www\SingCms\Application\Common\Model\MenuModel.class.php 第 92 行.
SQL: SHOW COLUMNS FROM `cms_menu` [ RunTime:0.6060s ]
SQL: SELECT * FROM `cms_menu` WHERE `status` = 1 AND `type` = 0 ORDER BY listorder desc,menu_id desc  [ RunTime:0.5710s ]
INFO: [ view_parse ] --START--
INFO: [ template_filter ] --START--
INFO: Run Behavior\ContentReplaceBehavior [ RunTime:0.000000s ]
INFO: [ template_filter ] --END-- [ RunTime:0.000000s ]
SQL: SELECT * FROM `cms_menu` WHERE `status` <> -1 AND `type` = 1 ORDER BY listorder desc,menu_id desc  [ RunTime:0.6860s ]
NOTIC: [8] Undefined index: a F:\Software\wampInstall\www\SingCms\Application\Common\Common\function.php 第 33 行.
NOTIC: [8] Undefined index: a F:\Software\wampInstall\www\SingCms\Application\Common\Common\function.php 第 33 行.
NOTIC: [8] Undefined index: a F:\Software\wampInstall\www\SingCms\Application\Common\Common\function.php 第 33 行.
NOTIC: [8] Undefined index: a F:\Software\wampInstall\www\SingCms\Application\Common\Common\function.php 第 33 行.
NOTIC: [8] Undefined index: a F:\Software\wampInstall\www\SingCms\Application\Common\Common\function.php 第 33 行.
INFO: Run Behavior\ParseTemplateBehavior [ RunTime:0.754044s ]
INFO: [ view_parse ] --END-- [ RunTime:0.755044s ]
INFO: [ view_filter ] --START--
INFO: Run Behavior\WriteHtmlCacheBehavior [ RunTime:0.001000s ]
INFO: [ view_filter ] --END-- [ RunTime:0.002000s ]
INFO: [ app_end ] --START--
INFO: Run Behavior\ShowPageTraceBehavior [ RunTime:0.002000s ]
INFO: [ app_end ] --END-- [ RunTime:0.002000s ]

[ 2017-06-21T23:06:54+08:00 ] 127.0.0.1 /SingCms/admin.php?m=Admin&c=Content&a=index&p=1
INFO: [ app_init ] --START--
INFO: Run Behavior\BuildLiteBehavior [ RunTime:0.000000s ]
INFO: [ app_init ] --END-- [ RunTime:0.002000s ]
INFO: [ app_begin ] --START--
INFO: Run Behavior\ReadHtmlCacheBehavior [ RunTime:0.002000s ]
INFO: [ app_begin ] --END-- [ RunTime:0.002000s ]
NOTIC: [2048] Declaration of Admin\Controller\ContentController::setStatus() should be compatible with Admin\Controller\CommonController::setStatus($data, $models) F:\Software\wampInstall\www\SingCms\Application\Admin\Controller\ContentController.class.php 第 12 行.
NOTIC: [2048] Declaration of Admin\Controller\ContentController::listorder() should be compatible with Admin\Controller\CommonController::listorder($model = '') F:\Software\wampInstall\www\SingCms\Application\Admin\Controller\ContentController.class.php 第 12 行.
NOTIC: [8] Undefined index: title F:\Software\wampInstall\www\SingCms\Application\Admin\Controller\ContentController.class.php 第 16 行.
NOTIC: [8] Undefined index: catid F:\Software\wampInstall\www\SingCms\Application\Admin\Controller\ContentController.class.php 第 20 行.
NOTIC: [2048] Declaration of Common\Model\NewsModel::find() should be compatible with Think\Model::find($options = Array) F:\Software\wampInstall\www\SingCms\Application\Common\Model\NewsModel.class.php 第 9 行.
SQL: SHOW COLUMNS FROM `cms_news` [ RunTime:0.0970s ]
SQL: SELECT * FROM `cms_news` WHERE `status` <> -1 ORDER BY listorder desc ,news_id desc LIMIT 0,10   [ RunTime:0.0940s ]
SQL: SELECT COUNT(*) AS tp_count FROM `cms_news` WHERE `status` <> -1 LIMIT 1   [ RunTime:0.0960s ]
NOTIC: [8] Undefined variable: sing_path F:\Software\wampInstall\www\SingCms\ThinkPHP\Common\functions.php 第 991 行.
NOTIC: [2048] Declaration of Common\Model\PositionModel::find() should be compatible with Think\Model::find($options = Array) F:\Software\wampInstall\www\SingCms\Application\Common\Model\PositionModel.class.php 第 81 行.
SQL: SHOW COLUMNS FROM `cms_position` [ RunTime:0.0960s ]
SQL: SELECT * FROM `cms_position` WHERE `status` = 1 ORDER BY id  [ RunTime:0.0910s ]
NOTIC: [2048] Declaration of Common\Model\MenuModel::find() should be compatible with Think\Model::find($options = Array) F:\Software\wampInstall\www\SingCms\Application\Common\Model\MenuModel.class.php 第 92 行.
SQL: SHOW COLUMNS FROM `cms_menu` [ RunTime:0.0910s ]
SQL: SELECT * FROM `cms_menu` WHERE `status` = 1 AND `type` = 0 ORDER BY listorder desc,menu_id desc  [ RunTime:0.0970s ]
INFO: [ view_parse ] --START--
INFO: [ template_filter ] --START--
INFO: Run Behavior\ContentReplaceBehavior [ RunTime:0.000000s ]
INFO: [ template_filter ] --END-- [ RunTime:0.001000s ]
SQL: SELECT * FROM `cms_menu` WHERE `status` <> -1 AND `type` = 1 ORDER BY listorder desc,menu_id desc  [ RunTime:0.0970s ]
NOTIC: [8] Undefined index: a F:\Software\wampInstall\www\SingCms\Application\Common\Common\function.php 第 33 行.
NOTIC: [8] Undefined index: a F:\Software\wampInstall\www\SingCms\Application\Common\Common\function.php 第 33 行.
NOTIC: [8] Undefined index: a F:\Software\wampInstall\www\SingCms\Application\Common\Common\function.php 第 33 行.
NOTIC: [8] Undefined index: a F:\Software\wampInstall\www\SingCms\Application\Common\Common\function.php 第 33 行.
NOTIC: [8] Undefined index: a F:\Software\wampInstall\www\SingCms\Application\Common\Common\function.php 第 33 行.
INFO: Run Behavior\ParseTemplateBehavior [ RunTime:0.156009s ]
INFO: [ view_parse ] --END-- [ RunTime:0.156009s ]
INFO: [ view_filter ] --START--
INFO: Run Behavior\WriteHtmlCacheBehavior [ RunTime:0.001000s ]
INFO: [ view_filter ] --END-- [ RunTime:0.002000s ]
INFO: [ app_end ] --START--
INFO: Run Behavior\ShowPageTraceBehavior [ RunTime:0.002000s ]
INFO: [ app_end ] --END-- [ RunTime:0.002000s ]

[ 2017-06-21T23:07:06+08:00 ] 127.0.0.1 /SingCms/admin.php?m=Admin&c=Content&a=index&p=2
INFO: [ app_init ] --START--
INFO: Run Behavior\BuildLiteBehavior [ RunTime:0.000000s ]
INFO: [ app_init ] --END-- [ RunTime:0.001000s ]
INFO: [ app_begin ] --START--
INFO: Run Behavior\ReadHtmlCacheBehavior [ RunTime:0.001000s ]
INFO: [ app_begin ] --END-- [ RunTime:0.003000s ]
NOTIC: [2048] Declaration of Admin\Controller\ContentController::setStatus() should be compatible with Admin\Controller\CommonController::setStatus($data, $models) F:\Software\wampInstall\www\SingCms\Application\Admin\Controller\ContentController.class.php 第 12 行.
NOTIC: [2048] Declaration of Admin\Controller\ContentController::listorder() should be compatible with Admin\Controller\CommonController::listorder($model = '') F:\Software\wampInstall\www\SingCms\Application\Admin\Controller\ContentController.class.php 第 12 行.
NOTIC: [8] Undefined index: title F:\Software\wampInstall\www\SingCms\Application\Admin\Controller\ContentController.class.php 第 16 行.
NOTIC: [8] Undefined index: catid F:\Software\wampInstall\www\SingCms\Application\Admin\Controller\ContentController.class.php 第 20 行.
NOTIC: [2048] Declaration of Common\Model\NewsModel::find() should be compatible with Think\Model::find($options = Array) F:\Software\wampInstall\www\SingCms\Application\Common\Model\NewsModel.class.php 第 9 行.
SQL: SHOW COLUMNS FROM `cms_news` [ RunTime:0.1030s ]
SQL: SELECT * FROM `cms_news` WHERE `status` <> -1 ORDER BY listorder desc ,news_id desc LIMIT 10,10   [ RunTime:0.1030s ]
SQL: SELECT COUNT(*) AS tp_count FROM `cms_news` WHERE `status` <> -1 LIMIT 1   [ RunTime:0.0960s ]
NOTIC: [8] Undefined variable: sing_path F:\Software\wampInstall\www\SingCms\ThinkPHP\Common\functions.php 第 991 行.
NOTIC: [2048] Declaration of Common\Model\PositionModel::find() should be compatible with Think\Model::find($options = Array) F:\Software\wampInstall\www\SingCms\Application\Common\Model\PositionModel.class.php 第 81 行.
SQL: SHOW COLUMNS FROM `cms_position` [ RunTime:0.0990s ]
SQL: SELECT * FROM `cms_position` WHERE `status` = 1 ORDER BY id  [ RunTime:0.1010s ]
NOTIC: [2048] Declaration of Common\Model\MenuModel::find() should be compatible with Think\Model::find($options = Array) F:\Software\wampInstall\www\SingCms\Application\Common\Model\MenuModel.class.php 第 92 行.
SQL: SHOW COLUMNS FROM `cms_menu` [ RunTime:0.1080s ]
SQL: SELECT * FROM `cms_menu` WHERE `status` = 1 AND `type` = 0 ORDER BY listorder desc,menu_id desc  [ RunTime:0.1100s ]
INFO: [ view_parse ] --START--
INFO: [ template_filter ] --START--
INFO: Run Behavior\ContentReplaceBehavior [ RunTime:0.000000s ]
INFO: [ template_filter ] --END-- [ RunTime:0.001000s ]
SQL: SELECT * FROM `cms_menu` WHERE `status` <> -1 AND `type` = 1 ORDER BY listorder desc,menu_id desc  [ RunTime:0.0990s ]
NOTIC: [8] Undefined index: a F:\Software\wampInstall\www\SingCms\Application\Common\Common\function.php 第 33 行.
NOTIC: [8] Undefined index: a F:\Software\wampInstall\www\SingCms\Application\Common\Common\function.php 第 33 行.
NOTIC: [8] Undefined index: a F:\Software\wampInstall\www\SingCms\Application\Common\Common\function.php 第 33 行.
NOTIC: [8] Undefined index: a F:\Software\wampInstall\www\SingCms\Application\Common\Common\function.php 第 33 行.
NOTIC: [8] Undefined index: a F:\Software\wampInstall\www\SingCms\Application\Common\Common\function.php 第 33 行.
INFO: Run Behavior\ParseTemplateBehavior [ RunTime:0.162009s ]
INFO: [ view_parse ] --END-- [ RunTime:0.162009s ]
INFO: [ view_filter ] --START--
INFO: Run Behavior\WriteHtmlCacheBehavior [ RunTime:0.002000s ]
INFO: [ view_filter ] --END-- [ RunTime:0.002000s ]
INFO: [ app_end ] --START--
INFO: Run Behavior\ShowPageTraceBehavior [ RunTime:0.003000s ]
INFO: [ app_end ] --END-- [ RunTime:0.003000s ]

[ 2017-06-21T23:07:19+08:00 ] 127.0.0.1 /SingCms/admin.php?m=Admin&c=Content&a=index&p=1
INFO: [ app_init ] --START--
INFO: Run Behavior\BuildLiteBehavior [ RunTime:0.000000s ]
INFO: [ app_init ] --END-- [ RunTime:0.001000s ]
INFO: [ app_begin ] --START--
INFO: Run Behavior\ReadHtmlCacheBehavior [ RunTime:0.002000s ]
INFO: [ app_begin ] --END-- [ RunTime:0.002000s ]
NOTIC: [2048] Declaration of Admin\Controller\ContentController::setStatus() should be compatible with Admin\Controller\CommonController::setStatus($data, $models) F:\Software\wampInstall\www\SingCms\Application\Admin\Controller\ContentController.class.php 第 12 行.
NOTIC: [2048] Declaration of Admin\Controller\ContentController::listorder() should be compatible with Admin\Controller\CommonController::listorder($model = '') F:\Software\wampInstall\www\SingCms\Application\Admin\Controller\ContentController.class.php 第 12 行.
NOTIC: [8] Undefined index: title F:\Software\wampInstall\www\SingCms\Application\Admin\Controller\ContentController.class.php 第 16 行.
NOTIC: [8] Undefined index: catid F:\Software\wampInstall\www\SingCms\Application\Admin\Controller\ContentController.class.php 第 20 行.
NOTIC: [2048] Declaration of Common\Model\NewsModel::find() should be compatible with Think\Model::find($options = Array) F:\Software\wampInstall\www\SingCms\Application\Common\Model\NewsModel.class.php 第 9 行.
SQL: SHOW COLUMNS FROM `cms_news` [ RunTime:0.6880s ]
SQL: SELECT * FROM `cms_news` WHERE `status` <> -1 ORDER BY listorder desc ,news_id desc LIMIT 0,10   [ RunTime:0.7150s ]
SQL: SELECT COUNT(*) AS tp_count FROM `cms_news` WHERE `status` <> -1 LIMIT 1   [ RunTime:0.8150s ]
NOTIC: [8] Undefined variable: sing_path F:\Software\wampInstall\www\SingCms\ThinkPHP\Common\functions.php 第 991 行.
NOTIC: [2048] Declaration of Common\Model\PositionModel::find() should be compatible with Think\Model::find($options = Array) F:\Software\wampInstall\www\SingCms\Application\Common\Model\PositionModel.class.php 第 81 行.
SQL: SHOW COLUMNS FROM `cms_position` [ RunTime:0.8130s ]
SQL: SELECT * FROM `cms_position` WHERE `status` = 1 ORDER BY id  [ RunTime:0.8170s ]
NOTIC: [2048] Declaration of Common\Model\MenuModel::find() should be compatible with Think\Model::find($options = Array) F:\Software\wampInstall\www\SingCms\Application\Common\Model\MenuModel.class.php 第 92 行.
SQL: SHOW COLUMNS FROM `cms_menu` [ RunTime:0.8140s ]
SQL: SELECT * FROM `cms_menu` WHERE `status` = 1 AND `type` = 0 ORDER BY listorder desc,menu_id desc  [ RunTime:0.7140s ]
INFO: [ view_parse ] --START--
INFO: [ template_filter ] --START--
INFO: Run Behavior\ContentReplaceBehavior [ RunTime:0.000000s ]
INFO: [ template_filter ] --END-- [ RunTime:0.001000s ]
SQL: SELECT * FROM `cms_menu` WHERE `status` <> -1 AND `type` = 1 ORDER BY listorder desc,menu_id desc  [ RunTime:0.6610s ]
NOTIC: [8] Undefined index: a F:\Software\wampInstall\www\SingCms\Application\Common\Common\function.php 第 33 行.
NOTIC: [8] Undefined index: a F:\Software\wampInstall\www\SingCms\Application\Common\Common\function.php 第 33 行.
NOTIC: [8] Undefined index: a F:\Software\wampInstall\www\SingCms\Application\Common\Common\function.php 第 33 行.
NOTIC: [8] Undefined index: a F:\Software\wampInstall\www\SingCms\Application\Common\Common\function.php 第 33 行.
NOTIC: [8] Undefined index: a F:\Software\wampInstall\www\SingCms\Application\Common\Common\function.php 第 33 行.
INFO: Run Behavior\ParseTemplateBehavior [ RunTime:0.717041s ]
INFO: [ view_parse ] --END-- [ RunTime:0.718041s ]
INFO: [ view_filter ] --START--
INFO: Run Behavior\WriteHtmlCacheBehavior [ RunTime:0.001001s ]
INFO: [ view_filter ] --END-- [ RunTime:0.002001s ]
INFO: [ app_end ] --START--
INFO: Run Behavior\ShowPageTraceBehavior [ RunTime:0.002000s ]
INFO: [ app_end ] --END-- [ RunTime:0.002000s ]

[ 2017-06-21T23:10:01+08:00 ] 127.0.0.1 /SingCms/admin.php?m=Admin&c=Content&a=index&p=1
INFO: [ app_init ] --START--
INFO: Run Behavior\BuildLiteBehavior [ RunTime:0.000000s ]
INFO: [ app_init ] --END-- [ RunTime:0.001000s ]
INFO: [ app_begin ] --START--
INFO: Run Behavior\ReadHtmlCacheBehavior [ RunTime:0.002001s ]
INFO: [ app_begin ] --END-- [ RunTime:0.002001s ]
NOTIC: [2048] Declaration of Admin\Controller\ContentController::setStatus() should be compatible with Admin\Controller\CommonController::setStatus($data, $models) F:\Software\wampInstall\www\SingCms\Application\Admin\Controller\ContentController.class.php 第 12 行.
NOTIC: [2048] Declaration of Admin\Controller\ContentController::listorder() should be compatible with Admin\Controller\CommonController::listorder($model = '') F:\Software\wampInstall\www\SingCms\Application\Admin\Controller\ContentController.class.php 第 12 行.
NOTIC: [8] Undefined index: title F:\Software\wampInstall\www\SingCms\Application\Admin\Controller\ContentController.class.php 第 16 行.
NOTIC: [8] Undefined index: catid F:\Software\wampInstall\www\SingCms\Application\Admin\Controller\ContentController.class.php 第 20 行.
NOTIC: [2048] Declaration of Common\Model\NewsModel::find() should be compatible with Think\Model::find($options = Array) F:\Software\wampInstall\www\SingCms\Application\Common\Model\NewsModel.class.php 第 9 行.
SQL: SHOW COLUMNS FROM `cms_news` [ RunTime:0.8200s ]
SQL: SELECT * FROM `cms_news` WHERE `status` <> -1 ORDER BY listorder desc ,news_id desc LIMIT 0,10   [ RunTime:0.8180s ]
SQL: SELECT COUNT(*) AS tp_count FROM `cms_news` WHERE `status` <> -1 LIMIT 1   [ RunTime:0.7120s ]
NOTIC: [8] Undefined variable: sing_path F:\Software\wampInstall\www\SingCms\ThinkPHP\Common\functions.php 第 991 行.
NOTIC: [2048] Declaration of Common\Model\PositionModel::find() should be compatible with Think\Model::find($options = Array) F:\Software\wampInstall\www\SingCms\Application\Common\Model\PositionModel.class.php 第 81 行.
SQL: SHOW COLUMNS FROM `cms_position` [ RunTime:0.6070s ]
SQL: SELECT * FROM `cms_position` WHERE `status` = 1 ORDER BY id  [ RunTime:0.9201s ]
NOTIC: [2048] Declaration of Common\Model\MenuModel::find() should be compatible with Think\Model::find($options = Array) F:\Software\wampInstall\www\SingCms\Application\Common\Model\MenuModel.class.php 第 92 行.
SQL: SHOW COLUMNS FROM `cms_menu` [ RunTime:0.5710s ]
SQL: SELECT * FROM `cms_menu` WHERE `status` = 1 AND `type` = 0 ORDER BY listorder desc,menu_id desc  [ RunTime:0.6550s ]
INFO: [ view_parse ] --START--
INFO: [ template_filter ] --START--
INFO: Run Behavior\ContentReplaceBehavior [ RunTime:0.000000s ]
INFO: [ template_filter ] --END-- [ RunTime:0.001000s ]
SQL: SELECT * FROM `cms_menu` WHERE `status` <> -1 AND `type` = 1 ORDER BY listorder desc,menu_id desc  [ RunTime:0.7630s ]
NOTIC: [8] Undefined index: a F:\Software\wampInstall\www\SingCms\Application\Common\Common\function.php 第 33 行.
NOTIC: [8] Undefined index: a F:\Software\wampInstall\www\SingCms\Application\Common\Common\function.php 第 33 行.
NOTIC: [8] Undefined index: a F:\Software\wampInstall\www\SingCms\Application\Common\Common\function.php 第 33 行.
NOTIC: [8] Undefined index: a F:\Software\wampInstall\www\SingCms\Application\Common\Common\function.php 第 33 行.
NOTIC: [8] Undefined index: a F:\Software\wampInstall\www\SingCms\Application\Common\Common\function.php 第 33 行.
INFO: Run Behavior\ParseTemplateBehavior [ RunTime:0.820047s ]
INFO: [ view_parse ] --END-- [ RunTime:0.821047s ]
INFO: [ view_filter ] --START--
INFO: Run Behavior\WriteHtmlCacheBehavior [ RunTime:0.002000s ]
INFO: [ view_filter ] --END-- [ RunTime:0.002000s ]
INFO: [ app_end ] --START--
INFO: Run Behavior\ShowPageTraceBehavior [ RunTime:0.003001s ]
INFO: [ app_end ] --END-- [ RunTime:0.003001s ]

[ 2017-06-21T23:11:05+08:00 ] 127.0.0.1 /SingCms/admin.php?m=Admin&c=Content&a=index&p=1
INFO: [ app_init ] --START--
INFO: Run Behavior\BuildLiteBehavior [ RunTime:0.000000s ]
INFO: [ app_init ] --END-- [ RunTime:0.002001s ]
INFO: [ app_begin ] --START--
INFO: Run Behavior\ReadHtmlCacheBehavior [ RunTime:0.002000s ]
INFO: [ app_begin ] --END-- [ RunTime:0.002000s ]
NOTIC: [2048] Declaration of Admin\Controller\ContentController::setStatus() should be compatible with Admin\Controller\CommonController::setStatus($data, $models) F:\Software\wampInstall\www\SingCms\Application\Admin\Controller\ContentController.class.php 第 12 行.
NOTIC: [2048] Declaration of Admin\Controller\ContentController::listorder() should be compatible with Admin\Controller\CommonController::listorder($model = '') F:\Software\wampInstall\www\SingCms\Application\Admin\Controller\ContentController.class.php 第 12 行.
NOTIC: [8] Undefined index: title F:\Software\wampInstall\www\SingCms\Application\Admin\Controller\ContentController.class.php 第 16 行.
NOTIC: [8] Undefined index: catid F:\Software\wampInstall\www\SingCms\Application\Admin\Controller\ContentController.class.php 第 20 行.
NOTIC: [2048] Declaration of Common\Model\NewsModel::find() should be compatible with Think\Model::find($options = Array) F:\Software\wampInstall\www\SingCms\Application\Common\Model\NewsModel.class.php 第 9 行.
SQL: SHOW COLUMNS FROM `cms_news` [ RunTime:0.7180s ]
SQL: SELECT * FROM `cms_news` WHERE `status` <> -1 ORDER BY listorder desc ,news_id desc LIMIT 0,10   [ RunTime:1.5051s ]
SQL: SELECT COUNT(*) AS tp_count FROM `cms_news` WHERE `status` <> -1 LIMIT 1   [ RunTime:0.7450s ]
NOTIC: [8] Undefined variable: sing_path F:\Software\wampInstall\www\SingCms\ThinkPHP\Common\functions.php 第 991 行.
NOTIC: [2048] Declaration of Common\Model\PositionModel::find() should be compatible with Think\Model::find($options = Array) F:\Software\wampInstall\www\SingCms\Application\Common\Model\PositionModel.class.php 第 81 行.
SQL: SHOW COLUMNS FROM `cms_position` [ RunTime:0.7060s ]
SQL: SELECT * FROM `cms_position` WHERE `status` = 1 ORDER BY id  [ RunTime:0.6110s ]
NOTIC: [2048] Declaration of Common\Model\MenuModel::find() should be compatible with Think\Model::find($options = Array) F:\Software\wampInstall\www\SingCms\Application\Common\Model\MenuModel.class.php 第 92 行.
SQL: SHOW COLUMNS FROM `cms_menu` [ RunTime:0.6090s ]
SQL: SELECT * FROM `cms_menu` WHERE `status` = 1 AND `type` = 0 ORDER BY listorder desc,menu_id desc  [ RunTime:0.9181s ]
INFO: [ view_parse ] --START--
INFO: [ template_filter ] --START--
INFO: Run Behavior\ContentReplaceBehavior [ RunTime:0.001000s ]
INFO: [ template_filter ] --END-- [ RunTime:0.001000s ]
SQL: SELECT * FROM `cms_menu` WHERE `status` <> -1 AND `type` = 1 ORDER BY listorder desc,menu_id desc  [ RunTime:0.6590s ]
NOTIC: [8] Undefined index: a F:\Software\wampInstall\www\SingCms\Application\Common\Common\function.php 第 33 行.
NOTIC: [8] Undefined index: a F:\Software\wampInstall\www\SingCms\Application\Common\Common\function.php 第 33 行.
NOTIC: [8] Undefined index: a F:\Software\wampInstall\www\SingCms\Application\Common\Common\function.php 第 33 行.
NOTIC: [8] Undefined index: a F:\Software\wampInstall\www\SingCms\Application\Common\Common\function.php 第 33 行.
NOTIC: [8] Undefined index: a F:\Software\wampInstall\www\SingCms\Application\Common\Common\function.php 第 33 行.
INFO: Run Behavior\ParseTemplateBehavior [ RunTime:0.716041s ]
INFO: [ view_parse ] --END-- [ RunTime:0.716041s ]
INFO: [ view_filter ] --START--
INFO: Run Behavior\WriteHtmlCacheBehavior [ RunTime:0.002000s ]
INFO: [ view_filter ] --END-- [ RunTime:0.002000s ]
INFO: [ app_end ] --START--
INFO: Run Behavior\ShowPageTraceBehavior [ RunTime:0.002000s ]
INFO: [ app_end ] --END-- [ RunTime:0.002000s ]

[ 2017-06-21T23:17:27+08:00 ] 127.0.0.1 /SingCms/admin.php?m=Admin&c=Content&a=index&p=1
INFO: [ app_init ] --START--
INFO: Run Behavior\BuildLiteBehavior [ RunTime:0.000000s ]
INFO: [ app_init ] --END-- [ RunTime:0.002000s ]
INFO: [ app_begin ] --START--
INFO: Run Behavior\ReadHtmlCacheBehavior [ RunTime:0.002000s ]
INFO: [ app_begin ] --END-- [ RunTime:0.003000s ]
NOTIC: [2048] Declaration of Admin\Controller\ContentController::setStatus() should be compatible with Admin\Controller\CommonController::setStatus($data, $models) F:\Software\wampInstall\www\SingCms\Application\Admin\Controller\ContentController.class.php 第 12 行.
NOTIC: [2048] Declaration of Admin\Controller\ContentController::listorder() should be compatible with Admin\Controller\CommonController::listorder($model = '') F:\Software\wampInstall\www\SingCms\Application\Admin\Controller\ContentController.class.php 第 12 行.
NOTIC: [8] Undefined index: title F:\Software\wampInstall\www\SingCms\Application\Admin\Controller\ContentController.class.php 第 16 行.
NOTIC: [8] Undefined index: catid F:\Software\wampInstall\www\SingCms\Application\Admin\Controller\ContentController.class.php 第 20 行.
NOTIC: [2048] Declaration of Common\Model\NewsModel::find() should be compatible with Think\Model::find($options = Array) F:\Software\wampInstall\www\SingCms\Application\Common\Model\NewsModel.class.php 第 9 行.
SQL: SHOW COLUMNS FROM `cms_news` [ RunTime:0.0930s ]
SQL: SELECT * FROM `cms_news` WHERE `status` <> -1 ORDER BY listorder desc ,news_id desc LIMIT 0,10   [ RunTime:0.0980s ]
SQL: SELECT COUNT(*) AS tp_count FROM `cms_news` WHERE `status` <> -1 LIMIT 1   [ RunTime:0.1000s ]
NOTIC: [8] Undefined variable: sing_path F:\Software\wampInstall\www\SingCms\ThinkPHP\Common\functions.php 第 991 行.
NOTIC: [2048] Declaration of Common\Model\PositionModel::find() should be compatible with Think\Model::find($options = Array) F:\Software\wampInstall\www\SingCms\Application\Common\Model\PositionModel.class.php 第 81 行.
SQL: SHOW COLUMNS FROM `cms_position` [ RunTime:0.0900s ]
SQL: SELECT * FROM `cms_position` WHERE `status` = 1 ORDER BY id  [ RunTime:0.1070s ]
NOTIC: [2048] Declaration of Common\Model\MenuModel::find() should be compatible with Think\Model::find($options = Array) F:\Software\wampInstall\www\SingCms\Application\Common\Model\MenuModel.class.php 第 92 行.
SQL: SHOW COLUMNS FROM `cms_menu` [ RunTime:0.0870s ]
SQL: SELECT * FROM `cms_menu` WHERE `status` = 1 AND `type` = 0 ORDER BY listorder desc,menu_id desc  [ RunTime:0.0920s ]
INFO: [ view_parse ] --START--
INFO: [ template_filter ] --START--
INFO: Run Behavior\ContentReplaceBehavior [ RunTime:0.001000s ]
INFO: [ template_filter ] --END-- [ RunTime:0.001000s ]
SQL: SELECT * FROM `cms_menu` WHERE `status` <> -1 AND `type` = 1 ORDER BY listorder desc,menu_id desc  [ RunTime:0.0940s ]
NOTIC: [8] Undefined index: a F:\Software\wampInstall\www\SingCms\Application\Common\Common\function.php 第 33 行.
NOTIC: [8] Undefined index: a F:\Software\wampInstall\www\SingCms\Application\Common\Common\function.php 第 33 行.
NOTIC: [8] Undefined index: a F:\Software\wampInstall\www\SingCms\Application\Common\Common\function.php 第 33 行.
NOTIC: [8] Undefined index: a F:\Software\wampInstall\www\SingCms\Application\Common\Common\function.php 第 33 行.
NOTIC: [8] Undefined index: a F:\Software\wampInstall\www\SingCms\Application\Common\Common\function.php 第 33 行.
INFO: Run Behavior\ParseTemplateBehavior [ RunTime:0.162009s ]
INFO: [ view_parse ] --END-- [ RunTime:0.163009s ]
INFO: [ view_filter ] --START--
INFO: Run Behavior\WriteHtmlCacheBehavior [ RunTime:0.001001s ]
INFO: [ view_filter ] --END-- [ RunTime:0.001001s ]
INFO: [ app_end ] --START--
INFO: Run Behavior\ShowPageTraceBehavior [ RunTime:0.002000s ]
INFO: [ app_end ] --END-- [ RunTime:0.002000s ]

[ 2017-06-21T23:17:45+08:00 ] 127.0.0.1 /SingCms/admin.php?m=Admin&c=Content&a=index&p=2
INFO: [ app_init ] --START--
INFO: Run Behavior\BuildLiteBehavior [ RunTime:0.000000s ]
INFO: [ app_init ] --END-- [ RunTime:0.002000s ]
INFO: [ app_begin ] --START--
INFO: Run Behavior\ReadHtmlCacheBehavior [ RunTime:0.002000s ]
INFO: [ app_begin ] --END-- [ RunTime:0.003000s ]
NOTIC: [2048] Declaration of Admin\Controller\ContentController::setStatus() should be compatible with Admin\Controller\CommonController::setStatus($data, $models) F:\Software\wampInstall\www\SingCms\Application\Admin\Controller\ContentController.class.php 第 12 行.
NOTIC: [2048] Declaration of Admin\Controller\ContentController::listorder() should be compatible with Admin\Controller\CommonController::listorder($model = '') F:\Software\wampInstall\www\SingCms\Application\Admin\Controller\ContentController.class.php 第 12 行.
NOTIC: [8] Undefined index: title F:\Software\wampInstall\www\SingCms\Application\Admin\Controller\ContentController.class.php 第 16 行.
NOTIC: [8] Undefined index: catid F:\Software\wampInstall\www\SingCms\Application\Admin\Controller\ContentController.class.php 第 20 行.
NOTIC: [2048] Declaration of Common\Model\NewsModel::find() should be compatible with Think\Model::find($options = Array) F:\Software\wampInstall\www\SingCms\Application\Common\Model\NewsModel.class.php 第 9 行.
SQL: SHOW COLUMNS FROM `cms_news` [ RunTime:0.1020s ]
SQL: SELECT * FROM `cms_news` WHERE `status` <> -1 ORDER BY listorder desc ,news_id desc LIMIT 10,10   [ RunTime:0.1060s ]
SQL: SELECT COUNT(*) AS tp_count FROM `cms_news` WHERE `status` <> -1 LIMIT 1   [ RunTime:0.1040s ]
NOTIC: [8] Undefined variable: sing_path F:\Software\wampInstall\www\SingCms\ThinkPHP\Common\functions.php 第 991 行.
NOTIC: [2048] Declaration of Common\Model\PositionModel::find() should be compatible with Think\Model::find($options = Array) F:\Software\wampInstall\www\SingCms\Application\Common\Model\PositionModel.class.php 第 81 行.
SQL: SHOW COLUMNS FROM `cms_position` [ RunTime:0.0980s ]
SQL: SELECT * FROM `cms_position` WHERE `status` = 1 ORDER BY id  [ RunTime:0.0980s ]
NOTIC: [2048] Declaration of Common\Model\MenuModel::find() should be compatible with Think\Model::find($options = Array) F:\Software\wampInstall\www\SingCms\Application\Common\Model\MenuModel.class.php 第 92 行.
SQL: SHOW COLUMNS FROM `cms_menu` [ RunTime:0.0990s ]
SQL: SELECT * FROM `cms_menu` WHERE `status` = 1 AND `type` = 0 ORDER BY listorder desc,menu_id desc  [ RunTime:0.1070s ]
INFO: [ view_parse ] --START--
INFO: [ template_filter ] --START--
INFO: Run Behavior\ContentReplaceBehavior [ RunTime:0.000000s ]
INFO: [ template_filter ] --END-- [ RunTime:0.001000s ]
SQL: SELECT * FROM `cms_menu` WHERE `status` <> -1 AND `type` = 1 ORDER BY listorder desc,menu_id desc  [ RunTime:0.1010s ]
NOTIC: [8] Undefined index: a F:\Software\wampInstall\www\SingCms\Application\Common\Common\function.php 第 33 行.
NOTIC: [8] Undefined index: a F:\Software\wampInstall\www\SingCms\Application\Common\Common\function.php 第 33 行.
NOTIC: [8] Undefined index: a F:\Software\wampInstall\www\SingCms\Application\Common\Common\function.php 第 33 行.
NOTIC: [8] Undefined index: a F:\Software\wampInstall\www\SingCms\Application\Common\Common\function.php 第 33 行.
NOTIC: [8] Undefined index: a F:\Software\wampInstall\www\SingCms\Application\Common\Common\function.php 第 33 行.
INFO: Run Behavior\ParseTemplateBehavior [ RunTime:0.159010s ]
INFO: [ view_parse ] --END-- [ RunTime:0.159010s ]
INFO: [ view_filter ] --START--
INFO: Run Behavior\WriteHtmlCacheBehavior [ RunTime:0.001000s ]
INFO: [ view_filter ] --END-- [ RunTime:0.002000s ]
INFO: [ app_end ] --START--
INFO: Run Behavior\ShowPageTraceBehavior [ RunTime:0.002000s ]
INFO: [ app_end ] --END-- [ RunTime:0.003000s ]

[ 2017-06-21T23:20:12+08:00 ] 127.0.0.1 /SingCms/admin.php?c=customer
INFO: [ app_init ] --START--
INFO: Run Behavior\BuildLiteBehavior [ RunTime:0.000000s ]
INFO: [ app_init ] --END-- [ RunTime:0.001000s ]
INFO: [ app_begin ] --START--
INFO: Run Behavior\ReadHtmlCacheBehavior [ RunTime:0.002000s ]
INFO: [ app_begin ] --END-- [ RunTime:0.002000s ]
NOTIC: [8] Undefined index: p F:\Software\wampInstall\www\SingCms\Application\Admin\Controller\CustomerController.class.php 第 13 行.
NOTIC: [8] Undefined index: customer_name F:\Software\wampInstall\www\SingCms\Application\Admin\Controller\CustomerController.class.php 第 17 行.
SQL: SHOW COLUMNS FROM `cms_customer` [ RunTime:0.6200s ]
NOTIC: [8] Undefined variable: data F:\Software\wampInstall\www\SingCms\Application\Admin\Controller\CustomerController.class.php 第 21 行.
SQL: SELECT * FROM `cms_customer` ORDER BY id desc LIMIT 0,10   [ RunTime:0.9141s ]
INFO: [ view_parse ] --START--
INFO: [ template_filter ] --START--
INFO: Run Behavior\ContentReplaceBehavior [ RunTime:0.000000s ]
INFO: [ template_filter ] --END-- [ RunTime:0.001000s ]
NOTIC: [2048] Declaration of Common\Model\MenuModel::find() should be compatible with Think\Model::find($options = Array) F:\Software\wampInstall\www\SingCms\Application\Common\Model\MenuModel.class.php 第 92 行.
SQL: SHOW COLUMNS FROM `cms_menu` [ RunTime:0.8130s ]
SQL: SELECT * FROM `cms_menu` WHERE `status` <> -1 AND `type` = 1 ORDER BY listorder desc,menu_id desc  [ RunTime:0.7980s ]
NOTIC: [8] Undefined index: a F:\Software\wampInstall\www\SingCms\Application\Common\Common\function.php 第 33 行.
NOTIC: [8] Undefined index: a F:\Software\wampInstall\www\SingCms\Application\Common\Common\function.php 第 33 行.
NOTIC: [8] Undefined index: a F:\Software\wampInstall\www\SingCms\Application\Common\Common\function.php 第 33 行.
NOTIC: [8] Undefined index: a F:\Software\wampInstall\www\SingCms\Application\Common\Common\function.php 第 33 行.
NOTIC: [8] Undefined index: a F:\Software\wampInstall\www\SingCms\Application\Common\Common\function.php 第 33 行.
NOTIC: [8] Undefined variable: new F:\Software\wampInstall\www\SingCms\Application\Runtime\Cache\Admin\88014eeacc2e3d16986256918cc5cc2e.php 第 162 行.
NOTIC: [8] Undefined variable: new F:\Software\wampInstall\www\SingCms\Application\Runtime\Cache\Admin\88014eeacc2e3d16986256918cc5cc2e.php 第 163 行.
NOTIC: [8] Undefined variable: new F:\Software\wampInstall\www\SingCms\Application\Runtime\Cache\Admin\88014eeacc2e3d16986256918cc5cc2e.php 第 166 行.
NOTIC: [8] Undefined variable: new F:\Software\wampInstall\www\SingCms\Application\Runtime\Cache\Admin\88014eeacc2e3d16986256918cc5cc2e.php 第 162 行.
NOTIC: [8] Undefined variable: new F:\Software\wampInstall\www\SingCms\Application\Runtime\Cache\Admin\88014eeacc2e3d16986256918cc5cc2e.php 第 163 行.
NOTIC: [8] Undefined variable: new F:\Software\wampInstall\www\SingCms\Application\Runtime\Cache\Admin\88014eeacc2e3d16986256918cc5cc2e.php 第 166 行.
NOTIC: [8] Undefined variable: new F:\Software\wampInstall\www\SingCms\Application\Runtime\Cache\Admin\88014eeacc2e3d16986256918cc5cc2e.php 第 162 行.
NOTIC: [8] Undefined variable: new F:\Software\wampInstall\www\SingCms\Application\Runtime\Cache\Admin\88014eeacc2e3d16986256918cc5cc2e.php 第 163 行.
NOTIC: [8] Undefined variable: new F:\Software\wampInstall\www\SingCms\Application\Runtime\Cache\Admin\88014eeacc2e3d16986256918cc5cc2e.php 第 166 行.
NOTIC: [8] Undefined variable: new F:\Software\wampInstall\www\SingCms\Application\Runtime\Cache\Admin\88014eeacc2e3d16986256918cc5cc2e.php 第 162 行.
NOTIC: [8] Undefined variable: new F:\Software\wampInstall\www\SingCms\Application\Runtime\Cache\Admin\88014eeacc2e3d16986256918cc5cc2e.php 第 163 行.
NOTIC: [8] Undefined variable: new F:\Software\wampInstall\www\SingCms\Application\Runtime\Cache\Admin\88014eeacc2e3d16986256918cc5cc2e.php 第 166 行.
NOTIC: [8] Undefined variable: new F:\Software\wampInstall\www\SingCms\Application\Runtime\Cache\Admin\88014eeacc2e3d16986256918cc5cc2e.php 第 162 行.
NOTIC: [8] Undefined variable: new F:\Software\wampInstall\www\SingCms\Application\Runtime\Cache\Admin\88014eeacc2e3d16986256918cc5cc2e.php 第 163 行.
NOTIC: [8] Undefined variable: new F:\Software\wampInstall\www\SingCms\Application\Runtime\Cache\Admin\88014eeacc2e3d16986256918cc5cc2e.php 第 166 行.
NOTIC: [8] Undefined variable: new F:\Software\wampInstall\www\SingCms\Application\Runtime\Cache\Admin\88014eeacc2e3d16986256918cc5cc2e.php 第 162 行.
NOTIC: [8] Undefined variable: new F:\Software\wampInstall\www\SingCms\Application\Runtime\Cache\Admin\88014eeacc2e3d16986256918cc5cc2e.php 第 163 行.
NOTIC: [8] Undefined variable: new F:\Software\wampInstall\www\SingCms\Application\Runtime\Cache\Admin\88014eeacc2e3d16986256918cc5cc2e.php 第 166 行.
NOTIC: [8] Undefined variable: new F:\Software\wampInstall\www\SingCms\Application\Runtime\Cache\Admin\88014eeacc2e3d16986256918cc5cc2e.php 第 162 行.
NOTIC: [8] Undefined variable: new F:\Software\wampInstall\www\SingCms\Application\Runtime\Cache\Admin\88014eeacc2e3d16986256918cc5cc2e.php 第 163 行.
NOTIC: [8] Undefined variable: new F:\Software\wampInstall\www\SingCms\Application\Runtime\Cache\Admin\88014eeacc2e3d16986256918cc5cc2e.php 第 166 行.
NOTIC: [8] Undefined variable: pageres F:\Software\wampInstall\www\SingCms\Application\Runtime\Cache\Admin\88014eeacc2e3d16986256918cc5cc2e.php 第 176 行.
NOTIC: [8] Undefined variable: positions F:\Software\wampInstall\www\SingCms\Application\Runtime\Cache\Admin\88014eeacc2e3d16986256918cc5cc2e.php 第 187 行.
INFO: Run Behavior\ParseTemplateBehavior [ RunTime:1.725098s ]
INFO: [ view_parse ] --END-- [ RunTime:1.725098s ]
INFO: [ view_filter ] --START--
INFO: Run Behavior\WriteHtmlCacheBehavior [ RunTime:0.001001s ]
INFO: [ view_filter ] --END-- [ RunTime:0.001001s ]
INFO: [ app_end ] --START--
INFO: Run Behavior\ShowPageTraceBehavior [ RunTime:0.002000s ]
INFO: [ app_end ] --END-- [ RunTime:0.003000s ]

[ 2017-06-21T23:20:18+08:00 ] 127.0.0.1 /SingCms/admin.php?c=customer
INFO: [ app_init ] --START--
INFO: Run Behavior\BuildLiteBehavior [ RunTime:0.000000s ]
INFO: [ app_init ] --END-- [ RunTime:0.001000s ]
INFO: [ app_begin ] --START--
INFO: Run Behavior\ReadHtmlCacheBehavior [ RunTime:0.002001s ]
INFO: [ app_begin ] --END-- [ RunTime:0.002001s ]
NOTIC: [8] Undefined index: p F:\Software\wampInstall\www\SingCms\Application\Admin\Controller\CustomerController.class.php 第 13 行.
NOTIC: [8] Undefined index: customer_name F:\Software\wampInstall\www\SingCms\Application\Admin\Controller\CustomerController.class.php 第 17 行.
SQL: SHOW COLUMNS FROM `cms_customer` [ RunTime:0.7160s ]
NOTIC: [8] Undefined variable: data F:\Software\wampInstall\www\SingCms\Application\Admin\Controller\CustomerController.class.php 第 21 行.
SQL: SELECT * FROM `cms_customer` ORDER BY id desc LIMIT 0,10   [ RunTime:0.8180s ]
INFO: [ view_parse ] --START--
INFO: [ template_filter ] --START--
INFO: Run Behavior\ContentReplaceBehavior [ RunTime:0.000000s ]
INFO: [ template_filter ] --END-- [ RunTime:0.001000s ]
NOTIC: [2048] Declaration of Common\Model\MenuModel::find() should be compatible with Think\Model::find($options = Array) F:\Software\wampInstall\www\SingCms\Application\Common\Model\MenuModel.class.php 第 92 行.
SQL: SHOW COLUMNS FROM `cms_menu` [ RunTime:0.7690s ]
SQL: SELECT * FROM `cms_menu` WHERE `status` <> -1 AND `type` = 1 ORDER BY listorder desc,menu_id desc  [ RunTime:0.7340s ]
NOTIC: [8] Undefined index: a F:\Software\wampInstall\www\SingCms\Application\Common\Common\function.php 第 33 行.
NOTIC: [8] Undefined index: a F:\Software\wampInstall\www\SingCms\Application\Common\Common\function.php 第 33 行.
NOTIC: [8] Undefined index: a F:\Software\wampInstall\www\SingCms\Application\Common\Common\function.php 第 33 行.
NOTIC: [8] Undefined index: a F:\Software\wampInstall\www\SingCms\Application\Common\Common\function.php 第 33 行.
NOTIC: [8] Undefined index: a F:\Software\wampInstall\www\SingCms\Application\Common\Common\function.php 第 33 行.
NOTIC: [8] Undefined variable: new F:\Software\wampInstall\www\SingCms\Application\Runtime\Cache\Admin\88014eeacc2e3d16986256918cc5cc2e.php 第 162 行.
NOTIC: [8] Undefined variable: new F:\Software\wampInstall\www\SingCms\Application\Runtime\Cache\Admin\88014eeacc2e3d16986256918cc5cc2e.php 第 163 行.
NOTIC: [8] Undefined variable: new F:\Software\wampInstall\www\SingCms\Application\Runtime\Cache\Admin\88014eeacc2e3d16986256918cc5cc2e.php 第 166 行.
NOTIC: [8] Undefined variable: new F:\Software\wampInstall\www\SingCms\Application\Runtime\Cache\Admin\88014eeacc2e3d16986256918cc5cc2e.php 第 162 行.
NOTIC: [8] Undefined variable: new F:\Software\wampInstall\www\SingCms\Application\Runtime\Cache\Admin\88014eeacc2e3d16986256918cc5cc2e.php 第 163 行.
NOTIC: [8] Undefined variable: new F:\Software\wampInstall\www\SingCms\Application\Runtime\Cache\Admin\88014eeacc2e3d16986256918cc5cc2e.php 第 166 行.
NOTIC: [8] Undefined variable: new F:\Software\wampInstall\www\SingCms\Application\Runtime\Cache\Admin\88014eeacc2e3d16986256918cc5cc2e.php 第 162 行.
NOTIC: [8] Undefined variable: new F:\Software\wampInstall\www\SingCms\Application\Runtime\Cache\Admin\88014eeacc2e3d16986256918cc5cc2e.php 第 163 行.
NOTIC: [8] Undefined variable: new F:\Software\wampInstall\www\SingCms\Application\Runtime\Cache\Admin\88014eeacc2e3d16986256918cc5cc2e.php 第 166 行.
NOTIC: [8] Undefined variable: new F:\Software\wampInstall\www\SingCms\Application\Runtime\Cache\Admin\88014eeacc2e3d16986256918cc5cc2e.php 第 162 行.
NOTIC: [8] Undefined variable: new F:\Software\wampInstall\www\SingCms\Application\Runtime\Cache\Admin\88014eeacc2e3d16986256918cc5cc2e.php 第 163 行.
NOTIC: [8] Undefined variable: new F:\Software\wampInstall\www\SingCms\Application\Runtime\Cache\Admin\88014eeacc2e3d16986256918cc5cc2e.php 第 166 行.
NOTIC: [8] Undefined variable: new F:\Software\wampInstall\www\SingCms\Application\Runtime\Cache\Admin\88014eeacc2e3d16986256918cc5cc2e.php 第 162 行.
NOTIC: [8] Undefined variable: new F:\Software\wampInstall\www\SingCms\Application\Runtime\Cache\Admin\88014eeacc2e3d16986256918cc5cc2e.php 第 163 行.
NOTIC: [8] Undefined variable: new F:\Software\wampInstall\www\SingCms\Application\Runtime\Cache\Admin\88014eeacc2e3d16986256918cc5cc2e.php 第 166 行.
NOTIC: [8] Undefined variable: new F:\Software\wampInstall\www\SingCms\Application\Runtime\Cache\Admin\88014eeacc2e3d16986256918cc5cc2e.php 第 162 行.
NOTIC: [8] Undefined variable: new F:\Software\wampInstall\www\SingCms\Application\Runtime\Cache\Admin\88014eeacc2e3d16986256918cc5cc2e.php 第 163 行.
NOTIC: [8] Undefined variable: new F:\Software\wampInstall\www\SingCms\Application\Runtime\Cache\Admin\88014eeacc2e3d16986256918cc5cc2e.php 第 166 行.
NOTIC: [8] Undefined variable: new F:\Software\wampInstall\www\SingCms\Application\Runtime\Cache\Admin\88014eeacc2e3d16986256918cc5cc2e.php 第 162 行.
NOTIC: [8] Undefined variable: new F:\Software\wampInstall\www\SingCms\Application\Runtime\Cache\Admin\88014eeacc2e3d16986256918cc5cc2e.php 第 163 行.
NOTIC: [8] Undefined variable: new F:\Software\wampInstall\www\SingCms\Application\Runtime\Cache\Admin\88014eeacc2e3d16986256918cc5cc2e.php 第 166 行.
NOTIC: [8] Undefined variable: pageres F:\Software\wampInstall\www\SingCms\Application\Runtime\Cache\Admin\88014eeacc2e3d16986256918cc5cc2e.php 第 176 行.
NOTIC: [8] Undefined variable: positions F:\Software\wampInstall\www\SingCms\Application\Runtime\Cache\Admin\88014eeacc2e3d16986256918cc5cc2e.php 第 187 行.
INFO: Run Behavior\ParseTemplateBehavior [ RunTime:1.558089s ]
INFO: [ view_parse ] --END-- [ RunTime:1.558089s ]
INFO: [ view_filter ] --START--
INFO: Run Behavior\WriteHtmlCacheBehavior [ RunTime:0.002000s ]
INFO: [ view_filter ] --END-- [ RunTime:0.002000s ]
INFO: [ app_end ] --START--
INFO: Run Behavior\ShowPageTraceBehavior [ RunTime:0.002000s ]
INFO: [ app_end ] --END-- [ RunTime:0.002000s ]

