[ 2017-06-13T14:18:05+08:00 ] 127.0.0.1 /SingCms/?m=YcHome&c=index&a=index
INFO: [ app_init ] --START--
INFO: Run Behavior\BuildLiteBehavior [ RunTime:0.000000s ]
INFO: [ app_init ] --END-- [ RunTime:0.000000s ]
INFO: [ app_begin ] --START--
INFO: Run Behavior\ReadHtmlCacheBehavior [ RunTime:0.000000s ]
INFO: [ app_begin ] --END-- [ RunTime:0.000000s ]
NOTIC: [2048] Declaration of Common\Model\NewsModel::find() should be compatible with Think\Model::find($options = Array) D:\wampInstall\www\SingCms\Application\Common\Model\NewsModel.class.php 第 9 行.
SQL: SHOW COLUMNS FROM `cms_news` [ RunTime:0.0080s ]
SQL: SELECT * FROM `cms_news` WHERE `catid` = 3 AND `status` <> -1 ORDER BY listorder desc ,news_id desc LIMIT 0,3   [ RunTime:0.0100s ]
SQL: SELECT * FROM `cms_news` WHERE `catid` = 4 AND `status` <> -1 ORDER BY listorder desc ,news_id desc LIMIT 0,4   [ RunTime:0.0000s ]
SQL: SHOW COLUMNS FROM `cms_product_classify` [ RunTime:0.0170s ]
SQL: SELECT * FROM `cms_product_classify` ORDER BY id desc LIMIT 0,9   [ RunTime:0.0000s ]
SQL: SHOW COLUMNS FROM `cms_product` [ RunTime:0.0150s ]
SQL: SELECT * FROM `cms_product` ORDER BY id desc LIMIT 0,9   [ RunTime:0.0000s ]
SQL: SELECT * FROM `cms_product` ORDER BY id desc LIMIT 9,9   [ RunTime:0.0010s ]
SQL: SHOW COLUMNS FROM `cms_customer` [ RunTime:0.0090s ]
SQL: SELECT * FROM `cms_customer` ORDER BY id desc LIMIT 0,1   [ RunTime:0.0010s ]
SQL: SELECT * FROM `cms_customer` ORDER BY id desc LIMIT 0,5   [ RunTime:0.0000s ]
INFO: [ view_parse ] --START--
INFO: [ template_filter ] --START--
INFO: Run Behavior\ContentReplaceBehavior [ RunTime:0.000000s ]
INFO: [ template_filter ] --END-- [ RunTime:0.001000s ]
INFO: Run Behavior\ParseTemplateBehavior [ RunTime:0.021000s ]
INFO: [ view_parse ] --END-- [ RunTime:0.021000s ]
INFO: [ view_filter ] --START--
INFO: Run Behavior\WriteHtmlCacheBehavior [ RunTime:0.000000s ]
INFO: [ view_filter ] --END-- [ RunTime:0.000000s ]
INFO: [ app_end ] --START--
INFO: Run Behavior\ShowPageTraceBehavior [ RunTime:0.000000s ]
INFO: [ app_end ] --END-- [ RunTime:0.000000s ]

[ 2017-06-13T14:18:10+08:00 ] 127.0.0.1 /SingCms/?m=YcHome&c=Product&a=index
INFO: [ app_init ] --START--
INFO: Run Behavior\BuildLiteBehavior [ RunTime:0.000000s ]
INFO: [ app_init ] --END-- [ RunTime:0.000000s ]
INFO: [ app_begin ] --START--
INFO: Run Behavior\ReadHtmlCacheBehavior [ RunTime:0.001000s ]
INFO: [ app_begin ] --END-- [ RunTime:0.001000s ]
NOTIC: [8] Undefined index: id D:\wampInstall\www\SingCms\Application\YcHome\Controller\ProductController.class.php 第 7 行.
SQL: SHOW COLUMNS FROM `cms_product_classify` [ RunTime:0.0020s ]
SQL: SELECT * FROM `cms_product_classify` ORDER BY id desc LIMIT 0,9   [ RunTime:0.0000s ]
SQL: SHOW COLUMNS FROM `cms_product` [ RunTime:0.0030s ]
SQL: SELECT * FROM `cms_product` WHERE `product_classify_id` = 16 ORDER BY id desc LIMIT 0,10   [ RunTime:0.0000s ]
INFO: [ view_parse ] --START--
INFO: [ template_filter ] --START--
INFO: Run Behavior\ContentReplaceBehavior [ RunTime:0.000000s ]
INFO: [ template_filter ] --END-- [ RunTime:0.000000s ]
INFO: Run Behavior\ParseTemplateBehavior [ RunTime:0.012000s ]
INFO: [ view_parse ] --END-- [ RunTime:0.012000s ]
INFO: [ view_filter ] --START--
INFO: Run Behavior\WriteHtmlCacheBehavior [ RunTime:0.001000s ]
INFO: [ view_filter ] --END-- [ RunTime:0.001000s ]
INFO: [ app_end ] --START--
INFO: Run Behavior\ShowPageTraceBehavior [ RunTime:0.001000s ]
INFO: [ app_end ] --END-- [ RunTime:0.001000s ]

[ 2017-06-13T14:18:13+08:00 ] 127.0.0.1 /SingCms/?m=YcHome&c=Product&a=index&id=15
INFO: [ app_init ] --START--
INFO: Run Behavior\BuildLiteBehavior [ RunTime:0.000000s ]
INFO: [ app_init ] --END-- [ RunTime:0.001000s ]
INFO: [ app_begin ] --START--
INFO: Run Behavior\ReadHtmlCacheBehavior [ RunTime:0.000000s ]
INFO: [ app_begin ] --END-- [ RunTime:0.001000s ]
SQL: SHOW COLUMNS FROM `cms_product_classify` [ RunTime:0.0020s ]
SQL: SELECT * FROM `cms_product_classify` ORDER BY id desc LIMIT 0,9   [ RunTime:0.0000s ]
SQL: SHOW COLUMNS FROM `cms_product` [ RunTime:0.0030s ]
SQL: SELECT * FROM `cms_product` WHERE `product_classify_id` = 15 ORDER BY id desc LIMIT 0,10   [ RunTime:0.0000s ]
INFO: [ view_parse ] --START--
INFO: [ template_filter ] --START--
INFO: Run Behavior\ContentReplaceBehavior [ RunTime:0.000000s ]
INFO: [ template_filter ] --END-- [ RunTime:0.000000s ]
INFO: Run Behavior\ParseTemplateBehavior [ RunTime:0.012000s ]
INFO: [ view_parse ] --END-- [ RunTime:0.012000s ]
INFO: [ view_filter ] --START--
INFO: Run Behavior\WriteHtmlCacheBehavior [ RunTime:0.000000s ]
INFO: [ view_filter ] --END-- [ RunTime:0.000000s ]
INFO: [ app_end ] --START--
INFO: Run Behavior\ShowPageTraceBehavior [ RunTime:0.001000s ]
INFO: [ app_end ] --END-- [ RunTime:0.001000s ]

[ 2017-06-13T14:18:14+08:00 ] 127.0.0.1 /SingCms/?m=YcHome&c=Product&a=index&id=14
INFO: [ app_init ] --START--
INFO: Run Behavior\BuildLiteBehavior [ RunTime:0.000000s ]
INFO: [ app_init ] --END-- [ RunTime:0.001000s ]
INFO: [ app_begin ] --START--
INFO: Run Behavior\ReadHtmlCacheBehavior [ RunTime:0.000000s ]
INFO: [ app_begin ] --END-- [ RunTime:0.001000s ]
SQL: SHOW COLUMNS FROM `cms_product_classify` [ RunTime:0.0040s ]
SQL: SELECT * FROM `cms_product_classify` ORDER BY id desc LIMIT 0,9   [ RunTime:0.0010s ]
SQL: SHOW COLUMNS FROM `cms_product` [ RunTime:0.0030s ]
SQL: SELECT * FROM `cms_product` WHERE `product_classify_id` = 14 ORDER BY id desc LIMIT 0,10   [ RunTime:0.0010s ]
INFO: [ view_parse ] --START--
INFO: [ template_filter ] --START--
INFO: Run Behavior\ContentReplaceBehavior [ RunTime:0.000000s ]
INFO: [ template_filter ] --END-- [ RunTime:0.001000s ]
INFO: Run Behavior\ParseTemplateBehavior [ RunTime:0.016000s ]
INFO: [ view_parse ] --END-- [ RunTime:0.016000s ]
INFO: [ view_filter ] --START--
INFO: Run Behavior\WriteHtmlCacheBehavior [ RunTime:0.000000s ]
INFO: [ view_filter ] --END-- [ RunTime:0.000000s ]
INFO: [ app_end ] --START--
INFO: Run Behavior\ShowPageTraceBehavior [ RunTime:0.000000s ]
INFO: [ app_end ] --END-- [ RunTime:0.002000s ]

[ 2017-06-13T14:18:16+08:00 ] 127.0.0.1 /SingCms/?m=YcHome&c=Product&a=index&id=8
INFO: [ app_init ] --START--
INFO: Run Behavior\BuildLiteBehavior [ RunTime:0.000000s ]
INFO: [ app_init ] --END-- [ RunTime:0.001000s ]
INFO: [ app_begin ] --START--
INFO: Run Behavior\ReadHtmlCacheBehavior [ RunTime:0.000000s ]
INFO: [ app_begin ] --END-- [ RunTime:0.000000s ]
SQL: SHOW COLUMNS FROM `cms_product_classify` [ RunTime:0.0030s ]
SQL: SELECT * FROM `cms_product_classify` ORDER BY id desc LIMIT 0,9   [ RunTime:0.0000s ]
SQL: SHOW COLUMNS FROM `cms_product` [ RunTime:0.0030s ]
SQL: SELECT * FROM `cms_product` WHERE `product_classify_id` = 8 ORDER BY id desc LIMIT 0,10   [ RunTime:0.0000s ]
INFO: [ view_parse ] --START--
INFO: [ template_filter ] --START--
INFO: Run Behavior\ContentReplaceBehavior [ RunTime:0.000000s ]
INFO: [ template_filter ] --END-- [ RunTime:0.000000s ]
INFO: Run Behavior\ParseTemplateBehavior [ RunTime:0.012000s ]
INFO: [ view_parse ] --END-- [ RunTime:0.012000s ]
INFO: [ view_filter ] --START--
INFO: Run Behavior\WriteHtmlCacheBehavior [ RunTime:0.000000s ]
INFO: [ view_filter ] --END-- [ RunTime:0.001000s ]
INFO: [ app_end ] --START--
INFO: Run Behavior\ShowPageTraceBehavior [ RunTime:0.000000s ]
INFO: [ app_end ] --END-- [ RunTime:0.000000s ]

[ 2017-06-13T14:18:18+08:00 ] 127.0.0.1 /SingCms/?m=YcHome&c=Product&a=index&id=9
INFO: [ app_init ] --START--
INFO: Run Behavior\BuildLiteBehavior [ RunTime:0.000000s ]
INFO: [ app_init ] --END-- [ RunTime:0.001000s ]
INFO: [ app_begin ] --START--
INFO: Run Behavior\ReadHtmlCacheBehavior [ RunTime:0.001000s ]
INFO: [ app_begin ] --END-- [ RunTime:0.002000s ]
SQL: SHOW COLUMNS FROM `cms_product_classify` [ RunTime:0.0030s ]
SQL: SELECT * FROM `cms_product_classify` ORDER BY id desc LIMIT 0,9   [ RunTime:0.0000s ]
SQL: SHOW COLUMNS FROM `cms_product` [ RunTime:0.0020s ]
SQL: SELECT * FROM `cms_product` WHERE `product_classify_id` = 9 ORDER BY id desc LIMIT 0,10   [ RunTime:0.0010s ]
INFO: [ view_parse ] --START--
INFO: [ template_filter ] --START--
INFO: Run Behavior\ContentReplaceBehavior [ RunTime:0.000000s ]
INFO: [ template_filter ] --END-- [ RunTime:0.000000s ]
INFO: Run Behavior\ParseTemplateBehavior [ RunTime:0.014000s ]
INFO: [ view_parse ] --END-- [ RunTime:0.014000s ]
INFO: [ view_filter ] --START--
INFO: Run Behavior\WriteHtmlCacheBehavior [ RunTime:0.000000s ]
INFO: [ view_filter ] --END-- [ RunTime:0.000000s ]
INFO: [ app_end ] --START--
INFO: Run Behavior\ShowPageTraceBehavior [ RunTime:0.000000s ]
INFO: [ app_end ] --END-- [ RunTime:0.000000s ]

[ 2017-06-13T14:18:19+08:00 ] 127.0.0.1 /SingCms/?m=YcHome&c=Product&a=toinform&id=28
INFO: [ app_init ] --START--
INFO: Run Behavior\BuildLiteBehavior [ RunTime:0.000000s ]
INFO: [ app_init ] --END-- [ RunTime:0.001000s ]
INFO: [ app_begin ] --START--
INFO: Run Behavior\ReadHtmlCacheBehavior [ RunTime:0.001000s ]
INFO: [ app_begin ] --END-- [ RunTime:0.001000s ]
SQL: SHOW COLUMNS FROM `cms_product` [ RunTime:0.0020s ]
SQL: SELECT * FROM `cms_product` WHERE ( id=28 ) LIMIT 1   [ RunTime:0.0000s ]
INFO: [ view_parse ] --START--
INFO: [ template_filter ] --START--
INFO: Run Behavior\ContentReplaceBehavior [ RunTime:0.000000s ]
INFO: [ template_filter ] --END-- [ RunTime:0.000000s ]
INFO: Run Behavior\ParseTemplateBehavior [ RunTime:0.008000s ]
INFO: [ view_parse ] --END-- [ RunTime:0.008000s ]
INFO: [ view_filter ] --START--
INFO: Run Behavior\WriteHtmlCacheBehavior [ RunTime:0.001000s ]
INFO: [ view_filter ] --END-- [ RunTime:0.001000s ]
INFO: [ app_end ] --START--
INFO: Run Behavior\ShowPageTraceBehavior [ RunTime:0.001000s ]
INFO: [ app_end ] --END-- [ RunTime:0.001000s ]

[ 2017-06-13T14:18:23+08:00 ] 127.0.0.1 /SingCms/?m=YcHome&c=News&a=index&catid=3
INFO: [ app_init ] --START--
INFO: Run Behavior\BuildLiteBehavior [ RunTime:0.000000s ]
INFO: [ app_init ] --END-- [ RunTime:0.001000s ]
INFO: [ app_begin ] --START--
INFO: Run Behavior\ReadHtmlCacheBehavior [ RunTime:0.001000s ]
INFO: [ app_begin ] --END-- [ RunTime:0.001000s ]
NOTIC: [8] Undefined index: page D:\wampInstall\www\SingCms\Application\YcHome\Controller\NewsController.class.php 第 12 行.
NOTIC: [2048] Declaration of Common\Model\NewsModel::find() should be compatible with Think\Model::find($options = Array) D:\wampInstall\www\SingCms\Application\Common\Model\NewsModel.class.php 第 9 行.
SQL: SHOW COLUMNS FROM `cms_news` [ RunTime:0.0030s ]
SQL: SELECT * FROM `cms_news` WHERE `catid` = 3 AND `status` <> -1 ORDER BY listorder desc ,news_id desc LIMIT 0,15   [ RunTime:0.0000s ]
SQL: SELECT COUNT(*) AS tp_count FROM `cms_news` WHERE `catid` = 3 AND `status` <> -1 LIMIT 1   [ RunTime:0.0000s ]
INFO: [ view_parse ] --START--
INFO: [ template_filter ] --START--
INFO: Run Behavior\ContentReplaceBehavior [ RunTime:0.000000s ]
INFO: [ template_filter ] --END-- [ RunTime:0.000000s ]
INFO: Run Behavior\ParseTemplateBehavior [ RunTime:0.011000s ]
INFO: [ view_parse ] --END-- [ RunTime:0.011000s ]
INFO: [ view_filter ] --START--
INFO: Run Behavior\WriteHtmlCacheBehavior [ RunTime:0.000000s ]
INFO: [ view_filter ] --END-- [ RunTime:0.000000s ]
INFO: [ app_end ] --START--
INFO: Run Behavior\ShowPageTraceBehavior [ RunTime:0.001000s ]
INFO: [ app_end ] --END-- [ RunTime:0.001000s ]

[ 2017-06-13T14:18:25+08:00 ] 127.0.0.1 /SingCms/?m=YcHome&c=Index&a=index
INFO: [ app_init ] --START--
INFO: Run Behavior\BuildLiteBehavior [ RunTime:0.000000s ]
INFO: [ app_init ] --END-- [ RunTime:0.001000s ]
INFO: [ app_begin ] --START--
INFO: Run Behavior\ReadHtmlCacheBehavior [ RunTime:0.001000s ]
INFO: [ app_begin ] --END-- [ RunTime:0.001000s ]
NOTIC: [2048] Declaration of Common\Model\NewsModel::find() should be compatible with Think\Model::find($options = Array) D:\wampInstall\www\SingCms\Application\Common\Model\NewsModel.class.php 第 9 行.
SQL: SHOW COLUMNS FROM `cms_news` [ RunTime:0.0040s ]
SQL: SELECT * FROM `cms_news` WHERE `catid` = 3 AND `status` <> -1 ORDER BY listorder desc ,news_id desc LIMIT 0,3   [ RunTime:0.0010s ]
SQL: SELECT * FROM `cms_news` WHERE `catid` = 4 AND `status` <> -1 ORDER BY listorder desc ,news_id desc LIMIT 0,4   [ RunTime:0.0000s ]
SQL: SHOW COLUMNS FROM `cms_product_classify` [ RunTime:0.0040s ]
SQL: SELECT * FROM `cms_product_classify` ORDER BY id desc LIMIT 0,9   [ RunTime:0.0010s ]
SQL: SHOW COLUMNS FROM `cms_product` [ RunTime:0.0040s ]
SQL: SELECT * FROM `cms_product` ORDER BY id desc LIMIT 0,9   [ RunTime:0.0010s ]
SQL: SELECT * FROM `cms_product` ORDER BY id desc LIMIT 9,9   [ RunTime:0.0010s ]
SQL: SHOW COLUMNS FROM `cms_customer` [ RunTime:0.0040s ]
SQL: SELECT * FROM `cms_customer` ORDER BY id desc LIMIT 0,1   [ RunTime:0.0000s ]
SQL: SELECT * FROM `cms_customer` ORDER BY id desc LIMIT 0,5   [ RunTime:0.0000s ]
INFO: [ view_parse ] --START--
INFO: [ template_filter ] --START--
INFO: Run Behavior\ContentReplaceBehavior [ RunTime:0.001000s ]
INFO: [ template_filter ] --END-- [ RunTime:0.001000s ]
INFO: Run Behavior\ParseTemplateBehavior [ RunTime:0.033000s ]
INFO: [ view_parse ] --END-- [ RunTime:0.033000s ]
INFO: [ view_filter ] --START--
INFO: Run Behavior\WriteHtmlCacheBehavior [ RunTime:0.000000s ]
INFO: [ view_filter ] --END-- [ RunTime:0.001000s ]
INFO: [ app_end ] --START--
INFO: Run Behavior\ShowPageTraceBehavior [ RunTime:0.001000s ]
INFO: [ app_end ] --END-- [ RunTime:0.001000s ]

